#
# A fatal error has been detected by the Java Runtime Environment:
#
#  SIGSEGV (0xb) at pc=0x00007f2461c65b21, pid=217581, tid=217653
#
# JRE version: OpenJDK Runtime Environment (21.0.10+7) (build 21.0.10+7)
# Java VM: OpenJDK 64-Bit Server VM (21.0.10+7, mixed mode, sharing, tiered, compressed oops, compressed class ptrs, g1 gc, linux-amd64)
# Problematic frame:
# C  [libavcodec.so.61+0x665b21]  av_parser_close+0x11
#
# Core dump will be written. Default location: Core dumps may be processed with "/usr/lib/systemd/systemd-coredump %P %u %g %s %t %c %h %d %F" (or dumping to /home/sondsky/code/MardukAudioCore/core.217581)
#
# If you would like to submit a bug report, please visit:
#   https://bugreport.java.com/bugreport/crash.jsp
# The crash happened outside the Java Virtual Machine in native code.
# See problematic frame for where to report the bug.
#

---------------  S U M M A R Y ------------

Command Line: -javaagent:/usr/share/idea/lib/idea_rt.jar=34001 -Dfile.encoding=UTF-8 -Dsun.stdout.encoding=UTF-8 -Dsun.stderr.encoding=UTF-8 Main

Host: AMD Ryzen 7 5800HS with Radeon Graphics, 16 cores, 15G, Garuda Linux Broadwing
Time: Fri Mar 27 14:32:01 2026 -03 elapsed time: 5.199583 seconds (0d 0h 0m 5s)

---------------  T H R E A D  ---------------

Current thread (0x00007f2464089ff0):  JavaThread "Thread-2"         [_thread_in_native, id=217653, stack(0x00007f24fddff000,0x00007f24fdeff000) (1024K)]

Stack: [0x00007f24fddff000,0x00007f24fdeff000],  sp=0x00007f24fdefd6a0,  free space=1017k
Native frames: (J=compiled Java code, j=interpreted, Vv=VM code, C=native code)
C  [libavcodec.so.61+0x665b21]  av_parser_close+0x11
Java frames: (J=compiled Java code, j=interpreted, Vv=VM code)
j  org.bytedeco.ffmpeg.global.avformat.avformat_close_input(Lorg/bytedeco/ffmpeg/avformat/AVFormatContext;)V+0
j  utils.FFmpegAudioDecoder.close()V+67
j  engine.FFmpegAudioEngine.internalStop()V+98
j  engine.FFmpegAudioEngine.lambda$stop$0()V+7
j  engine.FFmpegAudioEngine$$Lambda+0x00007f24b0036898.run()V+4
j  java.lang.Thread.runWith(Ljava/lang/Object;Ljava/lang/Runnable;)V+5 java.base@21.0.10
j  java.lang.Thread.run()V+19 java.base@21.0.10
v  ~StubRoutines::call_stub 0x00007f251785fcc6

siginfo: si_signo: 11 (SIGSEGV), si_code: 128 (SI_KERNEL), si_addr: 0x0000000000000000

Registers:
RAX=0x4dddfb9294214f68, RBX=0x0000000000000001, RCX=0x0000000000000001, RDX=0x0000000000000000
RSP=0x00007f24fdefd6a0, RBP=0x00007f24641e2e40, RSI=0x00007f24fd00e260, RDI=0x00007f24641e2e40
R8 =0x0000000000000000, R9 =0x000000071dcddbb0, R10=0x0000000000000000, R11=0x00007f2461c65b10
R12=0x00007f24641e3340, R13=0x00007f24ab5639f0, R14=0x00007f24fdefd7c0, R15=0x00007f2464089ff0
RIP=0x00007f2461c65b21, EFLAGS=0x0000000000010202, CSGSFS=0x002b000000000033, ERR=0x0000000000000000
  TRAPNO=0x000000000000000d

XMM[0]=0x0000000000000000 0x0000000000000000
XMM[1]=0x00007f247801a210 0x00007f247801a200
XMM[2]=0x0025000000000000 0x0000325f74786574
XMM[3]=0x0000000000000000 0x0000325f74786574
XMM[4]=0x0000000000000025 0x0000000000000000
XMM[5]=0x6c2f34365f363878 0x2d78756e696c2f67
XMM[6]=0x65706d66662f6f63 0x6564657479622f67
XMM[7]=0x726f2f72616a2e34 0x365f3638782d7875
XMM[8]=0x0100060020000110 0x00000000b1010000
XMM[9]=0x78e0770878e07708 0x78e077080fe289a6
XMM[10]=0x0000000000000000 0x000000009702129e
XMM[11]=0x9344e4679344e467 0x9344e467a3276e0d
XMM[12]=0x0000000000000000 0x000000000fe289a6
XMM[13]=0x00007f24642483f0 0x00007f24642483f0
XMM[14]=0x00007f24642483e0 0x00007f24642483e0
XMM[15]=0x0000000000000000 0x0000000000000000
  MXCSR=0x00001fa2


Register to memory mapping:

RAX=0x4dddfb9294214f68 is an unknown value
RBX=0x0000000000000001 is an unknown value
RCX=0x0000000000000001 is an unknown value
RDX=0x0 is null
RSP=0x00007f24fdefd6a0 is pointing into the stack for thread: 0x00007f2464089ff0
RBP=0x00007f24641e2e40 points into unknown readable memory: 0x00007f2396611fa2 | a2 1f 61 96 23 7f 00 00
RSI=0x00007f24fd00e260: <offset 0x0000000000a0e260> in /home/sondsky/.javacpp/cache/ffmpeg-7.1-1.5.11-linux-x86_64.jar/org/bytedeco/ffmpeg/linux-x86_64/libavformat.so.61 at 0x00007f24fc600000
RDI=0x00007f24641e2e40 points into unknown readable memory: 0x00007f2396611fa2 | a2 1f 61 96 23 7f 00 00
R8 =0x0 is null
R9 =0x000000071dcddbb0 is an oop: org.bytedeco.ffmpeg.avformat.AVFormatContext 
{0x000000071dcddbb0} - klass: 'org/bytedeco/ffmpeg/avformat/AVFormatContext'
 - ---- fields (total size 6 words):
 - private 'deallocator' 'Lorg/bytedeco/javacpp/Pointer$Deallocator;' @12  null (0x00000000)
 - protected 'address' 'J' @16  0 (0x0000000000000000)
 - protected 'position' 'J' @24  0 (0x0000000000000000)
 - protected 'limit' 'J' @32  0 (0x0000000000000000)
 - protected 'capacity' 'J' @40  0 (0x0000000000000000)
R10=0x0 is null
R11=0x00007f2461c65b10: av_parser_close+0x0000000000000000 in /home/sondsky/.javacpp/cache/ffmpeg-7.1-1.5.11-linux-x86_64.jar/org/bytedeco/ffmpeg/linux-x86_64/libavcodec.so.61 at 0x00007f2461600000
R12=0x00007f24641e3340 points into unknown readable memory: 0x00007f24641e2810 | 10 28 1e 64 24 7f 00 00
R13=0x00007f24ab5639f0 is pointing into metadata
R14=0x00007f24fdefd7c0 is pointing into the stack for thread: 0x00007f2464089ff0
R15=0x00007f2464089ff0 is a thread

Top of Stack: (sp=0x00007f24fdefd6a0)
0x00007f24fdefd6a0:   00007f24641e3780 00007f24fc703270
0x00007f24fdefd6b0:   0000000000000001 00007f24641e2580
0x00007f24fdefd6c0:   00007f24641eb1c0 00007f24fc7035e2
0x00007f24fdefd6d0:   00007f2464089ff0 00007f24fdefd720
0x00007f24fdefd6e0:   00007f24641e2580 00007f24641eb1c0
0x00007f24fdefd6f0:   00007f24ab5639f0 00007f24fc72efb3
0x00007f24fdefd700:   0000000000000000 00007f246408a3b0
0x00007f24fdefd710:   00007f24fdefd7c0 00007f24fd2eeecc
0x00007f24fdefd720:   00007f24641e2580 aa5926b29f7af200
0x00007f24fdefd730:   00007f24ab563a00 00007f24fdefd7a0
0x00007f24fdefd740:   0000000000000000 00007f251786b9c0
0x00007f24fdefd750:   0000000000000000 00007f24fdefd758
0x00007f24fdefd760:   00007f24ab5639f0 0000000000000004
0x00007f24fdefd770:   00007f24ab568ff0 0000000000000000
0x00007f24fdefd780:   0000000710000000 00007f24ab563a00
0x00007f24fdefd790:   0000000000000000 00007f24fdefd7c0
0x00007f24fdefd7a0:   00007f24fdefd810 00007f2517867180
0x00007f24fdefd7b0:   0000000710000000 00007f2517868fd7
0x00007f24fdefd7c0:   000000071000cfe8 00007f24fdefd7c8
0x00007f24fdefd7d0:   00007f24ab410d5b 0000000000000002
0x00007f24fdefd7e0:   00007f24ab418180 0000000000000000
0x00007f24fdefd7f0:   0000000710061540 00007f24ab410d78
0x00007f24fdefd800:   00007f24fdefd7c0 00007f24fdefd820
0x00007f24fdefd810:   00007f24fdefd870 00007f2517867180
0x00007f24fdefd820:   0000000710062e80 00007f24fdefd828
0x00007f24fdefd830:   00007f24ab40e6a2 0000000000000003
0x00007f24fdefd840:   00007f24ab40f270 00007f24ab591628
0x00007f24fdefd850:   0000000710024de8 00007f24ab40e6d8
0x00007f24fdefd860:   00007f24fdefd820 00007f24fdefd888
0x00007f24fdefd870:   00007f24fdefd8d8 00007f2517867180
0x00007f24fdefd880:   000000071da002d8 0000000710025178
0x00007f24fdefd890:   00007f24fdefd890 00007f24ab40ef8f 

Instructions: (pc=0x00007f2461c65b21)
0x00007f2461c65a21:   10 0f 29 44 24 20 0f 29 44 24 30 0f 29 44 24 40
0x00007f2461c65a31:   45 85 db 0f 84 d0 fe ff ff 48 8b 43 30 c7 43 50
0x00007f2461c65a41:   00 00 00 00 31 c9 31 d2 31 f6 48 89 df 44 89 4c
0x00007f2461c65a51:   24 0c 48 89 43 40 48 8b 43 38 4c 89 04 24 48 89
0x00007f2461c65a61:   43 48 48 8b 83 18 01 00 00 48 89 83 20 01 00 00
0x00007f2461c65a71:   e8 ca f5 ff ff 44 8b 4c 24 0c 4c 8b 04 24 e9 86
0x00007f2461c65a81:   fe ff ff 0f 1f 40 00 89 95 a8 00 00 00 e9 b8 fe
0x00007f2461c65a91:   ff ff 0f 1f 44 00 00 89 55 78 41 8b 14 24 48 8b
0x00007f2461c65aa1:   4b 18 85 d2 0f 84 09 ff ff ff e9 40 ff ff ff 89
0x00007f2461c65ab1:   55 74 e9 d7 fe ff ff 0f 1f 84 00 00 00 00 00 89
0x00007f2461c65ac1:   95 80 00 00 00 e9 af fe ff ff 0f 1f 44 00 00 89
0x00007f2461c65ad1:   55 7c e9 8a fe ff ff e8 93 2a a4 ff 41 b9 a5 00
0x00007f2461c65ae1:   00 00 31 f6 31 ff 31 c0 4c 8d 05 b8 b5 5a 01 48
0x00007f2461c65af1:   8d 0d c5 b5 5a 01 48 8d 15 ef d5 42 01 e8 3d 32
0x00007f2461c65b01:   a4 ff e8 a8 34 a4 ff 0f 1f 84 00 00 00 00 00 f3
0x00007f2461c65b11:   0f 1e fa 48 85 ff 74 27 55 48 8b 47 08 48 89 fd
0x00007f2461c65b21:   48 8b 40 30 48 85 c0 74 02 ff d0 48 89 ef e8 3c
0x00007f2461c65b31:   3c a4 ff 48 89 ef 5d e9 b3 40 a4 ff 0f 1f 00 c3
0x00007f2461c65b41:   66 66 2e 0f 1f 84 00 00 00 00 00 0f 1f 40 00 f3
0x00007f2461c65b51:   0f 1e fa 41 55 49 89 d5 41 54 49 89 cc 55 89 f5
0x00007f2461c65b61:   53 48 89 fb 48 83 ec 08 8b 47 1c 85 c0 7e 2b 48
0x00007f2461c65b71:   63 53 20 48 8b 0b 8d 42 01 89 43 20 48 63 43 08
0x00007f2461c65b81:   8d 70 01 89 73 08 0f b6 14 11 88 14 01 8b 43 1c
0x00007f2461c65b91:   83 e8 01 89 43 1c 85 c0 7f d5 41 8b 14 24 39 ea
0x00007f2461c65ba1:   0f 8c 4e 03 00 00 8b 43 08 89 43 0c 83 fd 9c 75
0x00007f2461c65bb1:   08 85 d2 0f 84 d6 02 00 00 83 fd 9c 0f 84 5d 02
0x00007f2461c65bc1:   00 00 85 ed 79 0a 48 83 3b 00 0f 84 69 03 00 00
0x00007f2461c65bd1:   01 e8 89 43 20 41 89 04 24 8b 43 08 85 c0 0f 85
0x00007f2461c65be1:   fb 01 00 00 83 fd f8 0f 8d e2 01 00 00 b9 f8 ff
0x00007f2461c65bf1:   ff ff 29 e9 03 4b 1c bd f8 ff ff ff 89 4b 1c 8b
0x00007f2461c65c01:   73 0c 48 8b 3b 8b 53 14 8d 04 2e 48 98 c1 e2 08
0x00007f2461c65c11:   48 01 f8 44 0f b6 00 44 09 c2 89 53 14 44 0f b6 


Stack slot to memory mapping:

stack at sp + 0 slots: 0x00007f24641e3780 points into unknown readable memory: 0x00007f24641fb4b0 | b0 b4 1f 64 24 7f 00 00
stack at sp + 1 slots: 0x00007f24fc703270: <offset 0x0000000000103270> in /home/sondsky/.javacpp/cache/ffmpeg-7.1-1.5.11-linux-x86_64.jar/org/bytedeco/ffmpeg/linux-x86_64/libavformat.so.61 at 0x00007f24fc600000
stack at sp + 2 slots: 0x0000000000000001 is an unknown value
stack at sp + 3 slots: 0x00007f24641e2580 points into unknown readable memory: 0x00007f23966ed472 | 72 d4 6e 96 23 7f 00 00
stack at sp + 4 slots: 0x00007f24641eb1c0 points into unknown readable memory: 0x00007f2464274510 | 10 45 27 64 24 7f 00 00
stack at sp + 5 slots: 0x00007f24fc7035e2: avformat_free_context+0x00000000000000a2 in /home/sondsky/.javacpp/cache/ffmpeg-7.1-1.5.11-linux-x86_64.jar/org/bytedeco/ffmpeg/linux-x86_64/libavformat.so.61 at 0x00007f24fc600000
stack at sp + 6 slots: 0x00007f2464089ff0 is a thread
stack at sp + 7 slots: 0x00007f24fdefd720 is pointing into the stack for thread: 0x00007f2464089ff0


---------------  P R O C E S S  ---------------

Threads class SMR info:
_java_thread_list=0x00007f246427efc0, length=15, elements={
0x00007f2528168ce0, 0x00007f252816a260, 0x00007f252816ba00, 0x00007f252816d050,
0x00007f252816e600, 0x00007f25281701d0, 0x00007f25281718a0, 0x00007f25281c01e0,
0x00007f25282e18e0, 0x00007f25282e3860, 0x00007f25282e8240, 0x00007f252801c440,
0x00007f2464087f00, 0x00007f2464251040, 0x00007f2464089ff0
}

Java Threads: ( => current thread )
  0x00007f2528168ce0 JavaThread "Reference Handler"          daemon [_thread_blocked, id=217605, stack(0x00007f252c3cd000,0x00007f252c4cd000) (1024K)]
  0x00007f252816a260 JavaThread "Finalizer"                  daemon [_thread_blocked, id=217606, stack(0x00007f252c2cc000,0x00007f252c3cc000) (1024K)]
  0x00007f252816ba00 JavaThread "Signal Dispatcher"          daemon [_thread_blocked, id=217607, stack(0x00007f252c1cb000,0x00007f252c2cb000) (1024K)]
  0x00007f252816d050 JavaThread "Service Thread"             daemon [_thread_blocked, id=217608, stack(0x00007f252c0ca000,0x00007f252c1ca000) (1024K)]
  0x00007f252816e600 JavaThread "Monitor Deflation Thread"   daemon [_thread_blocked, id=217609, stack(0x00007f2527f00000,0x00007f2528000000) (1024K)]
  0x00007f25281701d0 JavaThread "C2 CompilerThread0"         daemon [_thread_blocked, id=217610, stack(0x00007f250c100000,0x00007f250c200000) (1024K)]
  0x00007f25281718a0 JavaThread "C1 CompilerThread0"         daemon [_thread_blocked, id=217611, stack(0x00007f24fdf00000,0x00007f24fe000000) (1024K)]
  0x00007f25281c01e0 JavaThread "Common-Cleaner"             daemon [_thread_blocked, id=217618, stack(0x00007f24fdafc000,0x00007f24fdbfc000) (1024K)]
  0x00007f25282e18e0 JavaThread "Monitor Ctrl-Break"         daemon [_thread_in_native, id=217622, stack(0x00007f24fd8fa000,0x00007f24fd9fa000) (1024K)]
  0x00007f25282e3860 JavaThread "Notification Thread"        daemon [_thread_blocked, id=217623, stack(0x00007f24fd7f9000,0x00007f24fd8f9000) (1024K)]
  0x00007f25282e8240 JavaThread "Thread-0"                          [_thread_in_native, id=217624, stack(0x00007f24fd6f8000,0x00007f24fd7f8000) (1024K)]
  0x00007f252801c440 JavaThread "DestroyJavaVM"                     [_thread_blocked, id=217583, stack(0x00007f252fb00000,0x00007f252fc00000) (1024K)]
  0x00007f2464087f00 JavaThread "JavaCPP Deallocator"        daemon [_thread_blocked, id=217641, stack(0x00007f24fd3c1000,0x00007f24fd4c1000) (1024K)]
  0x00007f2464251040 JavaThread "Java Sound Event Dispatcher" daemon [_thread_blocked, id=217649, stack(0x00007f24fc3d6000,0x00007f24fc4d6000) (1024K)]
=>0x00007f2464089ff0 JavaThread "Thread-2"                          [_thread_in_native, id=217653, stack(0x00007f24fddff000,0x00007f24fdeff000) (1024K)]
Total: 15

Other Threads:
  0x00007f252815e9a0 VMThread "VM Thread"                           [id=217597, stack(0x00007f252c4ce000,0x00007f252c5ce000) (1024K)]
  0x00007f252814c5c0 WatcherThread "VM Periodic Task Thread"        [id=217595, stack(0x00007f252c5cf000,0x00007f252c6cf000) (1024K)]
  0x00007f2528082a70 WorkerThread "GC Thread#0"                     [id=217587, stack(0x00007f252d862000,0x00007f252d962000) (1024K)]
  0x00007f24a40011c0 WorkerThread "GC Thread#1"                     [id=217654, stack(0x00007f24fdcfe000,0x00007f24fddfe000) (1024K)]
  0x00007f24a4001da0 WorkerThread "GC Thread#2"                     [id=217655, stack(0x00007f24fdbfd000,0x00007f24fdcfd000) (1024K)]
  0x00007f24a4002910 WorkerThread "GC Thread#3"                     [id=217656, stack(0x00007f24fd5f7000,0x00007f24fd6f7000) (1024K)]
  0x00007f24a4003480 WorkerThread "GC Thread#4"                     [id=217657, stack(0x00007f24fc2d5000,0x00007f24fc3d5000) (1024K)]
  0x00007f2528093110 ConcurrentGCThread "G1 Main Marker"            [id=217588, stack(0x00007f252d761000,0x00007f252d861000) (1024K)]
  0x00007f25280940c0 WorkerThread "G1 Conc#0"                       [id=217589, stack(0x00007f252d660000,0x00007f252d760000) (1024K)]
  0x00007f252813a000 ConcurrentGCThread "G1 Refine#0"               [id=217590, stack(0x00007f252c852000,0x00007f252c952000) (1024K)]
  0x00007f252813afd0 ConcurrentGCThread "G1 Service"                [id=217591, stack(0x00007f252c751000,0x00007f252c851000) (1024K)]
Total: 11

Threads with active compile tasks:
Total: 0

VM state: not at safepoint (normal execution)

VM Mutex/Monitor currently owned by a thread: None

Heap address: 0x000000070fa00000, size: 3846 MB, Compressed Oops mode: Zero based, Oop shift amount: 3

CDS archive(s) mapped at: [0x00007f24af000000-0x00007f24afc9b000-0x00007f24afc9b000), size 13217792, SharedBaseAddress: 0x00007f24af000000, ArchiveRelocationMode: 1.
Compressed class space mapped at: 0x00007f24b0000000-0x00007f24f0000000, reserved size: 1073741824
Narrow klass base: 0x00007f24af000000, Narrow klass shift: 0, Narrow klass range: 0x100000000

GC Precious Log:
 CardTable entry size: 512
 Card Set container configuration: InlinePtr #cards 4 size 8 Array Of Cards #cards 16 size 48 Howl #buckets 8 coarsen threshold 3686 Howl Bitmap #cards 512 size 80 coarsen threshold 460 Card regions per heap region 1 cards per card region 4096
 CPUs: 16 total, 16 available
 Memory: 15380M
 Large Page Support: Disabled
 NUMA Support: Disabled
 Compressed Oops: Enabled (Zero based)
 Heap Region Size: 2M
 Heap Min Capacity: 8M
 Heap Initial Capacity: 242M
 Heap Max Capacity: 3846M
 Pre-touch: Disabled
 Parallel Workers: 13
 Concurrent Workers: 3
 Concurrent Refinement Workers: 13
 Periodic GC: Disabled

Heap:
 garbage-first heap   total 34816K, used 2497K [0x000000070fa00000, 0x0000000800000000)
  region size 2048K, 1 young (2048K), 0 survivors (0K)
 Metaspace       used 4309K, committed 4544K, reserved 1114112K
  class space    used 412K, committed 512K, reserved 1048576K

Heap Regions: E=young(eden), S=young(survivor), O=old, HS=humongous(starts), HC=humongous(continues), CS=collection set, F=free, TAMS=top-at-mark-start, PB=parsable bottom
|   0|0x000000070fa00000, 0x000000070fa555f0, 0x000000070fc00000| 16%| O|  |TAMS 0x000000070fa00000| PB 0x000000070fa00000| Untracked 
|   1|0x000000070fc00000, 0x000000070fced188, 0x000000070fe00000| 46%| O|  |TAMS 0x000000070fc00000| PB 0x000000070fc00000| Untracked 
|   2|0x000000070fe00000, 0x000000070fe16d40, 0x0000000710000000|  4%| O|  |TAMS 0x000000070fe00000| PB 0x000000070fe00000| Untracked 
|   3|0x0000000710000000, 0x000000071007fda0, 0x0000000710200000| 24%| O|  |TAMS 0x0000000710000000| PB 0x0000000710000000| Untracked 
|   4|0x0000000710200000, 0x0000000710297578, 0x0000000710400000| 29%| O|  |TAMS 0x0000000710200000| PB 0x0000000710200000| Untracked 
|   5|0x0000000710400000, 0x0000000710400000, 0x0000000710600000|  0%| F|  |TAMS 0x0000000710400000| PB 0x0000000710400000| Untracked 
|   6|0x0000000710600000, 0x0000000710600000, 0x0000000710800000|  0%| F|  |TAMS 0x0000000710600000| PB 0x0000000710600000| Untracked 
|   7|0x0000000710800000, 0x0000000710800000, 0x0000000710a00000|  0%| F|  |TAMS 0x0000000710800000| PB 0x0000000710800000| Untracked 
|   8|0x0000000710a00000, 0x0000000710a00000, 0x0000000710c00000|  0%| F|  |TAMS 0x0000000710a00000| PB 0x0000000710a00000| Untracked 
|   9|0x0000000710c00000, 0x0000000710c00000, 0x0000000710e00000|  0%| F|  |TAMS 0x0000000710c00000| PB 0x0000000710c00000| Untracked 
|  10|0x0000000710e00000, 0x0000000710e00000, 0x0000000711000000|  0%| F|  |TAMS 0x0000000710e00000| PB 0x0000000710e00000| Untracked 
|  11|0x0000000711000000, 0x0000000711000000, 0x0000000711200000|  0%| F|  |TAMS 0x0000000711000000| PB 0x0000000711000000| Untracked 
|  12|0x0000000711200000, 0x0000000711200000, 0x0000000711400000|  0%| F|  |TAMS 0x0000000711200000| PB 0x0000000711200000| Untracked 
|  13|0x0000000711400000, 0x0000000711400000, 0x0000000711600000|  0%| F|  |TAMS 0x0000000711400000| PB 0x0000000711400000| Untracked 
|  14|0x0000000711600000, 0x0000000711600000, 0x0000000711800000|  0%| F|  |TAMS 0x0000000711600000| PB 0x0000000711600000| Untracked 
|  15|0x0000000711800000, 0x0000000711800000, 0x0000000711a00000|  0%| F|  |TAMS 0x0000000711800000| PB 0x0000000711800000| Untracked 
|  16|0x0000000711a00000, 0x0000000711aa8fa8, 0x0000000711c00000| 33%| E|  |TAMS 0x0000000711a00000| PB 0x0000000711a00000| Complete 

Card table byte_map: [0x00007f252da1b000,0x00007f252e19e000] _byte_map_base: 0x00007f252a19e000

Marking Bits: (CMBitMap*) 0x00007f25280835b0
 Bits: [0x00007f250c7e8000, 0x00007f2510400000)

Polling page: 0x00007f2531379000

Metaspace:

Usage:
  Non-class:      3,81 MB used.
      Class:    412,30 KB used.
       Both:      4,21 MB used.

Virtual space:
  Non-class space:       64,00 MB reserved,       3,94 MB (  6%) committed,  1 nodes.
      Class space:        1,00 GB reserved,     512,00 KB ( <1%) committed,  1 nodes.
             Both:        1,06 GB reserved,       4,44 MB ( <1%) committed. 

Chunk freelists:
   Non-Class:  10,42 MB
       Class:  15,53 MB
        Both:  25,95 MB

MaxMetaspaceSize: unlimited
CompressedClassSpaceSize: 1,00 GB
Initial GC threshold: 21,00 MB
Current GC threshold: 21,00 MB
CDS: on
 - commit_granule_bytes: 65536.
 - commit_granule_words: 8192.
 - virtual_space_node_default_size: 8388608.
 - enlarge_chunks_in_place: 1.
 - use_allocation_guard: 0.


Internal statistics:

num_allocs_failed_limit: 0.
num_arena_births: 38.
num_arena_deaths: 0.
num_vsnodes_births: 2.
num_vsnodes_deaths: 0.
num_space_committed: 71.
num_space_uncommitted: 0.
num_chunks_returned_to_freelist: 0.
num_chunks_taken_from_freelist: 108.
num_chunk_merges: 0.
num_chunk_splits: 81.
num_chunks_enlarged: 68.
num_inconsistent_stats: 0.

CodeHeap 'non-profiled nmethods': size=119168Kb used=453Kb max_used=453Kb free=118714Kb
 bounds [0x00007f2517fa0000, 0x00007f2518210000, 0x00007f251f400000]
CodeHeap 'profiled nmethods': size=119164Kb used=1806Kb max_used=1806Kb free=117357Kb
 bounds [0x00007f2510400000, 0x00007f2510670000, 0x00007f251785f000]
CodeHeap 'non-nmethods': size=7428Kb used=1378Kb max_used=3018Kb free=6049Kb
 bounds [0x00007f251785f000, 0x00007f2517b5f000, 0x00007f2517fa0000]
CodeCache: size=245760Kb, used=3637Kb, max_used=5277Kb, free=242120Kb
 total_blobs=1582, nmethods=1090, adapters=398, full_count=0
Compilation: enabled, stopped_count=0, restarted_count=0

Compilation events (20 events):
Event: 4,594 Thread 0x00007f25281701d0 1071       4       java.lang.StringLatin1::canEncode (13 bytes)
Event: 4,594 Thread 0x00007f25281718a0 1072       3       java.util.concurrent.locks.ReentrantLock::lock (8 bytes)
Event: 4,594 Thread 0x00007f25281718a0 nmethod 1072 0x00007f25105bd890 code [0x00007f25105bda60, 0x00007f25105bdd50]
Event: 4,594 Thread 0x00007f25281718a0 1073       3       java.util.concurrent.locks.ReentrantLock$Sync::lock (13 bytes)
Event: 4,594 Thread 0x00007f25281701d0 nmethod 1071 0x00007f2518010510 code [0x00007f2518010680, 0x00007f2518010708]
Event: 4,594 Thread 0x00007f25281718a0 nmethod 1073 0x00007f25105bde90 code [0x00007f25105be060, 0x00007f25105be2e8]
Event: 4,637 Thread 0x00007f25281718a0 1075       3       java.lang.Math::max (46 bytes)
Event: 4,637 Thread 0x00007f25281718a0 nmethod 1075 0x00007f25105be390 code [0x00007f25105be540, 0x00007f25105be858]
Event: 4,637 Thread 0x00007f25281718a0 1076       3       processors.GainProcessor::process (87 bytes)
Event: 4,637 Thread 0x00007f25281718a0 nmethod 1076 0x00007f25105be910 code [0x00007f25105beb00, 0x00007f25105bee60]
Event: 4,684 Thread 0x00007f25281701d0 1077       4       java.lang.Math::max (46 bytes)
Event: 4,684 Thread 0x00007f25281701d0 nmethod 1077 0x00007f2518010c10 code [0x00007f2518010dc0, 0x00007f2518010ea0]
Event: 4,824 Thread 0x00007f25281718a0 1078       3       java.util.ArrayDeque$DeqIterator::hasNext (13 bytes)
Event: 4,824 Thread 0x00007f25281718a0 nmethod 1078 0x00007f25105bef90 code [0x00007f25105bf120, 0x00007f25105bf278]
Event: 4,870 Thread 0x00007f25281718a0 1079       3       java.util.ArrayDeque::iterator (9 bytes)
Event: 4,871 Thread 0x00007f25281718a0 nmethod 1079 0x00007f25105bf310 code [0x00007f25105bf4e0, 0x00007f25105bf890]
Event: 4,871 Thread 0x00007f25281718a0 1080       3       java.util.ArrayDeque$DeqIterator::<init> (34 bytes)
Event: 4,871 Thread 0x00007f25281718a0 nmethod 1080 0x00007f25105bfa10 code [0x00007f25105bfbc0, 0x00007f25105bfea0]
Event: 4,964 Thread 0x00007f25281718a0 1081       3       java.nio.Buffer::limit (65 bytes)
Event: 4,964 Thread 0x00007f25281718a0 nmethod 1081 0x00007f25105c0010 code [0x00007f25105c01c0, 0x00007f25105c0448]

GC Heap History (0 events):
No events

Dll operation events (20 events):
Event: 0,043 Loaded shared library /usr/lib/jvm/java-21-openjdk/lib/libzip.so
Event: 0,045 Loaded shared library /usr/lib/jvm/java-21-openjdk/lib/libinstrument.so
Event: 0,047 Loaded shared library /usr/lib/jvm/java-21-openjdk/lib/libnio.so
Event: 0,048 Loaded shared library /usr/lib/jvm/java-21-openjdk/lib/libzip.so
Event: 0,066 Loaded shared library /usr/lib/jvm/java-21-openjdk/lib/libnet.so
Event: 0,069 Loaded shared library /usr/lib/jvm/java-21-openjdk/lib/libextnet.so
Event: 0,072 Loaded shared library /usr/lib/jvm/java-21-openjdk/lib/libjimage.so
Event: 2,572 Loaded shared library /usr/lib/libva.so.2.2300.0
Event: 2,576 Loaded shared library /home/sondsky/.javacpp/cache/ffmpeg-7.1-1.5.11-linux-x86_64.jar/org/bytedeco/ffmpeg/linux-x86_64/libdrm.so.2
Event: 2,581 Loaded shared library /usr/lib/libva-drm.so.2.2300.0
Event: 2,585 Loaded shared library /home/sondsky/.javacpp/cache/ffmpeg-7.1-1.5.11-linux-x86_64.jar/org/bytedeco/ffmpeg/linux-x86_64/libavutil.so.59
Event: 2,587 Loaded shared library /home/sondsky/.javacpp/cache/ffmpeg-7.1-1.5.11-linux-x86_64.jar/org/bytedeco/ffmpeg/linux-x86_64/libjniavutil.so
Event: 2,592 Loaded shared library /home/sondsky/.javacpp/cache/javacpp-1.5.11-linux-x86_64.jar/org/bytedeco/javacpp/linux-x86_64/libjnijavacpp.so
Event: 2,615 Loaded shared library /home/sondsky/.javacpp/cache/ffmpeg-7.1-1.5.11-linux-x86_64.jar/org/bytedeco/ffmpeg/linux-x86_64/libswresample.so.5
Event: 2,617 Loaded shared library /home/sondsky/.javacpp/cache/ffmpeg-7.1-1.5.11-linux-x86_64.jar/org/bytedeco/ffmpeg/linux-x86_64/libjniswresample.so
Event: 2,620 Loaded shared library /home/sondsky/.javacpp/cache/ffmpeg-7.1-1.5.11-linux-x86_64.jar/org/bytedeco/ffmpeg/linux-x86_64/libavcodec.so.61
Event: 2,622 Loaded shared library /home/sondsky/.javacpp/cache/ffmpeg-7.1-1.5.11-linux-x86_64.jar/org/bytedeco/ffmpeg/linux-x86_64/libjniavcodec.so
Event: 2,637 Loaded shared library /home/sondsky/.javacpp/cache/ffmpeg-7.1-1.5.11-linux-x86_64.jar/org/bytedeco/ffmpeg/linux-x86_64/libavformat.so.61
Event: 2,638 Loaded shared library /home/sondsky/.javacpp/cache/ffmpeg-7.1-1.5.11-linux-x86_64.jar/org/bytedeco/ffmpeg/linux-x86_64/libjniavformat.so
Event: 2,656 Loaded shared library /usr/lib/jvm/java-21-openjdk/lib/libjsound.so

Deoptimization events (20 events):
Event: 2,591 Thread 0x00007f25282e8240 Uncommon trap: trap_request=0xffffff6e fr.pc=0x00007f2517fd03a0 relative=0x0000000000000400
Event: 2,591 Thread 0x00007f25282e8240 Uncommon trap: reason=loop_limit_check action=maybe_recompile pc=0x00007f2517fd03a0 method=java.lang.StringLatin1.indexOf([BI[BII)I @ 37 c2
Event: 2,591 Thread 0x00007f25282e8240 DEOPT PACKING pc=0x00007f2517fd03a0 sp=0x00007f24fd7f3d70
Event: 2,591 Thread 0x00007f25282e8240 DEOPT UNPACKING pc=0x00007f25178b2f99 sp=0x00007f24fd7f3cf0 mode 2
Event: 3,795 Thread 0x00007f2464301a70 DEOPT PACKING pc=0x00007f25105bb056 sp=0x00007f24fdaf9800
Event: 3,795 Thread 0x00007f2464301a70 DEOPT UNPACKING pc=0x00007f25178b372f sp=0x00007f24fdaf8ce0 mode 0
Event: 3,889 Thread 0x00007f2464301a70 DEOPT PACKING pc=0x00007f25105bb90d sp=0x00007f24fdaf97d0
Event: 3,889 Thread 0x00007f2464301a70 DEOPT UNPACKING pc=0x00007f25178b372f sp=0x00007f24fdaf8cc0 mode 0
Event: 4,593 Thread 0x00007f25282e8240 Uncommon trap: trap_request=0xffffff45 fr.pc=0x00007f251800d07c relative=0x00000000000000bc
Event: 4,593 Thread 0x00007f25282e8240 Uncommon trap: reason=unstable_if action=reinterpret pc=0x00007f251800d07c method=java.lang.Math.max(FF)F @ 11 c2
Event: 4,593 Thread 0x00007f25282e8240 DEOPT PACKING pc=0x00007f251800d07c sp=0x00007f24fd7f66c0
Event: 4,593 Thread 0x00007f25282e8240 DEOPT UNPACKING pc=0x00007f25178b2f99 sp=0x00007f24fd7f6680 mode 2
Event: 4,636 Thread 0x00007f2464301a70 Uncommon trap: trap_request=0xffffff45 fr.pc=0x00007f251800e4fc relative=0x000000000000025c
Event: 4,636 Thread 0x00007f2464301a70 Uncommon trap: reason=unstable_if action=reinterpret pc=0x00007f251800e4fc method=processors.GainProcessor.process([FI)V @ 49 c2
Event: 4,636 Thread 0x00007f2464301a70 DEOPT PACKING pc=0x00007f251800e4fc sp=0x00007f24fdaf9820
Event: 4,636 Thread 0x00007f2464301a70 DEOPT UNPACKING pc=0x00007f25178b2f99 sp=0x00007f24fdaf97e8 mode 2
Event: 4,637 Thread 0x00007f2464301a70 Uncommon trap: trap_request=0xffffff45 fr.pc=0x00007f251800de84 relative=0x00000000000002e4
Event: 4,637 Thread 0x00007f2464301a70 Uncommon trap: reason=unstable_if action=reinterpret pc=0x00007f251800de84 method=processors.GainProcessor.process([FI)V @ 49 c2
Event: 4,637 Thread 0x00007f2464301a70 DEOPT PACKING pc=0x00007f251800de84 sp=0x00007f24fdaf9810
Event: 4,637 Thread 0x00007f2464301a70 DEOPT UNPACKING pc=0x00007f25178b2f99 sp=0x00007f24fdaf97e8 mode 2

Classes loaded (20 events):
Event: 2,741 Loading class javax/sound/sampled/BooleanControl$Type
Event: 2,741 Loading class javax/sound/sampled/BooleanControl$Type done
Event: 2,741 Loading class com/sun/media/sound/DirectAudioDevice$DirectDL$Balance
Event: 2,741 Loading class com/sun/media/sound/DirectAudioDevice$DirectDL$Balance done
Event: 2,741 Loading class com/sun/media/sound/DirectAudioDevice$DirectDL$Pan
Event: 2,741 Loading class com/sun/media/sound/DirectAudioDevice$DirectDL$Pan done
Event: 2,741 Loading class javax/sound/sampled/LineEvent
Event: 2,741 Loading class java/util/EventObject
Event: 2,742 Loading class java/util/EventObject done
Event: 2,742 Loading class javax/sound/sampled/LineEvent done
Event: 2,742 Loading class javax/sound/sampled/LineEvent$Type
Event: 2,742 Loading class javax/sound/sampled/LineEvent$Type done
Event: 2,742 Loading class com/sun/media/sound/EventDispatcher
Event: 2,742 Loading class com/sun/media/sound/EventDispatcher done
Event: 2,755 Loading class java/nio/FloatBuffer
Event: 2,756 Loading class java/nio/FloatBuffer done
Event: 4,594 Loading class jdk/internal/event/ThreadSleepEvent
Event: 4,594 Loading class jdk/internal/event/Event
Event: 4,594 Loading class jdk/internal/event/Event done
Event: 4,594 Loading class jdk/internal/event/ThreadSleepEvent done

Classes unloaded (0 events):
No events

Classes redefined (0 events):
No events

Internal exceptions (9 events):
Event: 0,060 Thread 0x00007f252801c440 Implicit null exception at 0x00007f2517fb1ae3 to 0x00007f2517fb1c44
Event: 0,060 Thread 0x00007f252801c440 Exception <a 'java/lang/NoSuchMethodError'{0x000000071e977850}: 'void java.lang.invoke.DirectMethodHandle$Holder.invokeStatic(java.lang.Object, java.lang.Object, java.lang.Object)'> (0x000000071e977850) 
thrown [/usr/src/debug/java21-openjdk/jdk21u-jdk-21.0.10-7/src/hotspot/share/interpreter/linkResolver.cpp, line 772]
Event: 0,063 Thread 0x00007f252801c440 Exception <a 'java/lang/NoSuchMethodError'{0x000000071e98f1f8}: 'java.lang.Object java.lang.invoke.Invokers$Holder.invokeExact_MT(java.lang.Object, java.lang.Object, java.lang.Object, java.lang.Object, java.lang.Object)'> (0x000000071e98f1f8) 
thrown [/usr/src/debug/java21-openjdk/jdk21u-jdk-21.0.10-7/src/hotspot/share/interpreter/linkResolver.cpp, line 772]
Event: 0,067 Thread 0x00007f252801c440 Exception <a 'java/lang/NoSuchMethodError'{0x000000071e9a5f60}: 'void java.lang.invoke.DirectMethodHandle$Holder.invokeStatic(java.lang.Object, java.lang.Object)'> (0x000000071e9a5f60) 
thrown [/usr/src/debug/java21-openjdk/jdk21u-jdk-21.0.10-7/src/hotspot/share/interpreter/linkResolver.cpp, line 772]
Event: 2,541 Thread 0x00007f25282e8240 Exception <a 'java/lang/NoSuchMethodError'{0x000000071e766468}: 'int java.lang.invoke.DirectMethodHandle$Holder.invokeStaticInit(java.lang.Object, java.lang.Object, java.lang.Object, java.lang.Object)'> (0x000000071e766468) 
thrown [/usr/src/debug/java21-openjdk/jdk21u-jdk-21.0.10-7/src/hotspot/share/interpreter/linkResolver.cpp, line 772]
Event: 2,542 Thread 0x00007f25282e8240 Exception <a 'java/lang/NoSuchMethodError'{0x000000071e76ec18}: 'java.lang.Object java.lang.invoke.DirectMethodHandle$Holder.invokeInterface(java.lang.Object, java.lang.Object)'> (0x000000071e76ec18) 
thrown [/usr/src/debug/java21-openjdk/jdk21u-jdk-21.0.10-7/src/hotspot/share/interpreter/linkResolver.cpp, line 772]
Event: 2,542 Thread 0x00007f25282e8240 Exception <a 'java/lang/IncompatibleClassChangeError'{0x000000071e771ea0}: Found class java.lang.Object, but interface was expected> (0x000000071e771ea0) 
thrown [/usr/src/debug/java21-openjdk/jdk21u-jdk-21.0.10-7/src/hotspot/share/interpreter/linkResolver.cpp, line 840]
Event: 2,542 Thread 0x00007f25282e8240 Exception <a 'java/lang/NoSuchMethodError'{0x000000071e774a18}: 'void java.lang.invoke.DirectMethodHandle$Holder.invokeStaticInit(java.lang.Object, java.lang.Object)'> (0x000000071e774a18) 
thrown [/usr/src/debug/java21-openjdk/jdk21u-jdk-21.0.10-7/src/hotspot/share/interpreter/linkResolver.cpp, line 772]
Event: 2,543 Thread 0x00007f25282e8240 Exception <a 'java/lang/NoSuchMethodError'{0x000000071e779f28}: 'int java.lang.invoke.DirectMethodHandle$Holder.invokeStaticInit(java.lang.Object, java.lang.Object)'> (0x000000071e779f28) 
thrown [/usr/src/debug/java21-openjdk/jdk21u-jdk-21.0.10-7/src/hotspot/share/interpreter/linkResolver.cpp, line 772]

ZGC Phase Switch (0 events):
No events

VM Operations (8 events):
Event: 0,072 Executing non-safepoint VM operation: HandshakeAllThreads (Deoptimize)
Event: 0,072 Executing non-safepoint VM operation: HandshakeAllThreads (Deoptimize) done
Event: 1,072 Executing safepoint VM operation: Cleanup
Event: 1,072 Executing safepoint VM operation: Cleanup done
Event: 3,072 Executing safepoint VM operation: Cleanup
Event: 3,073 Executing safepoint VM operation: Cleanup done
Event: 5,073 Executing safepoint VM operation: Cleanup
Event: 5,073 Executing safepoint VM operation: Cleanup done

Memory protections (20 events):
Event: 0,019 Protecting memory [0x00007f252c0ca000,0x00007f252c0ce000] with protection modes 0
Event: 0,019 Protecting memory [0x00007f2527f00000,0x00007f2527f04000] with protection modes 0
Event: 0,019 Protecting memory [0x00007f250c100000,0x00007f250c104000] with protection modes 0
Event: 0,019 Protecting memory [0x00007f24fdf00000,0x00007f24fdf04000] with protection modes 0
Event: 0,038 Protecting memory [0x00007f24fddff000,0x00007f24fde03000] with protection modes 0
Event: 0,038 Protecting memory [0x00007f24fdcfe000,0x00007f24fdd02000] with protection modes 0
Event: 0,038 Protecting memory [0x00007f24fdbfd000,0x00007f24fdc01000] with protection modes 0
Event: 0,046 Protecting memory [0x00007f24fdafc000,0x00007f24fdb00000] with protection modes 0
Event: 0,050 Protecting memory [0x00007f24fd9fb000,0x00007f24fd9ff000] with protection modes 0
Event: 0,065 Protecting memory [0x00007f24fd8fa000,0x00007f24fd8fe000] with protection modes 0
Event: 0,065 Protecting memory [0x00007f24fd7f9000,0x00007f24fd7fd000] with protection modes 0
Event: 0,067 Protecting memory [0x00007f24fd6f8000,0x00007f24fd6fc000] with protection modes 0
Event: 0,068 Protecting memory [0x00007f252fb00000,0x00007f252fb04000] with protection modes 0
Event: 2,575 Protecting memory [0x00007f24fdbfd000,0x00007f24fdc01000] with protection modes 0
Event: 2,577 Protecting memory [0x00007f24fd9fb000,0x00007f24fd9ff000] with protection modes 0
Event: 2,579 Protecting memory [0x00007f24fd5f7000,0x00007f24fd5fb000] with protection modes 0
Event: 2,591 Protecting memory [0x00007f24fd3c1000,0x00007f24fd3c5000] with protection modes 0
Event: 2,742 Protecting memory [0x00007f24fc3d6000,0x00007f24fc3da000] with protection modes 0
Event: 2,755 Protecting memory [0x00007f24fd9fb000,0x00007f24fd9ff000] with protection modes 0
Event: 4,594 Protecting memory [0x00007f24fddff000,0x00007f24fde03000] with protection modes 0

Nmethod flushes (0 events):
No events

Events (20 events):
Event: 0,050 Thread 0x00007f25281718a0 Thread added: 0x00007f24840c2540
Event: 0,065 Thread 0x00007f252801c440 Thread added: 0x00007f25282e18e0
Event: 0,065 Thread 0x00007f252801c440 Thread added: 0x00007f25282e3860
Event: 0,067 Thread 0x00007f252801c440 Thread added: 0x00007f25282e8240
Event: 0,068 Thread 0x00007f252801c440 Thread exited: 0x00007f252801c440
Event: 0,068 Thread 0x00007f252801c440 Thread added: 0x00007f252801c440
Event: 2,531 Thread 0x00007f24840c2540 Thread exited: 0x00007f24840c2540
Event: 2,531 Thread 0x00007f24840603a0 Thread exited: 0x00007f24840603a0
Event: 2,575 Thread 0x00007f25281718a0 Thread added: 0x00007f24840ea460
Event: 2,577 Thread 0x00007f248405de00 Thread added: 0x00007f2488039b20
Event: 2,579 Thread 0x00007f24840ea460 Thread added: 0x00007f2480074c00
Event: 2,591 Thread 0x00007f25282e8240 Thread added: 0x00007f2464087f00
Event: 2,742 Thread 0x00007f25282e8240 Thread added: 0x00007f2464251040
Event: 2,755 Thread 0x00007f2480074c00 Thread exited: 0x00007f2480074c00
Event: 2,755 Thread 0x00007f2488039b20 Thread exited: 0x00007f2488039b20
Event: 2,755 Thread 0x00007f25282e8240 Thread added: 0x00007f2464301a70
Event: 2,755 Thread 0x00007f24840ea460 Thread exited: 0x00007f24840ea460
Event: 3,279 Thread 0x00007f248405f0c0 Thread exited: 0x00007f248405f0c0
Event: 4,263 Thread 0x00007f248405de00 Thread exited: 0x00007f248405de00
Event: 4,594 Thread 0x00007f25282e8240 Thread added: 0x00007f2464089ff0


Dynamic libraries:
70fa00000-711c00000 rw-p 00000000 00:00 0 
711c00000-719c00000 ---p 00000000 00:00 0 
719c00000-71ec00000 rw-p 00000000 00:00 0 
71ec00000-7ffe00000 ---p 00000000 00:00 0 
7ffe00000-7fff0d000 rw-p 00cda000 00:21 615408                           /usr/lib/jvm/java-21-openjdk/lib/server/classes.jsa
7fff0d000-800000000 rw-p 00000000 00:00 0 
5642e3353000-5642e3354000 r--p 00000000 00:21 615132                     /usr/lib/jvm/java-21-openjdk/bin/java
5642e3354000-5642e3355000 r-xp 00001000 00:21 615132                     /usr/lib/jvm/java-21-openjdk/bin/java
5642e3355000-5642e3356000 r--p 00002000 00:21 615132                     /usr/lib/jvm/java-21-openjdk/bin/java
5642e3356000-5642e3357000 r--p 00002000 00:21 615132                     /usr/lib/jvm/java-21-openjdk/bin/java
5642e3357000-5642e3358000 rw-p 00003000 00:21 615132                     /usr/lib/jvm/java-21-openjdk/bin/java
5642f6d81000-5642f6dab000 rw-p 00000000 00:00 0                          [heap]
7f2450000000-7f24500e1000 rw-p 00000000 00:00 0 
7f24500e1000-7f2454000000 ---p 00000000 00:00 0 
7f2458000000-7f2458021000 rw-p 00000000 00:00 0 
7f2458021000-7f245c000000 ---p 00000000 00:00 0 
7f245c000000-7f245c021000 rw-p 00000000 00:00 0 
7f245c021000-7f2460000000 ---p 00000000 00:00 0 
7f2461600000-7f24616a8000 r--p 00000000 00:21 248446                     /home/sondsky/.javacpp/cache/ffmpeg-7.1-1.5.11-linux-x86_64.jar/org/bytedeco/ffmpeg/linux-x86_64/libavcodec.so.61
7f24616a8000-7f2463093000 r-xp 000a8000 00:21 248446                     /home/sondsky/.javacpp/cache/ffmpeg-7.1-1.5.11-linux-x86_64.jar/org/bytedeco/ffmpeg/linux-x86_64/libavcodec.so.61
7f2463093000-7f246368b000 r--p 01a93000 00:21 248446                     /home/sondsky/.javacpp/cache/ffmpeg-7.1-1.5.11-linux-x86_64.jar/org/bytedeco/ffmpeg/linux-x86_64/libavcodec.so.61
7f246368b000-7f246370f000 r--p 0208a000 00:21 248446                     /home/sondsky/.javacpp/cache/ffmpeg-7.1-1.5.11-linux-x86_64.jar/org/bytedeco/ffmpeg/linux-x86_64/libavcodec.so.61
7f246370f000-7f2463726000 rw-p 0210e000 00:21 248446                     /home/sondsky/.javacpp/cache/ffmpeg-7.1-1.5.11-linux-x86_64.jar/org/bytedeco/ffmpeg/linux-x86_64/libavcodec.so.61
7f2463726000-7f2463e42000 rw-p 00000000 00:00 0 
7f2464000000-7f2464306000 rw-p 00000000 00:00 0 
7f2464306000-7f2468000000 ---p 00000000 00:00 0 
7f2468000000-7f2468370000 rw-p 00000000 00:00 0 
7f2468370000-7f246c000000 ---p 00000000 00:00 0 
7f246c000000-7f246c021000 rw-p 00000000 00:00 0 
7f246c021000-7f2470000000 ---p 00000000 00:00 0 
7f2470000000-7f2470021000 rw-p 00000000 00:00 0 
7f2470021000-7f2474000000 ---p 00000000 00:00 0 
7f2474000000-7f2474021000 rw-p 00000000 00:00 0 
7f2474021000-7f2478000000 ---p 00000000 00:00 0 
7f2478000000-7f24784b3000 rw-p 00000000 00:00 0 
7f24784b3000-7f247c000000 ---p 00000000 00:00 0 
7f247c000000-7f247c2b6000 rw-p 00000000 00:00 0 
7f247c2b6000-7f2480000000 ---p 00000000 00:00 0 
7f2480000000-7f248059f000 rw-p 00000000 00:00 0 
7f248059f000-7f2484000000 ---p 00000000 00:00 0 
7f2484000000-7f24841e5000 rw-p 00000000 00:00 0 
7f24841e5000-7f2488000000 ---p 00000000 00:00 0 
7f2488000000-7f2488144000 rw-p 00000000 00:00 0 
7f2488144000-7f248c000000 ---p 00000000 00:00 0 
7f248c000000-7f248c021000 rw-p 00000000 00:00 0 
7f248c021000-7f2490000000 ---p 00000000 00:00 0 
7f2490000000-7f249055f000 rw-p 00000000 00:00 0 
7f249055f000-7f2494000000 ---p 00000000 00:00 0 
7f2494000000-7f2494021000 rw-p 00000000 00:00 0 
7f2494021000-7f2498000000 ---p 00000000 00:00 0 
7f2498000000-7f2498021000 rw-p 00000000 00:00 0 
7f2498021000-7f249c000000 ---p 00000000 00:00 0 
7f249c000000-7f249c021000 rw-p 00000000 00:00 0 
7f249c021000-7f24a0000000 ---p 00000000 00:00 0 
7f24a0000000-7f24a0021000 rw-p 00000000 00:00 0 
7f24a0021000-7f24a4000000 ---p 00000000 00:00 0 
7f24a4000000-7f24a4029000 rw-p 00000000 00:00 0 
7f24a4029000-7f24a8000000 ---p 00000000 00:00 0 
7f24a89fe000-7f24a9a00000 rw-p 00000000 00:00 0 
7f24a9a00000-7f24a9a7d000 r--p 00000000 00:21 248433                     /home/sondsky/.javacpp/cache/ffmpeg-7.1-1.5.11-linux-x86_64.jar/org/bytedeco/ffmpeg/linux-x86_64/libavutil.so.59
7f24a9a7d000-7f24a9e50000 r-xp 0007d000 00:21 248433                     /home/sondsky/.javacpp/cache/ffmpeg-7.1-1.5.11-linux-x86_64.jar/org/bytedeco/ffmpeg/linux-x86_64/libavutil.so.59
7f24a9e50000-7f24a9f39000 r--p 00450000 00:21 248433                     /home/sondsky/.javacpp/cache/ffmpeg-7.1-1.5.11-linux-x86_64.jar/org/bytedeco/ffmpeg/linux-x86_64/libavutil.so.59
7f24a9f39000-7f24a9f3a000 ---p 00539000 00:21 248433                     /home/sondsky/.javacpp/cache/ffmpeg-7.1-1.5.11-linux-x86_64.jar/org/bytedeco/ffmpeg/linux-x86_64/libavutil.so.59
7f24a9f3a000-7f24a9fa6000 r--p 00539000 00:21 248433                     /home/sondsky/.javacpp/cache/ffmpeg-7.1-1.5.11-linux-x86_64.jar/org/bytedeco/ffmpeg/linux-x86_64/libavutil.so.59
7f24a9fa6000-7f24a9faa000 rw-p 005a5000 00:21 248433                     /home/sondsky/.javacpp/cache/ffmpeg-7.1-1.5.11-linux-x86_64.jar/org/bytedeco/ffmpeg/linux-x86_64/libavutil.so.59
7f24a9faa000-7f24aafbc000 rw-p 00000000 00:00 0 
7f24ab000000-7f24ab250000 rw-p 00000000 00:00 0 
7f24ab250000-7f24ab400000 ---p 00000000 00:00 0 
7f24ab400000-7f24ab5a0000 rw-p 00000000 00:00 0 
7f24ab5a0000-7f24af000000 ---p 00000000 00:00 0 
7f24af000000-7f24afc9b000 rw-p 00001000 00:21 615408                     /usr/lib/jvm/java-21-openjdk/lib/server/classes.jsa
7f24afc9b000-7f24b0000000 ---p 00000000 00:00 0 
7f24b0000000-7f24b0040000 rw-p 00000000 00:00 0 
7f24b0040000-7f24b0080000 rw-p 00000000 00:00 0 
7f24b0080000-7f24f0000000 ---p 00000000 00:00 0 
7f24f0000000-7f24f0021000 rw-p 00000000 00:00 0 
7f24f0021000-7f24f4000000 ---p 00000000 00:00 0 
7f24f4000000-7f24f4021000 rw-p 00000000 00:00 0 
7f24f4021000-7f24f8000000 ---p 00000000 00:00 0 
7f24f8000000-7f24f8021000 rw-p 00000000 00:00 0 
7f24f8021000-7f24fc000000 ---p 00000000 00:00 0 
7f24fc2d4000-7f24fc3d6000 rw-p 00000000 00:00 0 
7f24fc3d6000-7f24fc3da000 ---p 00000000 00:00 0 
7f24fc3da000-7f24fc4d6000 rw-p 00000000 00:00 0 
7f24fc4d6000-7f24fc4eb000 r--p 00000000 00:21 401125                     /usr/lib/libsystemd.so.0.43.0
7f24fc4eb000-7f24fc5b1000 r-xp 00015000 00:21 401125                     /usr/lib/libsystemd.so.0.43.0
7f24fc5b1000-7f24fc5f5000 r--p 000db000 00:21 401125                     /usr/lib/libsystemd.so.0.43.0
7f24fc5f5000-7f24fc5fe000 r--p 0011f000 00:21 401125                     /usr/lib/libsystemd.so.0.43.0
7f24fc5fe000-7f24fc5ff000 rw-p 00128000 00:21 401125                     /usr/lib/libsystemd.so.0.43.0
7f24fc5ff000-7f24fc600000 rw-p 00000000 00:00 0 
7f24fc600000-7f24fc6c8000 r--p 00000000 00:21 248449                     /home/sondsky/.javacpp/cache/ffmpeg-7.1-1.5.11-linux-x86_64.jar/org/bytedeco/ffmpeg/linux-x86_64/libavformat.so.61
7f24fc6c8000-7f24fce22000 r-xp 000c8000 00:21 248449                     /home/sondsky/.javacpp/cache/ffmpeg-7.1-1.5.11-linux-x86_64.jar/org/bytedeco/ffmpeg/linux-x86_64/libavformat.so.61
7f24fce22000-7f24fcff9000 r--p 00822000 00:21 248449                     /home/sondsky/.javacpp/cache/ffmpeg-7.1-1.5.11-linux-x86_64.jar/org/bytedeco/ffmpeg/linux-x86_64/libavformat.so.61
7f24fcff9000-7f24fd095000 r--p 009f8000 00:21 248449                     /home/sondsky/.javacpp/cache/ffmpeg-7.1-1.5.11-linux-x86_64.jar/org/bytedeco/ffmpeg/linux-x86_64/libavformat.so.61
7f24fd095000-7f24fd09e000 rw-p 00a94000 00:21 248449                     /home/sondsky/.javacpp/cache/ffmpeg-7.1-1.5.11-linux-x86_64.jar/org/bytedeco/ffmpeg/linux-x86_64/libavformat.so.61
7f24fd09e000-7f24fd0a8000 rw-p 00000000 00:00 0 
7f24fd0df000-7f24fd0ec000 r--p 00000000 00:21 451492                     /usr/lib/libpipewire-0.3.so.0.1602.0
7f24fd0ec000-7f24fd171000 r-xp 0000d000 00:21 451492                     /usr/lib/libpipewire-0.3.so.0.1602.0
7f24fd171000-7f24fd18e000 r--p 00092000 00:21 451492                     /usr/lib/libpipewire-0.3.so.0.1602.0
7f24fd18e000-7f24fd1aa000 r--p 000ae000 00:21 451492                     /usr/lib/libpipewire-0.3.so.0.1602.0
7f24fd1aa000-7f24fd1ab000 rw-p 000ca000 00:21 451492                     /usr/lib/libpipewire-0.3.so.0.1602.0
7f24fd1ab000-7f24fd1ac000 rw-p 00000000 00:00 0 
7f24fd1ac000-7f24fd1ce000 r--p 00000000 00:21 142675                     /usr/lib/libasound.so.2.0.0
7f24fd1ce000-7f24fd268000 r-xp 00022000 00:21 142675                     /usr/lib/libasound.so.2.0.0
7f24fd268000-7f24fd293000 r--p 000bc000 00:21 142675                     /usr/lib/libasound.so.2.0.0
7f24fd293000-7f24fd29b000 r--p 000e7000 00:21 142675                     /usr/lib/libasound.so.2.0.0
7f24fd29b000-7f24fd29c000 rw-p 000ef000 00:21 142675                     /usr/lib/libasound.so.2.0.0
7f24fd29c000-7f24fd2c2000 r--p 00000000 00:21 248451                     /home/sondsky/.javacpp/cache/ffmpeg-7.1-1.5.11-linux-x86_64.jar/org/bytedeco/ffmpeg/linux-x86_64/libjniavformat.so
7f24fd2c2000-7f24fd2fb000 r-xp 00026000 00:21 248451                     /home/sondsky/.javacpp/cache/ffmpeg-7.1-1.5.11-linux-x86_64.jar/org/bytedeco/ffmpeg/linux-x86_64/libjniavformat.so
7f24fd2fb000-7f24fd317000 r--p 0005f000 00:21 248451                     /home/sondsky/.javacpp/cache/ffmpeg-7.1-1.5.11-linux-x86_64.jar/org/bytedeco/ffmpeg/linux-x86_64/libjniavformat.so
7f24fd317000-7f24fd321000 r--p 0007a000 00:21 248451                     /home/sondsky/.javacpp/cache/ffmpeg-7.1-1.5.11-linux-x86_64.jar/org/bytedeco/ffmpeg/linux-x86_64/libjniavformat.so
7f24fd321000-7f24fd322000 rw-p 00084000 00:21 248451                     /home/sondsky/.javacpp/cache/ffmpeg-7.1-1.5.11-linux-x86_64.jar/org/bytedeco/ffmpeg/linux-x86_64/libjniavformat.so
7f24fd322000-7f24fd323000 rw-p 00000000 00:00 0 
7f24fd323000-7f24fd34c000 r--p 00000000 00:21 248448                     /home/sondsky/.javacpp/cache/ffmpeg-7.1-1.5.11-linux-x86_64.jar/org/bytedeco/ffmpeg/linux-x86_64/libjniavcodec.so
7f24fd34c000-7f24fd387000 r-xp 00029000 00:21 248448                     /home/sondsky/.javacpp/cache/ffmpeg-7.1-1.5.11-linux-x86_64.jar/org/bytedeco/ffmpeg/linux-x86_64/libjniavcodec.so
7f24fd387000-7f24fd3aa000 r--p 00064000 00:21 248448                     /home/sondsky/.javacpp/cache/ffmpeg-7.1-1.5.11-linux-x86_64.jar/org/bytedeco/ffmpeg/linux-x86_64/libjniavcodec.so
7f24fd3aa000-7f24fd3ab000 ---p 00087000 00:21 248448                     /home/sondsky/.javacpp/cache/ffmpeg-7.1-1.5.11-linux-x86_64.jar/org/bytedeco/ffmpeg/linux-x86_64/libjniavcodec.so
7f24fd3ab000-7f24fd3be000 r--p 00087000 00:21 248448                     /home/sondsky/.javacpp/cache/ffmpeg-7.1-1.5.11-linux-x86_64.jar/org/bytedeco/ffmpeg/linux-x86_64/libjniavcodec.so
7f24fd3be000-7f24fd3bf000 rw-p 0009a000 00:21 248448                     /home/sondsky/.javacpp/cache/ffmpeg-7.1-1.5.11-linux-x86_64.jar/org/bytedeco/ffmpeg/linux-x86_64/libjniavcodec.so
7f24fd3bf000-7f24fd3c0000 rw-p 00000000 00:00 0 
7f24fd3c0000-7f24fd3c1000 rw-p 00000000 00:00 0 
7f24fd3c1000-7f24fd3c5000 ---p 00000000 00:00 0 
7f24fd3c5000-7f24fd4c1000 rw-p 00000000 00:00 0 
7f24fd4c1000-7f24fd51d000 r--p 00000000 00:21 248436                     /home/sondsky/.javacpp/cache/ffmpeg-7.1-1.5.11-linux-x86_64.jar/org/bytedeco/ffmpeg/linux-x86_64/libjniavutil.so
7f24fd51d000-7f24fd5ac000 r-xp 0005c000 00:21 248436                     /home/sondsky/.javacpp/cache/ffmpeg-7.1-1.5.11-linux-x86_64.jar/org/bytedeco/ffmpeg/linux-x86_64/libjniavutil.so
7f24fd5ac000-7f24fd5e6000 r--p 000eb000 00:21 248436                     /home/sondsky/.javacpp/cache/ffmpeg-7.1-1.5.11-linux-x86_64.jar/org/bytedeco/ffmpeg/linux-x86_64/libjniavutil.so
7f24fd5e6000-7f24fd5e7000 ---p 00125000 00:21 248436                     /home/sondsky/.javacpp/cache/ffmpeg-7.1-1.5.11-linux-x86_64.jar/org/bytedeco/ffmpeg/linux-x86_64/libjniavutil.so
7f24fd5e7000-7f24fd5f3000 r--p 00125000 00:21 248436                     /home/sondsky/.javacpp/cache/ffmpeg-7.1-1.5.11-linux-x86_64.jar/org/bytedeco/ffmpeg/linux-x86_64/libjniavutil.so
7f24fd5f3000-7f24fd5f5000 rw-p 00131000 00:21 248436                     /home/sondsky/.javacpp/cache/ffmpeg-7.1-1.5.11-linux-x86_64.jar/org/bytedeco/ffmpeg/linux-x86_64/libjniavutil.so
7f24fd5f5000-7f24fd5f6000 rw-p 00000000 00:00 0 
7f24fd5f6000-7f24fd5f7000 rw-p 00000000 00:00 0 
7f24fd5f7000-7f24fd5fb000 ---p 00000000 00:00 0 
7f24fd5fb000-7f24fd6f8000 rw-p 00000000 00:00 0 
7f24fd6f8000-7f24fd6fc000 ---p 00000000 00:00 0 
7f24fd6fc000-7f24fd7f9000 rw-p 00000000 00:00 0 
7f24fd7f9000-7f24fd7fd000 ---p 00000000 00:00 0 
7f24fd7fd000-7f24fd8fa000 rw-p 00000000 00:00 0 
7f24fd8fa000-7f24fd8fe000 ---p 00000000 00:00 0 
7f24fd8fe000-7f24fd9fb000 rw-p 00000000 00:00 0 
7f24fd9fb000-7f24fd9ff000 ---p 00000000 00:00 0 
7f24fd9ff000-7f24fdafc000 rw-p 00000000 00:00 0 
7f24fdafc000-7f24fdb00000 ---p 00000000 00:00 0 
7f24fdb00000-7f24fdbfd000 rw-p 00000000 00:00 0 
7f24fdbfd000-7f24fdc01000 ---p 00000000 00:00 0 
7f24fdc01000-7f24fdcfe000 rw-p 00000000 00:00 0 
7f24fdcfe000-7f24fdd02000 ---p 00000000 00:00 0 
7f24fdd02000-7f24fddff000 rw-p 00000000 00:00 0 
7f24fddff000-7f24fde03000 ---p 00000000 00:00 0 
7f24fde03000-7f24fdf00000 rw-p 00000000 00:00 0 
7f24fdf00000-7f24fdf04000 ---p 00000000 00:00 0 
7f24fdf04000-7f24fe000000 rw-p 00000000 00:00 0 
7f24fe000000-7f2500021000 rw-p 00000000 00:00 0 
7f2500021000-7f2504000000 ---p 00000000 00:00 0 
7f2504000000-7f2504021000 rw-p 00000000 00:00 0 
7f2504021000-7f2508000000 ---p 00000000 00:00 0 
7f2508000000-7f2508021000 rw-p 00000000 00:00 0 
7f2508021000-7f250c000000 ---p 00000000 00:00 0 
7f250c02e000-7f250c033000 r--p 00000000 00:21 615382                     /usr/lib/jvm/java-21-openjdk/lib/libjsvml.so
7f250c033000-7f250c074000 r-xp 00005000 00:21 615382                     /usr/lib/jvm/java-21-openjdk/lib/libjsvml.so
7f250c074000-7f250c0fd000 r--p 00046000 00:21 615382                     /usr/lib/jvm/java-21-openjdk/lib/libjsvml.so
7f250c0fd000-7f250c0fe000 r--p 000ce000 00:21 615382                     /usr/lib/jvm/java-21-openjdk/lib/libjsvml.so
7f250c0fe000-7f250c0ff000 rw-p 000cf000 00:21 615382                     /usr/lib/jvm/java-21-openjdk/lib/libjsvml.so
7f250c0ff000-7f250c100000 rw-p 00000000 00:00 0 
7f250c100000-7f250c104000 ---p 00000000 00:00 0 
7f250c104000-7f250c200000 rw-p 00000000 00:00 0 
7f250c200000-7f250c765000 r--p 00000000 00:21 367981                     /usr/lib/locale/locale-archive
7f250c7e8000-7f250c870000 rw-p 00000000 00:00 0 
7f250c870000-7f2510400000 ---p 00000000 00:00 0 
7f2510400000-7f2510670000 rwxp 00000000 00:00 0 
7f2510670000-7f251785f000 ---p 00000000 00:00 0 
7f251785f000-7f2517b5f000 rwxp 00000000 00:00 0 
7f2517b5f000-7f2517fa0000 ---p 00000000 00:00 0 
7f2517fa0000-7f2518210000 rwxp 00000000 00:00 0 
7f2518210000-7f251f400000 ---p 00000000 00:00 0 
7f251f400000-7f2527ebc000 r--s 00000000 00:21 615399                     /usr/lib/jvm/java-21-openjdk/lib/modules
7f2527ebd000-7f2527ebf000 r--p 00000000 00:21 451537                     /usr/lib/spa-0.2/support/libspa-support.so
7f2527ebf000-7f2527eda000 r-xp 00002000 00:21 451537                     /usr/lib/spa-0.2/support/libspa-support.so
7f2527eda000-7f2527ee0000 r--p 0001d000 00:21 451537                     /usr/lib/spa-0.2/support/libspa-support.so
7f2527ee0000-7f2527ee8000 r--p 00022000 00:21 451537                     /usr/lib/spa-0.2/support/libspa-support.so
7f2527ee8000-7f2527ee9000 rw-p 0002a000 00:21 451537                     /usr/lib/spa-0.2/support/libspa-support.so
7f2527ee9000-7f2527eec000 r--p 00000000 00:21 451667                     /usr/lib/alsa-lib/libasound_module_pcm_pipewire.so
7f2527eec000-7f2527ef9000 r-xp 00003000 00:21 451667                     /usr/lib/alsa-lib/libasound_module_pcm_pipewire.so
7f2527ef9000-7f2527efc000 r--p 00010000 00:21 451667                     /usr/lib/alsa-lib/libasound_module_pcm_pipewire.so
7f2527efc000-7f2527efe000 r--p 00013000 00:21 451667                     /usr/lib/alsa-lib/libasound_module_pcm_pipewire.so
7f2527efe000-7f2527eff000 rw-p 00015000 00:21 451667                     /usr/lib/alsa-lib/libasound_module_pcm_pipewire.so
7f2527eff000-7f2527f00000 rw-p 00000000 00:00 0 
7f2527f00000-7f2527f04000 ---p 00000000 00:00 0 
7f2527f04000-7f2528000000 rw-p 00000000 00:00 0 
7f2528000000-7f25282ec000 rw-p 00000000 00:00 0 
7f25282ec000-7f252c000000 ---p 00000000 00:00 0 
7f252c00e000-7f252c012000 r--p 00000000 00:21 615381                     /usr/lib/jvm/java-21-openjdk/lib/libjsound.so
7f252c012000-7f252c01a000 r-xp 00004000 00:21 615381                     /usr/lib/jvm/java-21-openjdk/lib/libjsound.so
7f252c01a000-7f252c01d000 r--p 0000c000 00:21 615381                     /usr/lib/jvm/java-21-openjdk/lib/libjsound.so
7f252c01d000-7f252c01e000 r--p 0000e000 00:21 615381                     /usr/lib/jvm/java-21-openjdk/lib/libjsound.so
7f252c01e000-7f252c01f000 rw-p 0000f000 00:21 615381                     /usr/lib/jvm/java-21-openjdk/lib/libjsound.so
7f252c01f000-7f252c025000 r--p 00000000 00:21 248445                     /home/sondsky/.javacpp/cache/ffmpeg-7.1-1.5.11-linux-x86_64.jar/org/bytedeco/ffmpeg/linux-x86_64/libjniswresample.so
7f252c025000-7f252c02f000 r-xp 00006000 00:21 248445                     /home/sondsky/.javacpp/cache/ffmpeg-7.1-1.5.11-linux-x86_64.jar/org/bytedeco/ffmpeg/linux-x86_64/libjniswresample.so
7f252c02f000-7f252c034000 r--p 00010000 00:21 248445                     /home/sondsky/.javacpp/cache/ffmpeg-7.1-1.5.11-linux-x86_64.jar/org/bytedeco/ffmpeg/linux-x86_64/libjniswresample.so
7f252c034000-7f252c035000 r--p 00014000 00:21 248445                     /home/sondsky/.javacpp/cache/ffmpeg-7.1-1.5.11-linux-x86_64.jar/org/bytedeco/ffmpeg/linux-x86_64/libjniswresample.so
7f252c035000-7f252c036000 rw-p 00015000 00:21 248445                     /home/sondsky/.javacpp/cache/ffmpeg-7.1-1.5.11-linux-x86_64.jar/org/bytedeco/ffmpeg/linux-x86_64/libjniswresample.so
7f252c036000-7f252c039000 r--p 00000000 00:21 248443                     /home/sondsky/.javacpp/cache/ffmpeg-7.1-1.5.11-linux-x86_64.jar/org/bytedeco/ffmpeg/linux-x86_64/libswresample.so.5
7f252c039000-7f252c04d000 r-xp 00003000 00:21 248443                     /home/sondsky/.javacpp/cache/ffmpeg-7.1-1.5.11-linux-x86_64.jar/org/bytedeco/ffmpeg/linux-x86_64/libswresample.so.5
7f252c04d000-7f252c052000 r--p 00017000 00:21 248443                     /home/sondsky/.javacpp/cache/ffmpeg-7.1-1.5.11-linux-x86_64.jar/org/bytedeco/ffmpeg/linux-x86_64/libswresample.so.5
7f252c052000-7f252c054000 r--p 0001b000 00:21 248443                     /home/sondsky/.javacpp/cache/ffmpeg-7.1-1.5.11-linux-x86_64.jar/org/bytedeco/ffmpeg/linux-x86_64/libswresample.so.5
7f252c054000-7f252c055000 rw-p 0001d000 00:21 248443                     /home/sondsky/.javacpp/cache/ffmpeg-7.1-1.5.11-linux-x86_64.jar/org/bytedeco/ffmpeg/linux-x86_64/libswresample.so.5
7f252c055000-7f252c05e000 r--p 00000000 00:21 248442                     /home/sondsky/.javacpp/cache/javacpp-1.5.11-linux-x86_64.jar/org/bytedeco/javacpp/linux-x86_64/libjnijavacpp.so
7f252c05e000-7f252c070000 r-xp 00009000 00:21 248442                     /home/sondsky/.javacpp/cache/javacpp-1.5.11-linux-x86_64.jar/org/bytedeco/javacpp/linux-x86_64/libjnijavacpp.so
7f252c070000-7f252c07a000 r--p 0001b000 00:21 248442                     /home/sondsky/.javacpp/cache/javacpp-1.5.11-linux-x86_64.jar/org/bytedeco/javacpp/linux-x86_64/libjnijavacpp.so
7f252c07a000-7f252c07b000 r--p 00024000 00:21 248442                     /home/sondsky/.javacpp/cache/javacpp-1.5.11-linux-x86_64.jar/org/bytedeco/javacpp/linux-x86_64/libjnijavacpp.so
7f252c07b000-7f252c07c000 rw-p 00025000 00:21 248442                     /home/sondsky/.javacpp/cache/javacpp-1.5.11-linux-x86_64.jar/org/bytedeco/javacpp/linux-x86_64/libjnijavacpp.so
7f252c07c000-7f252c081000 r--p 00000000 00:21 248430                     /home/sondsky/.javacpp/cache/ffmpeg-7.1-1.5.11-linux-x86_64.jar/org/bytedeco/ffmpeg/linux-x86_64/libdrm.so.2
7f252c081000-7f252c08c000 r-xp 00005000 00:21 248430                     /home/sondsky/.javacpp/cache/ffmpeg-7.1-1.5.11-linux-x86_64.jar/org/bytedeco/ffmpeg/linux-x86_64/libdrm.so.2
7f252c08c000-7f252c090000 r--p 00010000 00:21 248430                     /home/sondsky/.javacpp/cache/ffmpeg-7.1-1.5.11-linux-x86_64.jar/org/bytedeco/ffmpeg/linux-x86_64/libdrm.so.2
7f252c090000-7f252c091000 r--p 00013000 00:21 248430                     /home/sondsky/.javacpp/cache/ffmpeg-7.1-1.5.11-linux-x86_64.jar/org/bytedeco/ffmpeg/linux-x86_64/libdrm.so.2
7f252c091000-7f252c092000 rw-p 00014000 00:21 248430                     /home/sondsky/.javacpp/cache/ffmpeg-7.1-1.5.11-linux-x86_64.jar/org/bytedeco/ffmpeg/linux-x86_64/libdrm.so.2
7f252c092000-7f252c095000 r--p 00000000 00:21 451923                     /usr/lib/libva.so.2.2300.0
7f252c095000-7f252c0b5000 r-xp 00003000 00:21 451923                     /usr/lib/libva.so.2.2300.0
7f252c0b5000-7f252c0c7000 r--p 00023000 00:21 451923                     /usr/lib/libva.so.2.2300.0
7f252c0c7000-7f252c0c8000 r--p 00035000 00:21 451923                     /usr/lib/libva.so.2.2300.0
7f252c0c8000-7f252c0c9000 rw-p 00036000 00:21 451923                     /usr/lib/libva.so.2.2300.0
7f252c0c9000-7f252c0ca000 rw-p 00000000 00:00 0 
7f252c0ca000-7f252c0ce000 ---p 00000000 00:00 0 
7f252c0ce000-7f252c1cb000 rw-p 00000000 00:00 0 
7f252c1cb000-7f252c1cf000 ---p 00000000 00:00 0 
7f252c1cf000-7f252c2cc000 rw-p 00000000 00:00 0 
7f252c2cc000-7f252c2d0000 ---p 00000000 00:00 0 
7f252c2d0000-7f252c3cd000 rw-p 00000000 00:00 0 
7f252c3cd000-7f252c3d1000 ---p 00000000 00:00 0 
7f252c3d1000-7f252c6cf000 rw-p 00000000 00:00 0 
7f252c6cf000-7f252c750000 rw-p 00000000 00:00 0 
7f252c750000-7f252c952000 rw-p 00000000 00:00 0 
7f252c952000-7f252d65f000 rw-p 00000000 00:00 0 
7f252d65f000-7f252d962000 rw-p 00000000 00:00 0 
7f252d962000-7f252da2c000 rw-p 00000000 00:00 0 
7f252da2c000-7f252e19e000 ---p 00000000 00:00 0 
7f252e19e000-7f252e1af000 rw-p 00000000 00:00 0 
7f252e1af000-7f252e921000 ---p 00000000 00:00 0 
7f252e921000-7f252f633000 rw-p 00000000 00:00 0 
7f252f633000-7f252f717000 ---p 00000000 00:00 0 
7f252f717000-7f252f71c000 rw-p 00000000 00:00 0 
7f252f71c000-7f252f800000 ---p 00000000 00:00 0 
7f252f800000-7f252f897000 r--p 00000000 00:21 11356                      /usr/lib/libstdc++.so.6.0.34
7f252f897000-7f252f9ec000 r-xp 00097000 00:21 11356                      /usr/lib/libstdc++.so.6.0.34
7f252f9ec000-7f252fa7e000 r--p 001ec000 00:21 11356                      /usr/lib/libstdc++.so.6.0.34
7f252fa7e000-7f252fa8f000 r--p 0027e000 00:21 11356                      /usr/lib/libstdc++.so.6.0.34
7f252fa8f000-7f252fa90000 rw-p 0028f000 00:21 11356                      /usr/lib/libstdc++.so.6.0.34
7f252fa90000-7f252fa94000 rw-p 00000000 00:00 0 
7f252fa95000-7f252fa96000 r--p 00000000 00:21 451536                     /usr/lib/spa-0.2/support/libspa-journal.so
7f252fa96000-7f252fa98000 r-xp 00001000 00:21 451536                     /usr/lib/spa-0.2/support/libspa-journal.so
7f252fa98000-7f252fa99000 r--p 00003000 00:21 451536                     /usr/lib/spa-0.2/support/libspa-journal.so
7f252fa99000-7f252fa9a000 r--p 00003000 00:21 451536                     /usr/lib/spa-0.2/support/libspa-journal.so
7f252fa9a000-7f252fa9b000 rw-p 00004000 00:21 451536                     /usr/lib/spa-0.2/support/libspa-journal.so
7f252fa9b000-7f252fa9c000 r--p 00000000 00:21 11056                      /usr/lib/libdl.so.2
7f252fa9c000-7f252fa9d000 r-xp 00001000 00:21 11056                      /usr/lib/libdl.so.2
7f252fa9d000-7f252fa9e000 r--p 00002000 00:21 11056                      /usr/lib/libdl.so.2
7f252fa9e000-7f252fa9f000 r--p 00002000 00:21 11056                      /usr/lib/libdl.so.2
7f252fa9f000-7f252faa0000 rw-p 00003000 00:21 11056                      /usr/lib/libdl.so.2
7f252faa0000-7f252faa1000 r--p 00000000 00:21 11328                      /usr/lib/libpthread.so.0
7f252faa1000-7f252faa2000 r-xp 00001000 00:21 11328                      /usr/lib/libpthread.so.0
7f252faa2000-7f252faa3000 r--p 00002000 00:21 11328                      /usr/lib/libpthread.so.0
7f252faa3000-7f252faa4000 r--p 00002000 00:21 11328                      /usr/lib/libpthread.so.0
7f252faa4000-7f252faa5000 rw-p 00003000 00:21 11328                      /usr/lib/libpthread.so.0
7f252faa5000-7f252fb00000 rw-p 00000000 00:00 0 
7f252fb00000-7f252fb04000 ---p 00000000 00:00 0 
7f252fb04000-7f252fc00000 rw-p 00000000 00:00 0 
7f252fc00000-7f252fc10000 r--p 00000000 00:21 615411                     /usr/lib/jvm/java-21-openjdk/lib/server/libjvm.so
7f252fc10000-7f2530b16000 r-xp 00010000 00:21 615411                     /usr/lib/jvm/java-21-openjdk/lib/server/libjvm.so
7f2530b16000-7f2530def000 r--p 00f16000 00:21 615411                     /usr/lib/jvm/java-21-openjdk/lib/server/libjvm.so
7f2530def000-7f2530ec5000 r--p 011ef000 00:21 615411                     /usr/lib/jvm/java-21-openjdk/lib/server/libjvm.so
7f2530ec5000-7f2530ef5000 rw-p 012c5000 00:21 615411                     /usr/lib/jvm/java-21-openjdk/lib/server/libjvm.so
7f2530ef5000-7f2530f5b000 rw-p 00000000 00:00 0 
7f2530f5f000-7f2530f60000 r--p 00000000 00:21 451911                     /usr/lib/libva-drm.so.2.2300.0
7f2530f60000-7f2530f61000 r-xp 00001000 00:21 451911                     /usr/lib/libva-drm.so.2.2300.0
7f2530f61000-7f2530f62000 r--p 00002000 00:21 451911                     /usr/lib/libva-drm.so.2.2300.0
7f2530f62000-7f2530f63000 r--p 00002000 00:21 451911                     /usr/lib/libva-drm.so.2.2300.0
7f2530f63000-7f2530f64000 rw-p 00003000 00:21 451911                     /usr/lib/libva-drm.so.2.2300.0
7f2530f64000-7f2530f67000 r--p 00000000 00:21 615389                     /usr/lib/jvm/java-21-openjdk/lib/libnet.so
7f2530f67000-7f2530f6f000 r-xp 00003000 00:21 615389                     /usr/lib/jvm/java-21-openjdk/lib/libnet.so
7f2530f6f000-7f2530f71000 r--p 0000b000 00:21 615389                     /usr/lib/jvm/java-21-openjdk/lib/libnet.so
7f2530f71000-7f2530f72000 r--p 0000c000 00:21 615389                     /usr/lib/jvm/java-21-openjdk/lib/libnet.so
7f2530f72000-7f2530f73000 rw-p 0000d000 00:21 615389                     /usr/lib/jvm/java-21-openjdk/lib/libnet.so
7f2530f73000-7f2530f7a000 r--p 00000000 00:21 615390                     /usr/lib/jvm/java-21-openjdk/lib/libnio.so
7f2530f7a000-7f2530f83000 r-xp 00007000 00:21 615390                     /usr/lib/jvm/java-21-openjdk/lib/libnio.so
7f2530f83000-7f2530f87000 r--p 00010000 00:21 615390                     /usr/lib/jvm/java-21-openjdk/lib/libnio.so
7f2530f87000-7f2530f88000 r--p 00014000 00:21 615390                     /usr/lib/jvm/java-21-openjdk/lib/libnio.so
7f2530f88000-7f2530f89000 rw-p 00015000 00:21 615390                     /usr/lib/jvm/java-21-openjdk/lib/libnio.so
7f2530f89000-7f2530f8b000 r--p 00000000 00:21 615398                     /usr/lib/jvm/java-21-openjdk/lib/libzip.so
7f2530f8b000-7f2530f8f000 r-xp 00002000 00:21 615398                     /usr/lib/jvm/java-21-openjdk/lib/libzip.so
7f2530f8f000-7f2530f91000 r--p 00006000 00:21 615398                     /usr/lib/jvm/java-21-openjdk/lib/libzip.so
7f2530f91000-7f2530f92000 r--p 00007000 00:21 615398                     /usr/lib/jvm/java-21-openjdk/lib/libzip.so
7f2530f92000-7f2530f93000 rw-p 00008000 00:21 615398                     /usr/lib/jvm/java-21-openjdk/lib/libzip.so
7f2530f93000-7f2530fd4000 rw-p 00000000 00:00 0 
7f2530fd4000-7f2530fde000 r--p 00000000 00:21 615374                     /usr/lib/jvm/java-21-openjdk/lib/libjava.so
7f2530fde000-7f2530fec000 r-xp 0000a000 00:21 615374                     /usr/lib/jvm/java-21-openjdk/lib/libjava.so
7f2530fec000-7f2530ff1000 r--p 00018000 00:21 615374                     /usr/lib/jvm/java-21-openjdk/lib/libjava.so
7f2530ff1000-7f2530ff2000 r--p 0001d000 00:21 615374                     /usr/lib/jvm/java-21-openjdk/lib/libjava.so
7f2530ff2000-7f2530ff3000 rw-p 0001e000 00:21 615374                     /usr/lib/jvm/java-21-openjdk/lib/libjava.so
7f2530ff3000-7f2530ff4000 rw-p 00000000 00:00 0 
7f2530ff4000-7f2530ff8000 r--p 00000000 00:21 11099                      /usr/lib/libgcc_s.so.1
7f2530ff8000-7f253101b000 r-xp 00004000 00:21 11099                      /usr/lib/libgcc_s.so.1
7f253101b000-7f253101f000 r--p 00027000 00:21 11099                      /usr/lib/libgcc_s.so.1
7f253101f000-7f2531020000 r--p 0002a000 00:21 11099                      /usr/lib/libgcc_s.so.1
7f2531020000-7f2531021000 rw-p 0002b000 00:21 11099                      /usr/lib/libgcc_s.so.1
7f2531021000-7f2531031000 r--p 00000000 00:21 11216                      /usr/lib/libm.so.6
7f2531031000-7f25310c8000 r-xp 00010000 00:21 11216                      /usr/lib/libm.so.6
7f25310c8000-7f253113d000 r--p 000a7000 00:21 11216                      /usr/lib/libm.so.6
7f253113d000-7f253113e000 r--p 0011b000 00:21 11216                      /usr/lib/libm.so.6
7f253113e000-7f253113f000 rw-p 0011c000 00:21 11216                      /usr/lib/libm.so.6
7f253113f000-7f2531142000 rw-p 00000000 00:00 0 
7f2531142000-7f2531145000 r--p 00000000 00:21 11458                      /usr/lib/libz.so.1.3.2
7f2531145000-7f2531155000 r-xp 00003000 00:21 11458                      /usr/lib/libz.so.1.3.2
7f2531155000-7f253115b000 r--p 00013000 00:21 11458                      /usr/lib/libz.so.1.3.2
7f253115b000-7f253115c000 r--p 00018000 00:21 11458                      /usr/lib/libz.so.1.3.2
7f253115c000-7f253115d000 rw-p 00019000 00:21 11458                      /usr/lib/libz.so.1.3.2
7f253115d000-7f2531181000 r--p 00000000 00:21 11020                      /usr/lib/libc.so.6
7f2531181000-7f25312f2000 r-xp 00024000 00:21 11020                      /usr/lib/libc.so.6
7f25312f2000-7f2531340000 r--p 00195000 00:21 11020                      /usr/lib/libc.so.6
7f2531340000-7f2531344000 r--p 001e2000 00:21 11020                      /usr/lib/libc.so.6
7f2531344000-7f2531346000 rw-p 001e6000 00:21 11020                      /usr/lib/libc.so.6
7f2531346000-7f253134f000 rw-p 00000000 00:00 0 
7f253134f000-7f2531350000 rw-p 00000000 00:00 0 
7f2531350000-7f2531351000 r--p 00000000 00:21 615367                     /usr/lib/jvm/java-21-openjdk/lib/libextnet.so
7f2531351000-7f2531352000 r-xp 00001000 00:21 615367                     /usr/lib/jvm/java-21-openjdk/lib/libextnet.so
7f2531352000-7f2531353000 r--p 00002000 00:21 615367                     /usr/lib/jvm/java-21-openjdk/lib/libextnet.so
7f2531353000-7f2531354000 r--p 00002000 00:21 615367                     /usr/lib/jvm/java-21-openjdk/lib/libextnet.so
7f2531354000-7f2531355000 rw-p 00003000 00:21 615367                     /usr/lib/jvm/java-21-openjdk/lib/libextnet.so
7f2531355000-7f253135b000 rw-p 00000000 00:00 0 
7f253135b000-7f2531364000 ---p 00000000 00:00 0 
7f2531364000-7f253136c000 rw-s 00000000 00:37 232                        /tmp/hsperfdata_sondsky/217581
7f253136c000-7f253136e000 r--p 00000000 00:21 615369                     /usr/lib/jvm/java-21-openjdk/lib/libinstrument.so
7f253136e000-7f2531374000 r-xp 00002000 00:21 615369                     /usr/lib/jvm/java-21-openjdk/lib/libinstrument.so
7f2531374000-7f2531377000 r--p 00008000 00:21 615369                     /usr/lib/jvm/java-21-openjdk/lib/libinstrument.so
7f2531377000-7f2531378000 r--p 0000a000 00:21 615369                     /usr/lib/jvm/java-21-openjdk/lib/libinstrument.so
7f2531378000-7f2531379000 rw-p 0000b000 00:21 615369                     /usr/lib/jvm/java-21-openjdk/lib/libinstrument.so
7f2531379000-7f253137a000 ---p 00000000 00:00 0 
7f253137a000-7f253137b000 r--p 00000000 00:00 0 
7f253137b000-7f253137c000 ---p 00000000 00:00 0 
7f253137c000-7f253137d000 r--p 00000000 00:21 615378                     /usr/lib/jvm/java-21-openjdk/lib/libjimage.so
7f253137d000-7f253137f000 r-xp 00001000 00:21 615378                     /usr/lib/jvm/java-21-openjdk/lib/libjimage.so
7f253137f000-7f2531380000 r--p 00003000 00:21 615378                     /usr/lib/jvm/java-21-openjdk/lib/libjimage.so
7f2531380000-7f2531381000 r--p 00004000 00:21 615378                     /usr/lib/jvm/java-21-openjdk/lib/libjimage.so
7f2531381000-7f2531382000 rw-p 00005000 00:21 615378                     /usr/lib/jvm/java-21-openjdk/lib/libjimage.so
7f2531382000-7f2531384000 r--p 00000000 00:21 615379                     /usr/lib/jvm/java-21-openjdk/lib/libjli.so
7f2531384000-7f253138e000 r-xp 00002000 00:21 615379                     /usr/lib/jvm/java-21-openjdk/lib/libjli.so
7f253138e000-7f2531391000 r--p 0000c000 00:21 615379                     /usr/lib/jvm/java-21-openjdk/lib/libjli.so
7f2531391000-7f2531392000 r--p 0000f000 00:21 615379                     /usr/lib/jvm/java-21-openjdk/lib/libjli.so
7f2531392000-7f2531393000 rw-p 00010000 00:21 615379                     /usr/lib/jvm/java-21-openjdk/lib/libjli.so
7f2531393000-7f2531395000 rw-p 00000000 00:00 0 
7f2531395000-7f2531399000 r--p 00000000 00:00 0                          [vvar]
7f2531399000-7f253139b000 r--p 00000000 00:00 0                          [vvar_vclock]
7f253139b000-7f253139d000 r-xp 00000000 00:00 0                          [vdso]
7f253139d000-7f253139e000 r--p 00000000 00:21 10967                      /usr/lib/ld-linux-x86-64.so.2
7f253139e000-7f25313c8000 r-xp 00001000 00:21 10967                      /usr/lib/ld-linux-x86-64.so.2
7f25313c8000-7f25313d3000 r--p 0002b000 00:21 10967                      /usr/lib/ld-linux-x86-64.so.2
7f25313d3000-7f25313d5000 r--p 00036000 00:21 10967                      /usr/lib/ld-linux-x86-64.so.2
7f25313d5000-7f25313d6000 rw-p 00038000 00:21 10967                      /usr/lib/ld-linux-x86-64.so.2
7f25313d6000-7f25313d7000 rw-p 00000000 00:00 0 
7ffd1e191000-7ffd1e1b3000 rw-p 00000000 00:00 0                          [stack]
ffffffffff600000-ffffffffff601000 --xp 00000000 00:00 0                  [vsyscall]
Total number of mappings: 359

JVMTI agents:
/usr/share/idea/lib/idea_rt.jar path:none, loaded, initialized, instrumentlib options:34001


VM Arguments:
jvm_args: -javaagent:/usr/share/idea/lib/idea_rt.jar=34001 -Dfile.encoding=UTF-8 -Dsun.stdout.encoding=UTF-8 -Dsun.stderr.encoding=UTF-8 
java_command: Main
java_class_path (initial): /home/sondsky/code/MardukAudioCore/target/classes:/home/sondsky/.m2/repository/net/java/dev/jna/jna/5.13.0/jna-5.13.0.jar:/home/sondsky/.m2/repository/javazoom/jlayer/1.0.1/jlayer-1.0.1.jar:/home/sondsky/.m2/repository/commons-io/commons-io/2.11.0/commons-io-2.11.0.jar:/home/sondsky/.m2/repository/com/googlecode/soundlibs/mp3spi/1.9.5.4/mp3spi-1.9.5.4.jar:/home/sondsky/.m2/repository/com/googlecode/soundlibs/jlayer/1.0.1.4/jlayer-1.0.1.4.jar:/home/sondsky/.m2/repository/junit/junit/3.8.2/junit-3.8.2.jar:/home/sondsky/.m2/repository/com/googlecode/soundlibs/tritonus-share/0.3.7.4/tritonus-share-0.3.7.4.jar:/home/sondsky/.m2/repository/org/bytedeco/ffmpeg/7.1-1.5.11/ffmpeg-7.1-1.5.11.jar:/home/sondsky/.m2/repository/org/bytedeco/javacpp/1.5.11/javacpp-1.5.11.jar:/home/sondsky/.m2/repository/org/bytedeco/ffmpeg-platform/7.1-1.5.11/ffmpeg-platform-7.1-1.5.11.jar:/home/sondsky/.m2/repository/org/bytedeco/javacpp-platform/1.5.11/javacpp-platform-1.5.11.jar:/home/sondsky/.m2/repository/org/bytedeco/javacpp/1.5.11/javacpp-1.5.11-android-arm64.jar:/home/sondsky/.m2/repository/org/bytedeco/javacpp/1.5.11/javacpp-1.5.11-android-x86_64.jar:/home/sondsky/.m2/repository/org/bytedeco/javacpp/1.5.11/javacpp-1.5.11-ios-arm64.jar:/home/sondsky/.m2/repository/org/bytedeco/javacpp/1.5.11/javacpp-1.5.11-ios-x86_64.jar:/home/sondsky/.m2/repository/org/bytedeco/javacpp/1.5.11/javacpp-1.5.11-linux-arm64.jar:/home/sondsky/.m2/repository/org/bytedeco/javacpp/1.5.11/javacpp-1.5.11-linux-ppc64le.jar:/home/sondsky/.m2/repository/org/bytedeco/javacpp/1.5.11/javacpp-1.5.11-linux-x86_64.jar:/home/sondsky/.m2/repository/org/bytedeco/javacpp/1.5.11/javacpp-1.5.11-macosx-arm64.jar:/home/sondsky/.m2/repository/org/bytedeco/javacpp/1.5.11/javacpp-1.5.11-macosx-x86_64.jar:/home/sondsky/.m2/repository/org/bytedeco/javacpp/1.5.11/javacpp-1.5.11-windows-x86_64.jar:/home/sondsky/.m2/repository/org/bytedeco/ffmpeg/7.1-1.5.11/ffmpeg-7.1-1.5.11-android-arm64.jar:/home/sondsky/.m2/repository/org/bytedeco/ffmpeg/7.1-1.5.11/ffmpeg-7.1-1.5.11-android-x86_64.jar:/home/sondsky/.m2/repository/org/bytedeco/ffmpeg/7.1-1.5.11/ffmpeg-7.1-1.5.11-linux-x86_64.jar:/home/sondsky/.m2/repository/org/bytedeco/ffmpeg/7.1-1.5.11/ffmpeg-7.1-1.5.11-linux-arm64.jar:/home/sondsky/.m2/repository/org/bytedeco/ffmpeg/7.1-1.5.11/ffmpeg-7.1-1.5.11-macosx-arm64.jar:/home/sondsky/.m2/repository/org/bytedeco/ffmpeg/7.1-1.5.11/ffmpeg-7.1-1.5.11-macosx-x86_64.jar:/home/sondsky/.m2/repository/org/bytedeco/ffmpeg/7.1-1.5.11/ffmpeg-7.1-1.5.11-windows-x86_64.jar
Launcher Type: SUN_STANDARD

[Global flags]
     intx CICompilerCount                          = 12                                        {product} {ergonomic}
     uint ConcGCThreads                            = 3                                         {product} {ergonomic}
     uint G1ConcRefinementThreads                  = 13                                        {product} {ergonomic}
   size_t G1HeapRegionSize                         = 2097152                                   {product} {ergonomic}
    uintx GCDrainStackTargetSize                   = 64                                        {product} {ergonomic}
   size_t InitialHeapSize                          = 253755392                                 {product} {ergonomic}
   size_t MarkStackSize                            = 4194304                                   {product} {ergonomic}
   size_t MaxHeapSize                              = 4032823296                                {product} {ergonomic}
   size_t MaxNewSize                               = 2418016256                                {product} {ergonomic}
   size_t MinHeapDeltaBytes                        = 2097152                                   {product} {ergonomic}
   size_t MinHeapSize                              = 8388608                                   {product} {ergonomic}
    uintx NonNMethodCodeHeapSize                   = 7602480                                {pd product} {ergonomic}
    uintx NonProfiledCodeHeapSize                  = 122027880                              {pd product} {ergonomic}
    uintx ProfiledCodeHeapSize                     = 122027880                              {pd product} {ergonomic}
    uintx ReservedCodeCacheSize                    = 251658240                              {pd product} {ergonomic}
     bool SegmentedCodeCache                       = true                                      {product} {ergonomic}
   size_t SoftMaxHeapSize                          = 4032823296                             {manageable} {ergonomic}
     bool UseCompressedOops                        = true                           {product lp64_product} {ergonomic}
     bool UseG1GC                                  = true                                      {product} {ergonomic}

Logging:
Log output configuration:
 #0: stdout all=warning uptime,level,tags foldmultilines=false
 #1: stderr all=off uptime,level,tags foldmultilines=false

Release file:
IMPLEMENTOR="Arch Linux"
JAVA_RUNTIME_VERSION="21.0.10+7"
JAVA_VERSION="21.0.10"
JAVA_VERSION_DATE="2026-01-20"
LIBC="gnu"
MODULES="java.base java.compiler java.datatransfer java.xml java.prefs java.desktop java.instrument java.logging java.management java.security.sasl java.naming java.rmi java.management.rmi java.net.http java.scripting java.security.jgss java.transaction.xa java.sql java.sql.rowset java.xml.crypto java.se java.smartcardio jdk.accessibility jdk.internal.jvmstat jdk.attach jdk.charsets jdk.internal.opt jdk.zipfs jdk.compiler jdk.crypto.ec jdk.crypto.cryptoki jdk.dynalink jdk.internal.ed jdk.editpad jdk.hotspot.agent jdk.httpserver jdk.incubator.vector jdk.internal.le jdk.internal.vm.ci jdk.internal.vm.compiler jdk.internal.vm.compiler.management jdk.jartool jdk.javadoc jdk.jcmd jdk.management jdk.management.agent jdk.jconsole jdk.jdeps jdk.jdwp.agent jdk.jdi jdk.jfr jdk.jlink jdk.jpackage jdk.jshell jdk.jsobject jdk.jstatd jdk.localedata jdk.management.jfr jdk.naming.dns jdk.naming.rmi jdk.net jdk.nio.mapmode jdk.random jdk.sctp jdk.security.auth jdk.security.jgss jdk.unsupported jdk.unsupported.desktop jdk.xml.dom"
OS_ARCH="x86_64"
OS_NAME="Linux"
SOURCE=""

Environment Variables:
PATH=/usr/local/sbin:/usr/local/bin:/usr/bin:/usr/lib/jvm/default/bin:/usr/bin/site_perl:/usr/bin/vendor_perl:/usr/bin/core_perl
SHELL=/bin/bash
DISPLAY=:1
WAYLAND_DISPLAY=wayland-0
LANG=en_US.UTF-8
LC_NUMERIC=es_AR.UTF-8
LC_TIME=es_AR.UTF-8
TERM=xterm

Active Locale:
LC_ALL=LC_CTYPE=en_US.UTF-8;LC_NUMERIC=es_AR.UTF-8;LC_TIME=es_AR.UTF-8;LC_COLLATE=en_US.UTF-8;LC_MONETARY=es_AR.UTF-8;LC_MESSAGES=en_US.UTF-8;LC_PAPER=es_AR.UTF-8;LC_NAME=es_AR.UTF-8;LC_ADDRESS=es_AR.UTF-8;LC_TELEPHONE=es_AR.UTF-8;LC_MEASUREMENT=es_AR.UTF-8;LC_IDENTIFICATION=es_AR.UTF-8
LC_COLLATE=en_US.UTF-8
LC_CTYPE=en_US.UTF-8
LC_MESSAGES=en_US.UTF-8
LC_MONETARY=es_AR.UTF-8
LC_NUMERIC=es_AR.UTF-8
LC_TIME=es_AR.UTF-8

Signal Handlers:
   SIGSEGV: 0x00007f2530a0d280 in libjvm.so+14733952, mask=11100100010111111101111111111110, flags=SA_RESTART|SA_SIGINFO, unblocked
    SIGBUS: 0x00007f2530a0d280 in libjvm.so+14733952, mask=11100100010111111101111111111110, flags=SA_RESTART|SA_SIGINFO, unblocked
    SIGFPE: 0x00007f2530a0d280 in libjvm.so+14733952, mask=11100100010111111101111111111110, flags=SA_RESTART|SA_SIGINFO, unblocked
   SIGPIPE: 0x00007f2530866980 in libjvm.so+13003136, mask=11100100010111111101111111111110, flags=SA_RESTART|SA_SIGINFO, blocked
   SIGXFSZ: 0x00007f2530866980 in libjvm.so+13003136, mask=11100100010111111101111111111110, flags=SA_RESTART|SA_SIGINFO, blocked
    SIGILL: 0x00007f2530a0d280 in libjvm.so+14733952, mask=11100100010111111101111111111110, flags=SA_RESTART|SA_SIGINFO, unblocked
   SIGUSR2: 0x00007f25308682a0 in libjvm.so+13009568, mask=00000000000000000000000000000000, flags=SA_RESTART|SA_SIGINFO, blocked
    SIGHUP: 0x00007f2530865ce0 in libjvm.so+12999904, mask=11100100010111111101111111111110, flags=SA_RESTART|SA_SIGINFO, blocked
    SIGINT: 0x00007f2530865ce0 in libjvm.so+12999904, mask=11100100010111111101111111111110, flags=SA_RESTART|SA_SIGINFO, blocked
   SIGTERM: 0x00007f2530865ce0 in libjvm.so+12999904, mask=11100100010111111101111111111110, flags=SA_RESTART|SA_SIGINFO, blocked
   SIGQUIT: 0x00007f2530865ce0 in libjvm.so+12999904, mask=11100100010111111101111111111110, flags=SA_RESTART|SA_SIGINFO, blocked
   SIGTRAP: 0x00007f2530a0d280 in libjvm.so+14733952, mask=11100100010111111101111111111110, flags=SA_RESTART|SA_SIGINFO, unblocked


Periodic native trim disabled

---------------  S Y S T E M  ---------------

OS:
DISTRIB_ID=Garuda
DISTRIB_RELEASE=Soaring
DISTRIB_DESCRIPTION="Garuda Linux Broadwing"
DISTRIB_CODENAME="Broadwing"
uname: Linux 6.19.9-zen1-1-zen #1 ZEN SMP PREEMPT_DYNAMIC Thu, 19 Mar 2026 16:33:07 +0000 x86_64
OS uptime: 0 days 19:05 hours
libc: glibc 2.43 NPTL 2.43 
rlimit (soft/hard): STACK 8192k/infinity , CORE infinity/infinity , NPROC 1048576/1048576 , NOFILE 1048576/1048576 , AS infinity/infinity , CPU infinity/infinity , DATA infinity/infinity , FSIZE infinity/infinity , MEMLOCK infinity/infinity
load average: 0,14 0,16 0,21

/proc/meminfo:
MemTotal:       15750016 kB
MemFree:          954572 kB
MemAvailable:    8325200 kB
Buffers:           60896 kB
Cached:          6430200 kB
SwapCached:            0 kB
Active:          7185204 kB
Inactive:        4902536 kB
Active(anon):    4387940 kB
Inactive(anon):   179200 kB
Active(file):    2797264 kB
Inactive(file):  4723336 kB
Unevictable:         696 kB
Mlocked:             696 kB
SwapTotal:      15749116 kB
SwapFree:       15748236 kB
Zswap:                 0 kB
Zswapped:              0 kB
Dirty:               736 kB
Writeback:             0 kB
AnonPages:       5524152 kB
Mapped:          1913448 kB
Shmem:            169636 kB
KReclaimable:     185620 kB
Slab:             389336 kB
SReclaimable:     185620 kB
SUnreclaim:       203716 kB
KernelStack:       28592 kB
PageTables:        65196 kB
SecPageTables:      3540 kB
NFS_Unstable:          0 kB
Bounce:                0 kB
WritebackTmp:          0 kB
CommitLimit:    23624124 kB
Committed_AS:   19688484 kB
VmallocTotal:   34359738367 kB
VmallocUsed:      187732 kB
VmallocChunk:          0 kB
Percpu:            15872 kB
HardwareCorrupted:     0 kB
AnonHugePages:   1032192 kB
ShmemHugePages:    96256 kB
ShmemPmdMapped:    71680 kB
FileHugePages:    319488 kB
FilePmdMapped:    180224 kB
CmaTotal:              0 kB
CmaFree:               0 kB
Unaccepted:            0 kB
Balloon:               0 kB
HugePages_Total:       0
HugePages_Free:        0
HugePages_Rsvd:        0
HugePages_Surp:        0
Hugepagesize:       2048 kB
Hugetlb:               0 kB
DirectMap4k:     2275004 kB
DirectMap2M:    13879296 kB
DirectMap1G:     1048576 kB

/sys/kernel/mm/transparent_hugepage/enabled: [always] madvise never
/sys/kernel/mm/transparent_hugepage/hpage_pmd_size: 2097152
/sys/kernel/mm/transparent_hugepage/defrag (defrag/compaction efforts parameter): always defer [defer+madvise] madvise never

Process Memory:
Virtual Size: 7524704K (peak: 7591332K)
Resident Set Size: 95708K (peak: 122616K) (anon: 55264K, file: 40412K, shmem: 32K)
Swapped out: 0K
C-Heap outstanding allocations: 33269K, retained: 28102K
glibc malloc tunables: (default)

/proc/sys/kernel/threads-max (system-wide limit on the number of threads): 122738
/proc/sys/vm/max_map_count (maximum number of memory map areas a process may have): 1048576
/proc/sys/vm/swappiness (control to define how aggressively the kernel swaps out anonymous memory): 133
/proc/sys/kernel/pid_max (system-wide limit on number of process identifiers): 4194304

container information not found.
Steal ticks since vm start: 0
Steal ticks percentage since vm start:  0,000

CPU: total 16 (initial active 16) (16 cores per cpu, 2 threads per core) family 25 model 80 stepping 0 microcode 0xa500012, cx8, cmov, fxsr, ht, mmx, 3dnowpref, sse, sse2, sse3, ssse3, sse4a, sse4.1, sse4.2, popcnt, lzcnt, tsc, tscinvbit, avx, avx2, aes, erms, clmul, bmi1, bmi2, adx, sha, fma, vzeroupper, clflush, clflushopt, rdtscp, rdpid, fsrm, f16c, pku, ospke, cet_ss
CPU Model and flags from /proc/cpuinfo:
model name	: AMD Ryzen 7 5800HS with Radeon Graphics
flags		: fpu vme de pse tsc msr pae mce cx8 apic sep mtrr pge mca cmov pat pse36 clflush mmx fxsr sse sse2 ht syscall nx mmxext fxsr_opt pdpe1gb rdtscp lm constant_tsc rep_good nopl xtopology nonstop_tsc cpuid extd_apicid aperfmperf rapl pni pclmulqdq monitor ssse3 fma cx16 sse4_1 sse4_2 movbe popcnt aes xsave avx f16c rdrand lahf_lm cmp_legacy svm extapic cr8_legacy abm sse4a misalignsse 3dnowprefetch osvw ibs skinit wdt tce topoext perfctr_core perfctr_nb bpext perfctr_llc mwaitx cpb cat_l3 cdp_l3 hw_pstate ssbd mba ibrs ibpb stibp vmmcall fsgsbase bmi1 avx2 smep bmi2 erms invpcid cqm rdt_a rdseed adx smap clflushopt clwb sha_ni xsaveopt xsavec xgetbv1 xsaves cqm_llc cqm_occup_llc cqm_mbm_total cqm_mbm_local user_shstk clzero irperf xsaveerptr rdpru wbnoinvd cppc arat npt lbrv svm_lock nrip_save tsc_scale vmcb_clean flushbyasid decodeassists pausefilter pfthreshold avic v_vmsave_vmload vgif v_spec_ctrl umip pku ospke vaes vpclmulqdq rdpid overflow_recov succor smca fsrm debug_swap

Online cpus: 0-15
Offline cpus: 
BIOS frequency limitation: <Not Available>
Frequency switch latency (ns): 0
Available cpu frequencies: <Not Available>
Current governor: powersave
Core performance/turbo boost: 1

Memory: 4k page, physical 15750016k(8325200k free), swap 15749116k(15748236k free)
Page Sizes: 4k

vm_info: OpenJDK 64-Bit Server VM (21.0.10+7) for linux-amd64 JRE (21.0.10+7), built on 2026-01-21T09:21:17Z by "builduser" with gcc 15.2.1 20260103

END.
