#
# A fatal error has been detected by the Java Runtime Environment:
#
#  SIGSEGV (0xb) at pc=0x00007f7129aec537, pid=213061, tid=213461
#
# JRE version: OpenJDK Runtime Environment (21.0.10+7) (build 21.0.10+7)
# Java VM: OpenJDK 64-Bit Server VM (21.0.10+7, mixed mode, sharing, tiered, compressed oops, compressed class ptrs, g1 gc, linux-amd64)
# Problematic frame:
# C  [libc.so.6+0xa7537]  __libc_free+0x17
#
# Core dump will be written. Default location: Core dumps may be processed with "/usr/lib/systemd/systemd-coredump %P %u %g %s %t %c %h %d %F" (or dumping to /home/sondsky/code/MardukAudioCore/core.213061)
#
# If you would like to submit a bug report, please visit:
#   https://bugreport.java.com/bugreport/crash.jsp
# The crash happened outside the Java Virtual Machine in native code.
# See problematic frame for where to report the bug.
#

---------------  S U M M A R Y ------------

Command Line: -javaagent:/usr/share/idea/lib/idea_rt.jar=37467 -Dfile.encoding=UTF-8 -Dsun.stdout.encoding=UTF-8 -Dsun.stderr.encoding=UTF-8 Main

Host: AMD Ryzen 7 5800HS with Radeon Graphics, 16 cores, 15G, Garuda Linux Broadwing
Time: Fri Mar 27 14:00:48 2026 -03 elapsed time: 226.493296 seconds (0d 0h 3m 46s)

---------------  T H R E A D  ---------------

Current thread (0x00007f70642232c0):  JavaThread "Thread-4"         [_thread_in_native, id=213461, stack(0x00007f70f4025000,0x00007f70f4125000) (1024K)]

Stack: [0x00007f70f4025000,0x00007f70f4125000],  sp=0x00007f70f41236d8,  free space=1017k
Native frames: (J=compiled Java code, j=interpreted, Vv=VM code, C=native code)
C  [libc.so.6+0xa7537]  __libc_free+0x17
Java frames: (J=compiled Java code, j=interpreted, Vv=VM code)
j  org.bytedeco.ffmpeg.global.swresample.swr_free(Lorg/bytedeco/ffmpeg/swresample/SwrContext;)V+0
j  utils.FFmpegAudioDecoder.close()V+39
j  engine.FFmpegAudioEngine.internalStop()V+98
j  engine.FFmpegAudioEngine.lambda$stop$0()V+7
j  engine.FFmpegAudioEngine$$Lambda+0x00007f70a8036898.run()V+4
j  java.lang.Thread.runWith(Ljava/lang/Object;Ljava/lang/Runnable;)V+5 java.base@21.0.10
j  java.lang.Thread.run()V+19 java.base@21.0.10
v  ~StubRoutines::call_stub 0x00007f710f85fcc6

siginfo: si_signo: 11 (SIGSEGV), si_code: 1 (SEGV_MAPERR), si_addr: 0x00007f7034002038

Registers:
RAX=0x0000000000000000, RBX=0x00007f706433f6f0, RCX=0x0000000000000000, RDX=0x00007f706433f4d0
RSP=0x00007f70f41236d8, RBP=0x00007f70f4123720, RSI=0x00007f70f41237c0, RDI=0x00007f7034002040
R8 =0x0000000000003880, R9 =0x0000000711ab2f58, R10=0x0000000000000010, R11=0x0000000000000022
R12=0x00007f70f41237c0, R13=0x00007f70a35258a8, R14=0x00007f70f41237c0, R15=0x00007f70642232c0
RIP=0x00007f7129aec537, EFLAGS=0x0000000000010246, CSGSFS=0x002b000000000033, ERR=0x0000000000000004
  TRAPNO=0x000000000000000e

XMM[0]=0x0000000000000000 0x00007f0000000000
XMM[1]=0x00007f70642e7b20 0x00007f70642e7b10
XMM[2]=0x0000000000000000 0x00007f710f8694ec
XMM[3]=0x0000000000000000 0x00007f70f4123110
XMM[4]=0x0000000000000000 0x00007f710f8672f2
XMM[5]=0x0000000000000000 0x00007f70a3597628
XMM[6]=0x0000000000000000 0x0000000000000000
XMM[7]=0x0000000000000000 0x00007f70a3597678
XMM[8]=0x0000000000000000 0xc4f640ff8b490000
XMM[9]=0x0000000000000000 0x00007f7064319490
XMM[10]=0x0000000000000000 0x00007f7064319480
XMM[11]=0x0000000000000000 0x00007f7064319470
XMM[12]=0x0000000000000000 0x00007f7064319460
XMM[13]=0x0000000000000000 0x00007f7064319450
XMM[14]=0x0000000000000000 0x00007f7064319440
XMM[15]=0x0000000000000000 0x0000000000000000
  MXCSR=0x00001fa2


Register to memory mapping:

RAX=0x0 is null
RBX=0x00007f706433f6f0 points into unknown readable memory: 0x0000000000000000 | 00 00 00 00 00 00 00 00
RCX=0x0 is null
RDX=0x00007f706433f4d0 points into unknown readable memory: 0x0000000000000000 | 00 00 00 00 00 00 00 00
RSP=0x00007f70f41236d8 is pointing into the stack for thread: 0x00007f70642232c0
RBP=0x00007f70f4123720 is pointing into the stack for thread: 0x00007f70642232c0
RSI=0x00007f70f41237c0 is pointing into the stack for thread: 0x00007f70642232c0
RDI=0x00007f7034002040 is an unknown value
R8 =0x0000000000003880 is an unknown value
R9 =0x0000000711ab2f58 is an oop: org.bytedeco.ffmpeg.swresample.SwrContext 
{0x0000000711ab2f58} - klass: 'org/bytedeco/ffmpeg/swresample/SwrContext'
 - ---- fields (total size 6 words):
 - private 'deallocator' 'Lorg/bytedeco/javacpp/Pointer$Deallocator;' @12  null (0x00000000)
 - protected 'address' 'J' @16  0 (0x0000000000000000)
 - protected 'position' 'J' @24  0 (0x0000000000000000)
 - protected 'limit' 'J' @32  0 (0x0000000000000000)
 - protected 'capacity' 'J' @40  0 (0x0000000000000000)
R10=0x0000000000000010 is an unknown value
R11=0x0000000000000022 is an unknown value
R12=0x00007f70f41237c0 is pointing into the stack for thread: 0x00007f70642232c0
R13=0x00007f70a35258a8 is pointing into metadata
R14=0x00007f70f41237c0 is pointing into the stack for thread: 0x00007f70642232c0
R15=0x00007f70642232c0 is a thread

Top of Stack: (sp=0x00007f70f41236d8)
0x00007f70f41236d8:   00007f711fee56f4 00007f706433be40
0x00007f70f41236e8:   00007f711fee576f 00007f706433be40
0x00007f70f41236f8:   00007f711fee5856 0000000000000042
0x00007f70f4123708:   00007f70a35258b8 00007f7064223680
0x00007f70f4123718:   00007f711fed0955 00007f706433be40
0x00007f70f4123728:   368383af9b995c00 0000000000000000
0x00007f70f4123738:   00007f70f41237a0 0000000000000000
0x00007f70f4123748:   00007f710f86b9c0 0000000000000000
0x00007f70f4123758:   00007f70f4123758 0000000000000000
0x00007f70f4123768:   0000000000000004 00007f70a3527268
0x00007f70f4123778:   0000000000000000 000000070fa1e280
0x00007f70f4123788:   00007f70a35258b8 0000000000000000
0x00007f70f4123798:   00007f70f41237c0 00007f70f4123810
0x00007f70f41237a8:   00007f710f867180 000000070fa1e280
0x00007f70f41237b8:   00007f710f868fd7 0000000711ab2f58
0x00007f70f41237c8:   00007f70f41237c8 00007f70a3410d3f
0x00007f70f41237d8:   0000000000000002 00007f70a3418180
0x00007f70f41237e8:   0000000000000000 00000007100a1398
0x00007f70f41237f8:   00007f70a3410d78 00007f70f41237c0
0x00007f70f4123808:   00007f70f4123820 00007f70f4123870
0x00007f70f4123818:   00007f710f867180 0000000711ab2c58
0x00007f70f4123828:   00007f70f4123828 00007f70a340e6a2
0x00007f70f4123838:   0000000000000003 00007f70a340f270
0x00007f70f4123848:   00007f70a35976d0 0000000710064c40
0x00007f70f4123858:   00007f70a340e6d8 00007f70f4123820
0x00007f70f4123868:   00007f70f4123888 00007f70f41238d8
0x00007f70f4123878:   00007f710f867180 0000000711900548
0x00007f70f4123888:   0000000710064fd0 00007f70f4123890
0x00007f70f4123898:   00007f70a340ef8f 0000000000000004
0x00007f70f41238a8:   00007f70a340f270 0000000000000000
0x00007f70f41238b8:   0000000710064c40 00007f70a340eff0
0x00007f70f41238c8:   00007f70f4123888 00007f70f41238f8 

Instructions: (pc=0x00007f7129aec537)
0x00007f7129aec437:   48 39 1a 0f 84 48 fe ff ff 48 8d 0d a1 f3 10 00
0x00007f7129aec447:   ba 1f 0e 00 00 48 8d 35 96 9e 10 00 48 8d 3d 4e
0x00007f7129aec457:   f1 10 00 e8 11 eb f8 ff 90 48 8b 05 89 f8 13 00
0x00007f7129aec467:   64 c7 00 16 00 00 00 31 c0 c3 0f 1f 80 00 00 00
0x00007f7129aec477:   00 49 89 f8 e9 cd fc ff ff 0f bd c7 8d 58 36 48
0x00007f7129aec487:   63 db 48 8d 0c dd 98 00 00 00 e9 03 fd ff ff 48
0x00007f7129aec497:   89 df 4c 89 55 e0 4c 89 45 e8 e8 9a c3 fe ff 4c
0x00007f7129aec4a7:   8b 45 e8 4c 8b 55 e0 e9 75 fd ff ff 48 8d 3d 9e
0x00007f7129aec4b7:   ee 10 00 e8 e1 b7 ff ff 48 89 df 48 89 45 e8 e8
0x00007f7129aec4c7:   35 c4 fe ff 48 8b 45 e8 e9 88 fd ff ff 48 8d 0d
0x00007f7129aec4d7:   0d f3 10 00 ba 31 0e 00 00 48 8d 35 02 9e 10 00
0x00007f7129aec4e7:   48 8d 3d 1a f1 10 00 e8 7d ea f8 ff 31 d2 87 13
0x00007f7129aec4f7:   83 ea 01 0f 8e e0 fe ff ff 48 89 df 48 89 45 e8
0x00007f7129aec507:   e8 f4 c3 fe ff 48 8b 45 e8 e9 cb fe ff ff 66 66
0x00007f7129aec517:   2e 0f 1f 84 00 00 00 00 00 f3 0f 1e fa 48 85 ff
0x00007f7129aec527:   0f 84 e3 00 00 00 40 f6 c7 0f 0f 85 c9 00 00 00
0x00007f7129aec537:   4c 8b 57 f8 4d 89 d0 49 83 e0 f8 4c 3b 05 af fc
0x00007f7129aec547:   13 00 49 8d 48 e0 73 77 4c 8b 0d 6a 6c 14 00 4c
0x00007f7129aec557:   39 4f 08 0f 84 b8 00 00 00 48 8b 15 21 f7 13 00
0x00007f7129aec567:   49 8d 48 e0 48 89 c8 64 48 8b 32 48 c1 e8 04 48
0x00007f7129aec577:   81 f9 ff 03 00 00 77 31 0f b7 14 46 66 85 d2 74
0x00007f7129aec587:   2e 48 89 f9 83 ea 01 4c 89 4f 08 48 c1 e9 0c 48
0x00007f7129aec597:   33 8c c6 98 00 00 00 48 89 0f 48 89 bc c6 98 00
0x00007f7129aec5a7:   00 00 66 89 14 46 c3 66 90 49 83 f8 1f 77 6a 48
0x00007f7129aec5b7:   8d 05 e3 35 10 00 48 39 c6 0f 84 ec 00 00 00 48
0x00007f7129aec5c7:   8d 77 f0 48 01 f1 0f 82 08 01 00 00 41 83 e2 04
0x00007f7129aec5d7:   48 8d 3d e2 04 14 00 74 0c 48 89 f0 48 25 00 00
0x00007f7129aec5e7:   00 fc 48 8b 38 31 c9 4c 89 c2 e9 6a d1 ff ff 66
0x00007f7129aec5f7:   2e 0f 1f 84 00 00 00 00 00 48 8d 3d b9 9e 10 00
0x00007f7129aec607:   e9 b4 b6 ff ff 0f 1f 40 00 c3 0f 1f 80 00 00 00
0x00007f7129aec617:   00 e9 d3 00 00 00 0f 1f 00 41 0f bd c0 83 c0 36
0x00007f7129aec627:   48 98 0f b7 14 46 66 85 d2 74 84 55 4c 8d 94 c6 


Stack slot to memory mapping:

stack at sp + 0 slots: 0x00007f711fee56f4: <offset 0x00000000000056f4> in /home/sondsky/.javacpp/cache/ffmpeg-7.1-1.5.11-linux-x86_64.jar/org/bytedeco/ffmpeg/linux-x86_64/libswresample.so.5 at 0x00007f711fee0000
stack at sp + 1 slots: 0x00007f706433be40 points into unknown readable memory: 0x00007f711fefcc40 | 40 cc ef 1f 71 7f 00 00
stack at sp + 2 slots: 0x00007f711fee576f: <offset 0x000000000000576f> in /home/sondsky/.javacpp/cache/ffmpeg-7.1-1.5.11-linux-x86_64.jar/org/bytedeco/ffmpeg/linux-x86_64/libswresample.so.5 at 0x00007f711fee0000
stack at sp + 3 slots: 0x00007f706433be40 points into unknown readable memory: 0x00007f711fefcc40 | 40 cc ef 1f 71 7f 00 00
stack at sp + 4 slots: 0x00007f711fee5856: swr_free+0x000000000000001a in /home/sondsky/.javacpp/cache/ffmpeg-7.1-1.5.11-linux-x86_64.jar/org/bytedeco/ffmpeg/linux-x86_64/libswresample.so.5 at 0x00007f711fee0000
stack at sp + 5 slots: 0x0000000000000042 is an unknown value
stack at sp + 6 slots: {method} {0x00007f70a35258b8} 'swr_free' '(Lorg/bytedeco/ffmpeg/swresample/SwrContext;)V' in 'org/bytedeco/ffmpeg/global/swresample'
stack at sp + 7 slots: 0x00007f7064223680 points into unknown readable memory: 0x00007f71298cc060 | 60 c0 8c 29 71 7f 00 00


---------------  P R O C E S S  ---------------

Threads class SMR info:
_java_thread_list=0x00007f70642c8c90, length=15, elements={
0x00007f7120168cc0, 0x00007f712016a240, 0x00007f712016b9e0, 0x00007f712016d030,
0x00007f712016e5e0, 0x00007f71201701b0, 0x00007f7120171880, 0x00007f71201b74b0,
0x00007f71202d8b50, 0x00007f71202daad0, 0x00007f71202df490, 0x00007f712001c440,
0x00007f706410dcf0, 0x00007f7064311a30, 0x00007f70642232c0
}

Java Threads: ( => current thread )
  0x00007f7120168cc0 JavaThread "Reference Handler"          daemon [_thread_in_Java, id=213087, stack(0x00007f7124700000,0x00007f7124800000) (1024K)]
  0x00007f712016a240 JavaThread "Finalizer"                  daemon [_thread_blocked, id=213088, stack(0x00007f71245ff000,0x00007f71246ff000) (1024K)]
  0x00007f712016b9e0 JavaThread "Signal Dispatcher"          daemon [_thread_blocked, id=213089, stack(0x00007f71244fe000,0x00007f71245fe000) (1024K)]
  0x00007f712016d030 JavaThread "Service Thread"             daemon [_thread_blocked, id=213090, stack(0x00007f71243fd000,0x00007f71244fd000) (1024K)]
  0x00007f712016e5e0 JavaThread "Monitor Deflation Thread"   daemon [_thread_blocked, id=213091, stack(0x00007f71242fc000,0x00007f71243fc000) (1024K)]
  0x00007f71201701b0 JavaThread "C2 CompilerThread0"         daemon [_thread_in_native, id=213092, stack(0x00007f71241fb000,0x00007f71242fb000) (1024K)]
  0x00007f7120171880 JavaThread "C1 CompilerThread0"         daemon [_thread_blocked, id=213093, stack(0x00007f71240fa000,0x00007f71241fa000) (1024K)]
  0x00007f71201b74b0 JavaThread "Common-Cleaner"             daemon [_thread_blocked, id=213103, stack(0x00007f71045e7000,0x00007f71046e7000) (1024K)]
  0x00007f71202d8b50 JavaThread "Monitor Ctrl-Break"         daemon [_thread_in_native, id=213104, stack(0x00007f71044e6000,0x00007f71045e6000) (1024K)]
  0x00007f71202daad0 JavaThread "Notification Thread"        daemon [_thread_blocked, id=213105, stack(0x00007f71043e5000,0x00007f71044e5000) (1024K)]
  0x00007f71202df490 JavaThread "Thread-0"                          [_thread_in_native, id=213106, stack(0x00007f71042e4000,0x00007f71043e4000) (1024K)]
  0x00007f712001c440 JavaThread "DestroyJavaVM"                     [_thread_blocked, id=213066, stack(0x00007f7128100000,0x00007f7128200000) (1024K)]
  0x00007f706410dcf0 JavaThread "JavaCPP Deallocator"        daemon [_thread_in_native, id=213125, stack(0x00007f70f4500000,0x00007f70f4600000) (1024K)]
  0x00007f7064311a30 JavaThread "Java Sound Event Dispatcher" daemon [_thread_blocked, id=213133, stack(0x00007f70f5dff000,0x00007f70f5eff000) (1024K)]
=>0x00007f70642232c0 JavaThread "Thread-4"                          [_thread_in_native, id=213461, stack(0x00007f70f4025000,0x00007f70f4125000) (1024K)]
Total: 15

Other Threads:
  0x00007f712015e980 VMThread "VM Thread"                           [id=213077, stack(0x00007f7124d73000,0x00007f7124e73000) (1024K)]
  0x00007f712014c5c0 WatcherThread "VM Periodic Task Thread"        [id=213076, stack(0x00007f7124e74000,0x00007f7124f74000) (1024K)]
  0x00007f7120082a70 WorkerThread "GC Thread#0"                     [id=213069, stack(0x00007f7126162000,0x00007f7126262000) (1024K)]
  0x00007f709c0011c0 WorkerThread "GC Thread#1"                     [id=213287, stack(0x00007f71046e8000,0x00007f71047e8000) (1024K)]
  0x00007f709c0018f0 WorkerThread "GC Thread#2"                     [id=213288, stack(0x00007f71040e2000,0x00007f71041e2000) (1024K)]
  0x00007f709c002070 WorkerThread "GC Thread#3"                     [id=213289, stack(0x00007f70f5f00000,0x00007f70f6000000) (1024K)]
  0x00007f709c0027f0 WorkerThread "GC Thread#4"                     [id=213290, stack(0x00007f70f5cfe000,0x00007f70f5dfe000) (1024K)]
  0x00007f7120093110 ConcurrentGCThread "G1 Main Marker"            [id=213070, stack(0x00007f7126061000,0x00007f7126161000) (1024K)]
  0x00007f71200940c0 WorkerThread "G1 Conc#0"                       [id=213071, stack(0x00007f7125f60000,0x00007f7126060000) (1024K)]
  0x00007f712013a000 ConcurrentGCThread "G1 Refine#0"               [id=213072, stack(0x00007f7125152000,0x00007f7125252000) (1024K)]
  0x00007f712013afd0 ConcurrentGCThread "G1 Service"                [id=213073, stack(0x00007f7125051000,0x00007f7125151000) (1024K)]
Total: 11

Threads with active compile tasks:
C2 CompilerThread0  226506 1310       4       java.lang.ref.Reference::enqueueFromPending (19 bytes)
Total: 1

VM state: not at safepoint (normal execution)

VM Mutex/Monitor currently owned by a thread: None

Heap address: 0x000000070fa00000, size: 3846 MB, Compressed Oops mode: Zero based, Oop shift amount: 3

CDS archive(s) mapped at: [0x00007f70a7000000-0x00007f70a7c9b000-0x00007f70a7c9b000), size 13217792, SharedBaseAddress: 0x00007f70a7000000, ArchiveRelocationMode: 1.
Compressed class space mapped at: 0x00007f70a8000000-0x00007f70e8000000, reserved size: 1073741824
Narrow klass base: 0x00007f70a7000000, Narrow klass shift: 0, Narrow klass range: 0x100000000

GC Precious Log:
 CardTable entry size: 512
 Card Set container configuration: InlinePtr #cards 4 size 8 Array Of Cards #cards 16 size 48 Howl #buckets 8 coarsen threshold 3686 Howl Bitmap #cards 512 size 80 coarsen threshold 460 Card regions per heap region 1 cards per card region 4096
 CPUs: 16 total, 16 available
 Memory: 15380M
 Large Page Support: Disabled
 NUMA Support: Disabled
 Compressed Oops: Enabled (Zero based)
 Heap Region Size: 2M
 Heap Min Capacity: 8M
 Heap Initial Capacity: 242M
 Heap Max Capacity: 3846M
 Pre-touch: Disabled
 Parallel Workers: 13
 Concurrent Workers: 3
 Concurrent Refinement Workers: 13
 Periodic GC: Disabled

Heap:
 garbage-first heap   total 14336K, used 3344K [0x000000070fa00000, 0x0000000800000000)
  region size 2048K, 1 young (2048K), 0 survivors (0K)
 Metaspace       used 4561K, committed 4736K, reserved 1114112K
  class space    used 421K, committed 512K, reserved 1048576K

Heap Regions: E=young(eden), S=young(survivor), O=old, HS=humongous(starts), HC=humongous(continues), CS=collection set, F=free, TAMS=top-at-mark-start, PB=parsable bottom
|   0|0x000000070fa00000, 0x000000070fc00000, 0x000000070fc00000|100%| O|  |TAMS 0x000000070fa00000| PB 0x000000070fa00000| Untracked 
|   1|0x000000070fc00000, 0x000000070fd44118, 0x000000070fe00000| 63%| O|  |TAMS 0x000000070fc00000| PB 0x000000070fc00000| Untracked 
|   2|0x000000070fe00000, 0x000000070fe00000, 0x0000000710000000|  0%| F|  |TAMS 0x000000070fe00000| PB 0x000000070fe00000| Untracked 
|   3|0x0000000710000000, 0x0000000710000000, 0x0000000710200000|  0%| F|  |TAMS 0x0000000710000000| PB 0x0000000710000000| Untracked 
|   4|0x0000000710200000, 0x0000000710200000, 0x0000000710400000|  0%| F|  |TAMS 0x0000000710200000| PB 0x0000000710200000| Untracked 
|   5|0x0000000710400000, 0x0000000710400000, 0x0000000710600000|  0%| F|  |TAMS 0x0000000710400000| PB 0x0000000710400000| Untracked 
|   6|0x0000000710600000, 0x0000000710633370, 0x0000000710800000| 10%| E|  |TAMS 0x0000000710600000| PB 0x0000000710600000| Complete 

Card table byte_map: [0x00007f712631b000,0x00007f7126a9e000] _byte_map_base: 0x00007f7122a9e000

Marking Bits: (CMBitMap*) 0x00007f71200835b0
 Bits: [0x00007f71047e8000, 0x00007f7108400000)

Polling page: 0x00007f7129c61000

Metaspace:

Usage:
  Non-class:      4,04 MB used.
      Class:    421,51 KB used.
       Both:      4,45 MB used.

Virtual space:
  Non-class space:       64,00 MB reserved,       4,12 MB (  6%) committed,  1 nodes.
      Class space:        1,00 GB reserved,     512,00 KB ( <1%) committed,  1 nodes.
             Both:        1,06 GB reserved,       4,62 MB ( <1%) committed. 

Chunk freelists:
   Non-Class:  10,39 MB
       Class:  15,52 MB
        Both:  25,91 MB

MaxMetaspaceSize: unlimited
CompressedClassSpaceSize: 1,00 GB
Initial GC threshold: 21,00 MB
Current GC threshold: 21,00 MB
CDS: on
 - commit_granule_bytes: 65536.
 - commit_granule_words: 8192.
 - virtual_space_node_default_size: 8388608.
 - enlarge_chunks_in_place: 1.
 - use_allocation_guard: 0.


Internal statistics:

num_allocs_failed_limit: 0.
num_arena_births: 54.
num_arena_deaths: 0.
num_vsnodes_births: 2.
num_vsnodes_deaths: 0.
num_space_committed: 74.
num_space_uncommitted: 0.
num_chunks_returned_to_freelist: 0.
num_chunks_taken_from_freelist: 124.
num_chunk_merges: 0.
num_chunk_splits: 93.
num_chunks_enlarged: 77.
num_inconsistent_stats: 0.

CodeHeap 'non-profiled nmethods': size=119168Kb used=570Kb max_used=597Kb free=118597Kb
 bounds [0x00007f710ffa0000, 0x00007f7110210000, 0x00007f7117400000]
CodeHeap 'profiled nmethods': size=119164Kb used=1835Kb max_used=2150Kb free=117328Kb
 bounds [0x00007f7108400000, 0x00007f7108670000, 0x00007f710f85f000]
CodeHeap 'non-nmethods': size=7428Kb used=1383Kb max_used=2569Kb free=6044Kb
 bounds [0x00007f710f85f000, 0x00007f710faef000, 0x00007f710ffa0000]
CodeCache: size=245760Kb, used=3788Kb, max_used=5316Kb, free=241969Kb
 total_blobs=1671, nmethods=1173, adapters=404, full_count=0
Compilation: enabled, stopped_count=0, restarted_count=0

Compilation events (20 events):
Event: 152,929 Thread 0x00007f71201701b0 1295   !   4       org.bytedeco.javacpp.FloatPointer::<init> (117 bytes)
Event: 152,930 Thread 0x00007f71201701b0 nmethod 1295 0x00007f7110033710 code [0x00007f71100338c0, 0x00007f7110033a90]
Event: 176,708 Thread 0x00007f71201701b0 1296   !   4       com.sun.media.sound.DirectAudioDevice$DirectDL::write (322 bytes)
Event: 176,715 Thread 0x00007f71201701b0 nmethod 1296 0x00007f7110033c10 code [0x00007f7110033e40, 0x00007f7110034b08]
Event: 225,888 Thread 0x00007f7120171880 1297       3       java.lang.invoke.DirectMethodHandle$Holder::newInvokeSpecial (21 bytes)
Event: 225,888 Thread 0x00007f7120171880 nmethod 1297 0x00007f7108616d10 code [0x00007f7108616f00, 0x00007f7108617670]
Event: 225,888 Thread 0x00007f7120171880 1298       3       java.util.regex.Matcher::checkGroup (41 bytes)
Event: 225,889 Thread 0x00007f7120171880 nmethod 1298 0x00007f7108617810 code [0x00007f7108617a40, 0x00007f7108618060]
Event: 225,889 Thread 0x00007f7120171880 1299       3       java.util.regex.Matcher::groupCount (10 bytes)
Event: 225,889 Thread 0x00007f7120171880 nmethod 1299 0x00007f7108618310 code [0x00007f71086184a0, 0x00007f71086185b8]
Event: 225,889 Thread 0x00007f7120171880 1300       3       java.nio.CharBuffer::limit (8 bytes)
Event: 225,889 Thread 0x00007f7120171880 nmethod 1300 0x00007f7108618690 code [0x00007f7108618840, 0x00007f7108618988]
Event: 225,889 Thread 0x00007f7120171880 1301       3       java.nio.CharBuffer::length (5 bytes)
Event: 225,889 Thread 0x00007f7120171880 nmethod 1301 0x00007f7108618a10 code [0x00007f7108618bc0, 0x00007f7108618d98]
Event: 225,906 Thread 0x00007f7120171880 1303       3       processors.GainProcessor::process (87 bytes)
Event: 225,906 Thread 0x00007f7120171880 nmethod 1303 0x00007f7108618e90 code [0x00007f7108619080, 0x00007f71086193e0]
Event: 225,906 Thread 0x00007f7120171880 1302       3       java.lang.Math::max (46 bytes)
Event: 225,907 Thread 0x00007f7120171880 nmethod 1302 0x00007f7108619510 code [0x00007f71086196c0, 0x00007f71086199d8]
Event: 225,953 Thread 0x00007f71201701b0 1304       4       java.lang.Math::max (46 bytes)
Event: 225,953 Thread 0x00007f71201701b0 nmethod 1304 0x00007f7110035190 code [0x00007f7110035340, 0x00007f7110035420]

GC Heap History (2 events):
Event: 96,485 GC heap before
{Heap before GC invocations=0 (full 0):
 garbage-first heap   total 249856K, used 17457K [0x000000070fa00000, 0x0000000800000000)
  region size 2048K, 9 young (18432K), 0 survivors (0K)
 Metaspace       used 4512K, committed 4672K, reserved 1114112K
  class space    used 421K, committed 512K, reserved 1048576K
}
Event: 96,491 GC heap after
{Heap after GC invocations=1 (full 1):
 garbage-first heap   total 34816K, used 3247K [0x000000070fa00000, 0x0000000800000000)
  region size 2048K, 0 young (0K), 0 survivors (0K)
 Metaspace       used 4512K, committed 4672K, reserved 1114112K
  class space    used 421K, committed 512K, reserved 1048576K
}

Dll operation events (20 events):
Event: 0,050 Loaded shared library /usr/lib/jvm/java-21-openjdk/lib/libzip.so
Event: 0,052 Loaded shared library /usr/lib/jvm/java-21-openjdk/lib/libinstrument.so
Event: 0,055 Loaded shared library /usr/lib/jvm/java-21-openjdk/lib/libnio.so
Event: 0,057 Loaded shared library /usr/lib/jvm/java-21-openjdk/lib/libzip.so
Event: 0,078 Loaded shared library /usr/lib/jvm/java-21-openjdk/lib/libnet.so
Event: 0,080 Loaded shared library /usr/lib/jvm/java-21-openjdk/lib/libextnet.so
Event: 0,085 Loaded shared library /usr/lib/jvm/java-21-openjdk/lib/libjimage.so
Event: 3,826 Loaded shared library /usr/lib/libva.so.2.2300.0
Event: 3,830 Loaded shared library /home/sondsky/.javacpp/cache/ffmpeg-7.1-1.5.11-linux-x86_64.jar/org/bytedeco/ffmpeg/linux-x86_64/libdrm.so.2
Event: 3,835 Loaded shared library /usr/lib/libva-drm.so.2.2300.0
Event: 3,840 Loaded shared library /home/sondsky/.javacpp/cache/ffmpeg-7.1-1.5.11-linux-x86_64.jar/org/bytedeco/ffmpeg/linux-x86_64/libavutil.so.59
Event: 3,842 Loaded shared library /home/sondsky/.javacpp/cache/ffmpeg-7.1-1.5.11-linux-x86_64.jar/org/bytedeco/ffmpeg/linux-x86_64/libjniavutil.so
Event: 3,848 Loaded shared library /home/sondsky/.javacpp/cache/javacpp-1.5.11-linux-x86_64.jar/org/bytedeco/javacpp/linux-x86_64/libjnijavacpp.so
Event: 3,872 Loaded shared library /home/sondsky/.javacpp/cache/ffmpeg-7.1-1.5.11-linux-x86_64.jar/org/bytedeco/ffmpeg/linux-x86_64/libswresample.so.5
Event: 3,873 Loaded shared library /home/sondsky/.javacpp/cache/ffmpeg-7.1-1.5.11-linux-x86_64.jar/org/bytedeco/ffmpeg/linux-x86_64/libjniswresample.so
Event: 3,876 Loaded shared library /home/sondsky/.javacpp/cache/ffmpeg-7.1-1.5.11-linux-x86_64.jar/org/bytedeco/ffmpeg/linux-x86_64/libavcodec.so.61
Event: 3,878 Loaded shared library /home/sondsky/.javacpp/cache/ffmpeg-7.1-1.5.11-linux-x86_64.jar/org/bytedeco/ffmpeg/linux-x86_64/libjniavcodec.so
Event: 3,893 Loaded shared library /home/sondsky/.javacpp/cache/ffmpeg-7.1-1.5.11-linux-x86_64.jar/org/bytedeco/ffmpeg/linux-x86_64/libavformat.so.61
Event: 3,894 Loaded shared library /home/sondsky/.javacpp/cache/ffmpeg-7.1-1.5.11-linux-x86_64.jar/org/bytedeco/ffmpeg/linux-x86_64/libjniavformat.so
Event: 3,929 Loaded shared library /usr/lib/jvm/java-21-openjdk/lib/libjsound.so

Deoptimization events (20 events):
Event: 13,109 Thread 0x00007f71202df490 Uncommon trap: trap_request=0xffffff45 fr.pc=0x00007f710ffbf37c relative=0x000000000000041c
Event: 13,109 Thread 0x00007f71202df490 Uncommon trap: reason=unstable_if action=reinterpret pc=0x00007f710ffbf37c method=java.util.regex.Pattern$BmpCharPropertyGreedy.match(Ljava/util/regex/Matcher;ILjava/lang/CharSequence;)Z @ 73 c2
Event: 13,109 Thread 0x00007f71202df490 DEOPT PACKING pc=0x00007f710ffbf37c sp=0x00007f71043e21d0
Event: 13,109 Thread 0x00007f71202df490 DEOPT UNPACKING pc=0x00007f710f8b2f99 sp=0x00007f71043e21b0 mode 2
Event: 28,812 Thread 0x00007f71202df490 Uncommon trap: trap_request=0xffffff45 fr.pc=0x00007f710ffb58b0 relative=0x0000000000000190
Event: 28,812 Thread 0x00007f71202df490 Uncommon trap: reason=unstable_if action=reinterpret pc=0x00007f710ffb58b0 method=java.lang.String.equals(Ljava/lang/Object;)Z @ 33 c2
Event: 28,812 Thread 0x00007f71202df490 DEOPT PACKING pc=0x00007f710ffb58b0 sp=0x00007f71043e2670
Event: 28,813 Thread 0x00007f71202df490 DEOPT UNPACKING pc=0x00007f710f8b2f99 sp=0x00007f71043e2620 mode 2
Event: 120,846 Thread 0x00007f71202df490 Uncommon trap: trap_request=0xffffffc6 fr.pc=0x00007f7110021e64 relative=0x0000000000000964
Event: 120,846 Thread 0x00007f71202df490 Uncommon trap: reason=bimorphic_or_optimized_type_check action=maybe_recompile pc=0x00007f7110021e64 method=org.bytedeco.javacpp.Pointer$DeallocatorReference.<init>(Lorg/bytedeco/javacpp/Pointer;Lorg/bytedeco/javacpp/Pointer$Deallocator;)V @ 44 c2
Event: 120,846 Thread 0x00007f71202df490 DEOPT PACKING pc=0x00007f7110021e64 sp=0x00007f71043e2190
Event: 120,846 Thread 0x00007f71202df490 DEOPT UNPACKING pc=0x00007f710f8b2f99 sp=0x00007f71043e2038 mode 2
Event: 225,906 Thread 0x00007f706415e0a0 Uncommon trap: trap_request=0xffffff45 fr.pc=0x00007f71100184ec relative=0x00000000000001ac
Event: 225,906 Thread 0x00007f706415e0a0 Uncommon trap: reason=unstable_if action=reinterpret pc=0x00007f71100184ec method=processors.GainProcessor.process([FI)V @ 49 c2
Event: 225,906 Thread 0x00007f706415e0a0 DEOPT PACKING pc=0x00007f71100184ec sp=0x00007f71042e1820
Event: 225,906 Thread 0x00007f706415e0a0 DEOPT UNPACKING pc=0x00007f710f8b2f99 sp=0x00007f71042e17e8 mode 2
Event: 225,906 Thread 0x00007f706415e0a0 Uncommon trap: trap_request=0xffffff45 fr.pc=0x00007f7110017e68 relative=0x0000000000000228
Event: 225,906 Thread 0x00007f706415e0a0 Uncommon trap: reason=unstable_if action=reinterpret pc=0x00007f7110017e68 method=processors.GainProcessor.process([FI)V @ 49 c2
Event: 225,906 Thread 0x00007f706415e0a0 DEOPT PACKING pc=0x00007f7110017e68 sp=0x00007f71042e1810
Event: 225,906 Thread 0x00007f706415e0a0 DEOPT UNPACKING pc=0x00007f710f8b2f99 sp=0x00007f71042e17e8 mode 2

Classes loaded (20 events):
Event: 28,813 Loading class jdk/internal/math/FloatingDecimal$ExceptionalBinaryToASCIIBuffer
Event: 28,813 Loading class jdk/internal/math/FloatingDecimal$BinaryToASCIIConverter
Event: 28,813 Loading class jdk/internal/math/FloatingDecimal$BinaryToASCIIConverter done
Event: 28,813 Loading class jdk/internal/math/FloatingDecimal$ExceptionalBinaryToASCIIBuffer done
Event: 28,813 Loading class jdk/internal/math/FloatingDecimal$BinaryToASCIIBuffer
Event: 28,813 Loading class jdk/internal/math/FloatingDecimal$BinaryToASCIIBuffer done
Event: 28,813 Loading class jdk/internal/math/FloatingDecimal$1
Event: 28,813 Loading class jdk/internal/math/FloatingDecimal$1 done
Event: 28,813 Loading class jdk/internal/math/FloatingDecimal$PreparedASCIIToBinaryBuffer
Event: 28,813 Loading class jdk/internal/math/FloatingDecimal$ASCIIToBinaryConverter
Event: 28,813 Loading class jdk/internal/math/FloatingDecimal$ASCIIToBinaryConverter done
Event: 28,813 Loading class jdk/internal/math/FloatingDecimal$PreparedASCIIToBinaryBuffer done
Event: 28,813 Loading class jdk/internal/math/FloatingDecimal$ASCIIToBinaryBuffer
Event: 28,813 Loading class jdk/internal/math/FloatingDecimal$ASCIIToBinaryBuffer done
Event: 28,814 Loading class jdk/internal/event/ThreadSleepEvent
Event: 28,814 Loading class jdk/internal/event/Event
Event: 28,814 Loading class jdk/internal/event/Event done
Event: 28,814 Loading class jdk/internal/event/ThreadSleepEvent done
Event: 146,154 Loading class java/lang/foreign/MemorySegment
Event: 146,155 Loading class java/lang/foreign/MemorySegment done

Classes unloaded (0 events):
No events

Classes redefined (0 events):
No events

Internal exceptions (9 events):
Event: 0,071 Thread 0x00007f712001c440 Implicit null exception at 0x00007f710ffb02e3 to 0x00007f710ffb0444
Event: 0,071 Thread 0x00007f712001c440 Exception <a 'java/lang/NoSuchMethodError'{0x000000071e977850}: 'void java.lang.invoke.DirectMethodHandle$Holder.invokeStatic(java.lang.Object, java.lang.Object, java.lang.Object)'> (0x000000071e977850) 
thrown [/usr/src/debug/java21-openjdk/jdk21u-jdk-21.0.10-7/src/hotspot/share/interpreter/linkResolver.cpp, line 772]
Event: 0,075 Thread 0x00007f712001c440 Exception <a 'java/lang/NoSuchMethodError'{0x000000071e98f1f8}: 'java.lang.Object java.lang.invoke.Invokers$Holder.invokeExact_MT(java.lang.Object, java.lang.Object, java.lang.Object, java.lang.Object, java.lang.Object)'> (0x000000071e98f1f8) 
thrown [/usr/src/debug/java21-openjdk/jdk21u-jdk-21.0.10-7/src/hotspot/share/interpreter/linkResolver.cpp, line 772]
Event: 0,078 Thread 0x00007f712001c440 Exception <a 'java/lang/NoSuchMethodError'{0x000000071e9a5f58}: 'void java.lang.invoke.DirectMethodHandle$Holder.invokeStatic(java.lang.Object, java.lang.Object)'> (0x000000071e9a5f58) 
thrown [/usr/src/debug/java21-openjdk/jdk21u-jdk-21.0.10-7/src/hotspot/share/interpreter/linkResolver.cpp, line 772]
Event: 3,794 Thread 0x00007f71202df490 Exception <a 'java/lang/NoSuchMethodError'{0x000000071e766468}: 'int java.lang.invoke.DirectMethodHandle$Holder.invokeStaticInit(java.lang.Object, java.lang.Object, java.lang.Object, java.lang.Object)'> (0x000000071e766468) 
thrown [/usr/src/debug/java21-openjdk/jdk21u-jdk-21.0.10-7/src/hotspot/share/interpreter/linkResolver.cpp, line 772]
Event: 3,795 Thread 0x00007f71202df490 Exception <a 'java/lang/NoSuchMethodError'{0x000000071e76ec18}: 'java.lang.Object java.lang.invoke.DirectMethodHandle$Holder.invokeInterface(java.lang.Object, java.lang.Object)'> (0x000000071e76ec18) 
thrown [/usr/src/debug/java21-openjdk/jdk21u-jdk-21.0.10-7/src/hotspot/share/interpreter/linkResolver.cpp, line 772]
Event: 3,795 Thread 0x00007f71202df490 Exception <a 'java/lang/IncompatibleClassChangeError'{0x000000071e771ea0}: Found class java.lang.Object, but interface was expected> (0x000000071e771ea0) 
thrown [/usr/src/debug/java21-openjdk/jdk21u-jdk-21.0.10-7/src/hotspot/share/interpreter/linkResolver.cpp, line 840]
Event: 3,796 Thread 0x00007f71202df490 Exception <a 'java/lang/NoSuchMethodError'{0x000000071e774a18}: 'void java.lang.invoke.DirectMethodHandle$Holder.invokeStaticInit(java.lang.Object, java.lang.Object)'> (0x000000071e774a18) 
thrown [/usr/src/debug/java21-openjdk/jdk21u-jdk-21.0.10-7/src/hotspot/share/interpreter/linkResolver.cpp, line 772]
Event: 3,796 Thread 0x00007f71202df490 Exception <a 'java/lang/NoSuchMethodError'{0x000000071e779f28}: 'int java.lang.invoke.DirectMethodHandle$Holder.invokeStaticInit(java.lang.Object, java.lang.Object)'> (0x000000071e779f28) 
thrown [/usr/src/debug/java21-openjdk/jdk21u-jdk-21.0.10-7/src/hotspot/share/interpreter/linkResolver.cpp, line 772]

ZGC Phase Switch (0 events):
No events

VM Operations (20 events):
Event: 60,071 Executing safepoint VM operation: Cleanup
Event: 60,072 Executing safepoint VM operation: Cleanup done
Event: 60,072 Executing non-safepoint VM operation: RendezvousGCThreads
Event: 60,072 Executing non-safepoint VM operation: RendezvousGCThreads done
Event: 96,485 Executing safepoint VM operation: G1CollectFull (System.gc())
Event: 96,492 Executing safepoint VM operation: G1CollectFull (System.gc()) done
Event: 97,492 Executing safepoint VM operation: Cleanup
Event: 97,492 Executing safepoint VM operation: Cleanup done
Event: 112,495 Executing safepoint VM operation: Cleanup
Event: 112,495 Executing safepoint VM operation: Cleanup done
Event: 116,497 Executing safepoint VM operation: Cleanup
Event: 116,497 Executing safepoint VM operation: Cleanup done
Event: 117,497 Executing safepoint VM operation: Cleanup
Event: 117,497 Executing safepoint VM operation: Cleanup done
Event: 120,103 Executing non-safepoint VM operation: HandshakeAllThreads (HandshakeForDeflation)
Event: 120,103 Executing non-safepoint VM operation: HandshakeAllThreads (HandshakeForDeflation) done
Event: 120,103 Executing non-safepoint VM operation: RendezvousGCThreads
Event: 120,103 Executing non-safepoint VM operation: RendezvousGCThreads done
Event: 146,106 Executing safepoint VM operation: Cleanup
Event: 146,106 Executing safepoint VM operation: Cleanup done

Memory protections (20 events):
Event: 0,054 Protecting memory [0x00007f71045e7000,0x00007f71045eb000] with protection modes 0
Event: 0,077 Protecting memory [0x00007f71044e6000,0x00007f71044ea000] with protection modes 0
Event: 0,077 Protecting memory [0x00007f71043e5000,0x00007f71043e9000] with protection modes 0
Event: 0,079 Protecting memory [0x00007f71042e4000,0x00007f71042e8000] with protection modes 0
Event: 0,079 Protecting memory [0x00007f7128100000,0x00007f7128104000] with protection modes 0
Event: 3,828 Protecting memory [0x00007f71041e3000,0x00007f71041e7000] with protection modes 0
Event: 3,828 Protecting memory [0x00007f71040e2000,0x00007f71040e6000] with protection modes 0
Event: 3,832 Protecting memory [0x00007f70f5f00000,0x00007f70f5f04000] with protection modes 0
Event: 3,835 Protecting memory [0x00007f70f5dff000,0x00007f70f5e03000] with protection modes 0
Event: 3,838 Protecting memory [0x00007f70f5cfe000,0x00007f70f5d02000] with protection modes 0
Event: 3,847 Protecting memory [0x00007f70f4500000,0x00007f70f4504000] with protection modes 0
Event: 4,014 Protecting memory [0x00007f70f5dff000,0x00007f70f5e03000] with protection modes 0
Event: 4,025 Protecting memory [0x00007f71041e3000,0x00007f71041e7000] with protection modes 0
Event: 96,279 Protecting memory [0x00007f711ff00000,0x00007f711ff04000] with protection modes 0
Event: 96,496 Protecting memory [0x00007f71041e3000,0x00007f71041e7000] with protection modes 0
Event: 96,496 Protecting memory [0x00007f70f4025000,0x00007f70f4029000] with protection modes 0
Event: 96,496 Protecting memory [0x00007f70a2f00000,0x00007f70a2f04000] with protection modes 0
Event: 96,496 Protecting memory [0x00007f70a0500000,0x00007f70a0504000] with protection modes 0
Event: 120,856 Protecting memory [0x00007f71041e3000,0x00007f71041e7000] with protection modes 0
Event: 225,888 Protecting memory [0x00007f70f4025000,0x00007f70f4029000] with protection modes 0

Nmethod flushes (0 events):
No events

Events (20 events):
Event: 4,014 Thread 0x00007f71202df490 Thread added: 0x00007f7064311a30
Event: 4,025 Thread 0x00007f7080075a10 Thread exited: 0x00007f7080075a10
Event: 4,025 Thread 0x00007f7080073110 Thread exited: 0x00007f7080073110
Event: 4,025 Thread 0x00007f7080071eb0 Thread exited: 0x00007f7080071eb0
Event: 4,025 Thread 0x00007f71202df490 Thread added: 0x00007f706439cd80
Event: 4,550 Thread 0x00007f707c06f8e0 Thread exited: 0x00007f707c06f8e0
Event: 5,533 Thread 0x00007f707c0662e0 Thread exited: 0x00007f707c0662e0
Event: 96,279 Thread 0x00007f706439cd80 Thread added: 0x00007f7069f8a2f0
Event: 96,492 Thread 0x00007f706439cd80 Thread exited: 0x00007f706439cd80
Event: 96,495 Thread 0x00007f7120171880 Thread added: 0x00007f707c09ad20
Event: 96,496 Thread 0x00007f7120171880 Thread added: 0x00007f707c09b980
Event: 96,496 Thread 0x00007f7120171880 Thread added: 0x00007f707c09c820
Event: 96,496 Thread 0x00007f7120171880 Thread added: 0x00007f707c09d6c0
Event: 96,679 Thread 0x00007f7069f8a2f0 Thread exited: 0x00007f7069f8a2f0
Event: 101,499 Thread 0x00007f707c09d6c0 Thread exited: 0x00007f707c09d6c0
Event: 101,499 Thread 0x00007f707c09c820 Thread exited: 0x00007f707c09c820
Event: 101,508 Thread 0x00007f707c09b980 Thread exited: 0x00007f707c09b980
Event: 101,509 Thread 0x00007f707c09ad20 Thread exited: 0x00007f707c09ad20
Event: 120,856 Thread 0x00007f71202df490 Thread added: 0x00007f706415e0a0
Event: 225,888 Thread 0x00007f71202df490 Thread added: 0x00007f70642232c0


Dynamic libraries:
70fa00000-711c00000 rw-p 00000000 00:00 0 
711c00000-800000000 ---p 00000000 00:00 0 
560dd0217000-560dd0218000 r--p 00000000 00:21 615132                     /usr/lib/jvm/java-21-openjdk/bin/java
560dd0218000-560dd0219000 r-xp 00001000 00:21 615132                     /usr/lib/jvm/java-21-openjdk/bin/java
560dd0219000-560dd021a000 r--p 00002000 00:21 615132                     /usr/lib/jvm/java-21-openjdk/bin/java
560dd021a000-560dd021b000 r--p 00002000 00:21 615132                     /usr/lib/jvm/java-21-openjdk/bin/java
560dd021b000-560dd021c000 rw-p 00003000 00:21 615132                     /usr/lib/jvm/java-21-openjdk/bin/java
560dd787f000-560dd78a9000 rw-p 00000000 00:00 0                          [heap]
7f7040000000-7f7040021000 rw-p 00000000 00:00 0 
7f7040021000-7f7044000000 ---p 00000000 00:00 0 
7f7044000000-7f7044035000 rw-p 00000000 00:00 0 
7f7044035000-7f7048000000 ---p 00000000 00:00 0 
7f7048000000-7f704a406000 rw-p 00000000 00:00 0 
7f704a406000-7f704c000000 ---p 00000000 00:00 0 
7f704c000000-7f704c021000 rw-p 00000000 00:00 0 
7f704c021000-7f7050000000 ---p 00000000 00:00 0 
7f70523fe000-7f7053400000 rw-p 00000000 00:00 0 
7f7053400000-7f70534c8000 r--p 00000000 00:21 248449                     /home/sondsky/.javacpp/cache/ffmpeg-7.1-1.5.11-linux-x86_64.jar/org/bytedeco/ffmpeg/linux-x86_64/libavformat.so.61
7f70534c8000-7f7053c22000 r-xp 000c8000 00:21 248449                     /home/sondsky/.javacpp/cache/ffmpeg-7.1-1.5.11-linux-x86_64.jar/org/bytedeco/ffmpeg/linux-x86_64/libavformat.so.61
7f7053c22000-7f7053df9000 r--p 00822000 00:21 248449                     /home/sondsky/.javacpp/cache/ffmpeg-7.1-1.5.11-linux-x86_64.jar/org/bytedeco/ffmpeg/linux-x86_64/libavformat.so.61
7f7053df9000-7f7053e95000 r--p 009f8000 00:21 248449                     /home/sondsky/.javacpp/cache/ffmpeg-7.1-1.5.11-linux-x86_64.jar/org/bytedeco/ffmpeg/linux-x86_64/libavformat.so.61
7f7053e95000-7f7053e9e000 rw-p 00a94000 00:21 248449                     /home/sondsky/.javacpp/cache/ffmpeg-7.1-1.5.11-linux-x86_64.jar/org/bytedeco/ffmpeg/linux-x86_64/libavformat.so.61
7f7053e9e000-7f7053ea8000 rw-p 00000000 00:00 0 
7f7054000000-7f70542e5000 rw-p 00000000 00:00 0 
7f70542e5000-7f7058000000 ---p 00000000 00:00 0 
7f7058000000-7f70584c5000 rw-p 00000000 00:00 0 
7f70584c5000-7f705c000000 ---p 00000000 00:00 0 
7f705c000000-7f705c533000 rw-p 00000000 00:00 0 
7f705c533000-7f7060000000 ---p 00000000 00:00 0 
7f7060000000-7f70602d8000 rw-p 00000000 00:00 0 
7f70602d8000-7f7064000000 ---p 00000000 00:00 0 
7f7064000000-7f7064469000 rw-p 00000000 00:00 0 
7f7064469000-7f7068000000 ---p 00000000 00:00 0 
7f7068000000-7f7069fa5000 rw-p 00000000 00:00 0 
7f7069fa5000-7f706c000000 ---p 00000000 00:00 0 
7f706c000000-7f706c021000 rw-p 00000000 00:00 0 
7f706c021000-7f7070000000 ---p 00000000 00:00 0 
7f7070000000-7f7070021000 rw-p 00000000 00:00 0 
7f7070021000-7f7074000000 ---p 00000000 00:00 0 
7f7074000000-7f707411e000 rw-p 00000000 00:00 0 
7f707411e000-7f7078000000 ---p 00000000 00:00 0 
7f7078000000-7f7078021000 rw-p 00000000 00:00 0 
7f7078021000-7f707c000000 ---p 00000000 00:00 0 
7f707c000000-7f707c2c8000 rw-p 00000000 00:00 0 
7f707c2c8000-7f7080000000 ---p 00000000 00:00 0 
7f7080000000-7f7080177000 rw-p 00000000 00:00 0 
7f7080177000-7f7084000000 ---p 00000000 00:00 0 
7f7084000000-7f7084021000 rw-p 00000000 00:00 0 
7f7084021000-7f7088000000 ---p 00000000 00:00 0 
7f7088000000-7f7088653000 rw-p 00000000 00:00 0 
7f7088653000-7f708c000000 ---p 00000000 00:00 0 
7f708c000000-7f708c021000 rw-p 00000000 00:00 0 
7f708c021000-7f7090000000 ---p 00000000 00:00 0 
7f7090000000-7f7090021000 rw-p 00000000 00:00 0 
7f7090021000-7f7094000000 ---p 00000000 00:00 0 
7f7094000000-7f7094021000 rw-p 00000000 00:00 0 
7f7094021000-7f7098000000 ---p 00000000 00:00 0 
7f7098000000-7f7098021000 rw-p 00000000 00:00 0 
7f7098021000-7f709c000000 ---p 00000000 00:00 0 
7f709c000000-7f709cf29000 rw-p 00000000 00:00 0 
7f709cf29000-7f70a0000000 ---p 00000000 00:00 0 
7f70a04ff000-7f70a0500000 rw-p 00000000 00:00 0 
7f70a0500000-7f70a0504000 ---p 00000000 00:00 0 
7f70a0504000-7f70a0600000 rw-p 00000000 00:00 0 
7f70a0600000-7f70a06a8000 r--p 00000000 00:21 248446                     /home/sondsky/.javacpp/cache/ffmpeg-7.1-1.5.11-linux-x86_64.jar/org/bytedeco/ffmpeg/linux-x86_64/libavcodec.so.61
7f70a06a8000-7f70a2093000 r-xp 000a8000 00:21 248446                     /home/sondsky/.javacpp/cache/ffmpeg-7.1-1.5.11-linux-x86_64.jar/org/bytedeco/ffmpeg/linux-x86_64/libavcodec.so.61
7f70a2093000-7f70a268b000 r--p 01a93000 00:21 248446                     /home/sondsky/.javacpp/cache/ffmpeg-7.1-1.5.11-linux-x86_64.jar/org/bytedeco/ffmpeg/linux-x86_64/libavcodec.so.61
7f70a268b000-7f70a270f000 r--p 0208a000 00:21 248446                     /home/sondsky/.javacpp/cache/ffmpeg-7.1-1.5.11-linux-x86_64.jar/org/bytedeco/ffmpeg/linux-x86_64/libavcodec.so.61
7f70a270f000-7f70a2726000 rw-p 0210e000 00:21 248446                     /home/sondsky/.javacpp/cache/ffmpeg-7.1-1.5.11-linux-x86_64.jar/org/bytedeco/ffmpeg/linux-x86_64/libavcodec.so.61
7f70a2726000-7f70a2e42000 rw-p 00000000 00:00 0 
7f70a2eff000-7f70a2f00000 rw-p 00000000 00:00 0 
7f70a2f00000-7f70a2f04000 ---p 00000000 00:00 0 
7f70a2f04000-7f70a3000000 rw-p 00000000 00:00 0 
7f70a3000000-7f70a3280000 rw-p 00000000 00:00 0 
7f70a3280000-7f70a3400000 ---p 00000000 00:00 0 
7f70a3400000-7f70a35a0000 rw-p 00000000 00:00 0 
7f70a35a0000-7f70a7000000 ---p 00000000 00:00 0 
7f70a7000000-7f70a7c9b000 rw-p 00001000 00:21 615408                     /usr/lib/jvm/java-21-openjdk/lib/server/classes.jsa
7f70a7c9b000-7f70a8000000 ---p 00000000 00:00 0 
7f70a8000000-7f70a8040000 rw-p 00000000 00:00 0 
7f70a8040000-7f70a8080000 rw-p 00000000 00:00 0 
7f70a8080000-7f70e8000000 ---p 00000000 00:00 0 
7f70e8000000-7f70e8021000 rw-p 00000000 00:00 0 
7f70e8021000-7f70ec000000 ---p 00000000 00:00 0 
7f70ec000000-7f70ec021000 rw-p 00000000 00:00 0 
7f70ec021000-7f70f0000000 ---p 00000000 00:00 0 
7f70f0000000-7f70f0021000 rw-p 00000000 00:00 0 
7f70f0021000-7f70f4000000 ---p 00000000 00:00 0 
7f70f4024000-7f70f4025000 rw-p 00000000 00:00 0 
7f70f4025000-7f70f4029000 ---p 00000000 00:00 0 
7f70f4029000-7f70f4125000 rw-p 00000000 00:00 0 
7f70f4125000-7f70f413a000 r--p 00000000 00:21 401125                     /usr/lib/libsystemd.so.0.43.0
7f70f413a000-7f70f4200000 r-xp 00015000 00:21 401125                     /usr/lib/libsystemd.so.0.43.0
7f70f4200000-7f70f4244000 r--p 000db000 00:21 401125                     /usr/lib/libsystemd.so.0.43.0
7f70f4244000-7f70f424d000 r--p 0011f000 00:21 401125                     /usr/lib/libsystemd.so.0.43.0
7f70f424d000-7f70f424e000 rw-p 00128000 00:21 401125                     /usr/lib/libsystemd.so.0.43.0
7f70f424e000-7f70f424f000 rw-p 00000000 00:00 0 
7f70f424f000-7f70f425c000 r--p 00000000 00:21 451492                     /usr/lib/libpipewire-0.3.so.0.1602.0
7f70f425c000-7f70f42e1000 r-xp 0000d000 00:21 451492                     /usr/lib/libpipewire-0.3.so.0.1602.0
7f70f42e1000-7f70f42fe000 r--p 00092000 00:21 451492                     /usr/lib/libpipewire-0.3.so.0.1602.0
7f70f42fe000-7f70f431a000 r--p 000ae000 00:21 451492                     /usr/lib/libpipewire-0.3.so.0.1602.0
7f70f431a000-7f70f431b000 rw-p 000ca000 00:21 451492                     /usr/lib/libpipewire-0.3.so.0.1602.0
7f70f431b000-7f70f431c000 rw-p 00000000 00:00 0 
7f70f431c000-7f70f4342000 r--p 00000000 00:21 248451                     /home/sondsky/.javacpp/cache/ffmpeg-7.1-1.5.11-linux-x86_64.jar/org/bytedeco/ffmpeg/linux-x86_64/libjniavformat.so
7f70f4342000-7f70f437b000 r-xp 00026000 00:21 248451                     /home/sondsky/.javacpp/cache/ffmpeg-7.1-1.5.11-linux-x86_64.jar/org/bytedeco/ffmpeg/linux-x86_64/libjniavformat.so
7f70f437b000-7f70f4397000 r--p 0005f000 00:21 248451                     /home/sondsky/.javacpp/cache/ffmpeg-7.1-1.5.11-linux-x86_64.jar/org/bytedeco/ffmpeg/linux-x86_64/libjniavformat.so
7f70f4397000-7f70f43a1000 r--p 0007a000 00:21 248451                     /home/sondsky/.javacpp/cache/ffmpeg-7.1-1.5.11-linux-x86_64.jar/org/bytedeco/ffmpeg/linux-x86_64/libjniavformat.so
7f70f43a1000-7f70f43a2000 rw-p 00084000 00:21 248451                     /home/sondsky/.javacpp/cache/ffmpeg-7.1-1.5.11-linux-x86_64.jar/org/bytedeco/ffmpeg/linux-x86_64/libjniavformat.so
7f70f43a2000-7f70f43a3000 rw-p 00000000 00:00 0 
7f70f43db000-7f70f43fd000 r--p 00000000 00:21 142675                     /usr/lib/libasound.so.2.0.0
7f70f43fd000-7f70f4497000 r-xp 00022000 00:21 142675                     /usr/lib/libasound.so.2.0.0
7f70f4497000-7f70f44c2000 r--p 000bc000 00:21 142675                     /usr/lib/libasound.so.2.0.0
7f70f44c2000-7f70f44ca000 r--p 000e7000 00:21 142675                     /usr/lib/libasound.so.2.0.0
7f70f44ca000-7f70f44cb000 rw-p 000ef000 00:21 142675                     /usr/lib/libasound.so.2.0.0
7f70f44d3000-7f70f44d5000 r--p 00000000 00:21 451537                     /usr/lib/spa-0.2/support/libspa-support.so
7f70f44d5000-7f70f44f0000 r-xp 00002000 00:21 451537                     /usr/lib/spa-0.2/support/libspa-support.so
7f70f44f0000-7f70f44f6000 r--p 0001d000 00:21 451537                     /usr/lib/spa-0.2/support/libspa-support.so
7f70f44f6000-7f70f44fe000 r--p 00022000 00:21 451537                     /usr/lib/spa-0.2/support/libspa-support.so
7f70f44fe000-7f70f44ff000 rw-p 0002a000 00:21 451537                     /usr/lib/spa-0.2/support/libspa-support.so
7f70f44ff000-7f70f4500000 rw-p 00000000 00:00 0 
7f70f4500000-7f70f4504000 ---p 00000000 00:00 0 
7f70f4504000-7f70f4600000 rw-p 00000000 00:00 0 
7f70f4600000-7f70f467d000 r--p 00000000 00:21 248433                     /home/sondsky/.javacpp/cache/ffmpeg-7.1-1.5.11-linux-x86_64.jar/org/bytedeco/ffmpeg/linux-x86_64/libavutil.so.59
7f70f467d000-7f70f4a50000 r-xp 0007d000 00:21 248433                     /home/sondsky/.javacpp/cache/ffmpeg-7.1-1.5.11-linux-x86_64.jar/org/bytedeco/ffmpeg/linux-x86_64/libavutil.so.59
7f70f4a50000-7f70f4b39000 r--p 00450000 00:21 248433                     /home/sondsky/.javacpp/cache/ffmpeg-7.1-1.5.11-linux-x86_64.jar/org/bytedeco/ffmpeg/linux-x86_64/libavutil.so.59
7f70f4b39000-7f70f4b3a000 ---p 00539000 00:21 248433                     /home/sondsky/.javacpp/cache/ffmpeg-7.1-1.5.11-linux-x86_64.jar/org/bytedeco/ffmpeg/linux-x86_64/libavutil.so.59
7f70f4b3a000-7f70f4ba6000 r--p 00539000 00:21 248433                     /home/sondsky/.javacpp/cache/ffmpeg-7.1-1.5.11-linux-x86_64.jar/org/bytedeco/ffmpeg/linux-x86_64/libavutil.so.59
7f70f4ba6000-7f70f4baa000 rw-p 005a5000 00:21 248433                     /home/sondsky/.javacpp/cache/ffmpeg-7.1-1.5.11-linux-x86_64.jar/org/bytedeco/ffmpeg/linux-x86_64/libavutil.so.59
7f70f4baa000-7f70f5bbc000 rw-p 00000000 00:00 0 
7f70f5bc8000-7f70f5c24000 r--p 00000000 00:21 248436                     /home/sondsky/.javacpp/cache/ffmpeg-7.1-1.5.11-linux-x86_64.jar/org/bytedeco/ffmpeg/linux-x86_64/libjniavutil.so
7f70f5c24000-7f70f5cb3000 r-xp 0005c000 00:21 248436                     /home/sondsky/.javacpp/cache/ffmpeg-7.1-1.5.11-linux-x86_64.jar/org/bytedeco/ffmpeg/linux-x86_64/libjniavutil.so
7f70f5cb3000-7f70f5ced000 r--p 000eb000 00:21 248436                     /home/sondsky/.javacpp/cache/ffmpeg-7.1-1.5.11-linux-x86_64.jar/org/bytedeco/ffmpeg/linux-x86_64/libjniavutil.so
7f70f5ced000-7f70f5cee000 ---p 00125000 00:21 248436                     /home/sondsky/.javacpp/cache/ffmpeg-7.1-1.5.11-linux-x86_64.jar/org/bytedeco/ffmpeg/linux-x86_64/libjniavutil.so
7f70f5cee000-7f70f5cfa000 r--p 00125000 00:21 248436                     /home/sondsky/.javacpp/cache/ffmpeg-7.1-1.5.11-linux-x86_64.jar/org/bytedeco/ffmpeg/linux-x86_64/libjniavutil.so
7f70f5cfa000-7f70f5cfc000 rw-p 00131000 00:21 248436                     /home/sondsky/.javacpp/cache/ffmpeg-7.1-1.5.11-linux-x86_64.jar/org/bytedeco/ffmpeg/linux-x86_64/libjniavutil.so
7f70f5cfc000-7f70f5cfd000 rw-p 00000000 00:00 0 
7f70f5cfd000-7f70f5cfe000 rw-p 00000000 00:00 0 
7f70f5cfe000-7f70f5d02000 ---p 00000000 00:00 0 
7f70f5d02000-7f70f5dff000 rw-p 00000000 00:00 0 
7f70f5dff000-7f70f5e03000 ---p 00000000 00:00 0 
7f70f5e03000-7f70f5f00000 rw-p 00000000 00:00 0 
7f70f5f00000-7f70f5f04000 ---p 00000000 00:00 0 
7f70f5f04000-7f70f6000000 rw-p 00000000 00:00 0 
7f70f6000000-7f70f8021000 rw-p 00000000 00:00 0 
7f70f8021000-7f70fc000000 ---p 00000000 00:00 0 
7f70fc000000-7f70fc021000 rw-p 00000000 00:00 0 
7f70fc021000-7f7100000000 ---p 00000000 00:00 0 
7f7100000000-7f7100021000 rw-p 00000000 00:00 0 
7f7100021000-7f7104000000 ---p 00000000 00:00 0 
7f710401d000-7f7104020000 r--p 00000000 00:21 451667                     /usr/lib/alsa-lib/libasound_module_pcm_pipewire.so
7f7104020000-7f710402d000 r-xp 00003000 00:21 451667                     /usr/lib/alsa-lib/libasound_module_pcm_pipewire.so
7f710402d000-7f7104030000 r--p 00010000 00:21 451667                     /usr/lib/alsa-lib/libasound_module_pcm_pipewire.so
7f7104030000-7f7104032000 r--p 00013000 00:21 451667                     /usr/lib/alsa-lib/libasound_module_pcm_pipewire.so
7f7104032000-7f7104033000 rw-p 00015000 00:21 451667                     /usr/lib/alsa-lib/libasound_module_pcm_pipewire.so
7f7104033000-7f7104037000 r--p 00000000 00:21 615381                     /usr/lib/jvm/java-21-openjdk/lib/libjsound.so
7f7104037000-7f710403f000 r-xp 00004000 00:21 615381                     /usr/lib/jvm/java-21-openjdk/lib/libjsound.so
7f710403f000-7f7104042000 r--p 0000c000 00:21 615381                     /usr/lib/jvm/java-21-openjdk/lib/libjsound.so
7f7104042000-7f7104043000 r--p 0000e000 00:21 615381                     /usr/lib/jvm/java-21-openjdk/lib/libjsound.so
7f7104043000-7f7104044000 rw-p 0000f000 00:21 615381                     /usr/lib/jvm/java-21-openjdk/lib/libjsound.so
7f7104044000-7f710406d000 r--p 00000000 00:21 248448                     /home/sondsky/.javacpp/cache/ffmpeg-7.1-1.5.11-linux-x86_64.jar/org/bytedeco/ffmpeg/linux-x86_64/libjniavcodec.so
7f710406d000-7f71040a8000 r-xp 00029000 00:21 248448                     /home/sondsky/.javacpp/cache/ffmpeg-7.1-1.5.11-linux-x86_64.jar/org/bytedeco/ffmpeg/linux-x86_64/libjniavcodec.so
7f71040a8000-7f71040cb000 r--p 00064000 00:21 248448                     /home/sondsky/.javacpp/cache/ffmpeg-7.1-1.5.11-linux-x86_64.jar/org/bytedeco/ffmpeg/linux-x86_64/libjniavcodec.so
7f71040cb000-7f71040cc000 ---p 00087000 00:21 248448                     /home/sondsky/.javacpp/cache/ffmpeg-7.1-1.5.11-linux-x86_64.jar/org/bytedeco/ffmpeg/linux-x86_64/libjniavcodec.so
7f71040cc000-7f71040df000 r--p 00087000 00:21 248448                     /home/sondsky/.javacpp/cache/ffmpeg-7.1-1.5.11-linux-x86_64.jar/org/bytedeco/ffmpeg/linux-x86_64/libjniavcodec.so
7f71040df000-7f71040e0000 rw-p 0009a000 00:21 248448                     /home/sondsky/.javacpp/cache/ffmpeg-7.1-1.5.11-linux-x86_64.jar/org/bytedeco/ffmpeg/linux-x86_64/libjniavcodec.so
7f71040e0000-7f71040e1000 rw-p 00000000 00:00 0 
7f71040e1000-7f71040e2000 rw-p 00000000 00:00 0 
7f71040e2000-7f71040e6000 ---p 00000000 00:00 0 
7f71040e6000-7f71041e3000 rw-p 00000000 00:00 0 
7f71041e3000-7f71041e7000 ---p 00000000 00:00 0 
7f71041e7000-7f71042e4000 rw-p 00000000 00:00 0 
7f71042e4000-7f71042e8000 ---p 00000000 00:00 0 
7f71042e8000-7f71043e5000 rw-p 00000000 00:00 0 
7f71043e5000-7f71043e9000 ---p 00000000 00:00 0 
7f71043e9000-7f71044e6000 rw-p 00000000 00:00 0 
7f71044e6000-7f71044ea000 ---p 00000000 00:00 0 
7f71044ea000-7f71045e7000 rw-p 00000000 00:00 0 
7f71045e7000-7f71045eb000 ---p 00000000 00:00 0 
7f71045eb000-7f71046e8000 rw-p 00000000 00:00 0 
7f71046e8000-7f71046ec000 ---p 00000000 00:00 0 
7f71046ec000-7f71047e8000 rw-p 00000000 00:00 0 
7f71047e8000-7f7104870000 rw-p 00000000 00:00 0 
7f7104870000-7f7108400000 ---p 00000000 00:00 0 
7f7108400000-7f7108670000 rwxp 00000000 00:00 0 
7f7108670000-7f710f85f000 ---p 00000000 00:00 0 
7f710f85f000-7f710faef000 rwxp 00000000 00:00 0 
7f710faef000-7f710ffa0000 ---p 00000000 00:00 0 
7f710ffa0000-7f7110210000 rwxp 00000000 00:00 0 
7f7110210000-7f7117400000 ---p 00000000 00:00 0 
7f7117400000-7f711febc000 r--s 00000000 00:21 615399                     /usr/lib/jvm/java-21-openjdk/lib/modules
7f711fec9000-7f711fecf000 r--p 00000000 00:21 248445                     /home/sondsky/.javacpp/cache/ffmpeg-7.1-1.5.11-linux-x86_64.jar/org/bytedeco/ffmpeg/linux-x86_64/libjniswresample.so
7f711fecf000-7f711fed9000 r-xp 00006000 00:21 248445                     /home/sondsky/.javacpp/cache/ffmpeg-7.1-1.5.11-linux-x86_64.jar/org/bytedeco/ffmpeg/linux-x86_64/libjniswresample.so
7f711fed9000-7f711fede000 r--p 00010000 00:21 248445                     /home/sondsky/.javacpp/cache/ffmpeg-7.1-1.5.11-linux-x86_64.jar/org/bytedeco/ffmpeg/linux-x86_64/libjniswresample.so
7f711fede000-7f711fedf000 r--p 00014000 00:21 248445                     /home/sondsky/.javacpp/cache/ffmpeg-7.1-1.5.11-linux-x86_64.jar/org/bytedeco/ffmpeg/linux-x86_64/libjniswresample.so
7f711fedf000-7f711fee0000 rw-p 00015000 00:21 248445                     /home/sondsky/.javacpp/cache/ffmpeg-7.1-1.5.11-linux-x86_64.jar/org/bytedeco/ffmpeg/linux-x86_64/libjniswresample.so
7f711fee0000-7f711fee3000 r--p 00000000 00:21 248443                     /home/sondsky/.javacpp/cache/ffmpeg-7.1-1.5.11-linux-x86_64.jar/org/bytedeco/ffmpeg/linux-x86_64/libswresample.so.5
7f711fee3000-7f711fef7000 r-xp 00003000 00:21 248443                     /home/sondsky/.javacpp/cache/ffmpeg-7.1-1.5.11-linux-x86_64.jar/org/bytedeco/ffmpeg/linux-x86_64/libswresample.so.5
7f711fef7000-7f711fefc000 r--p 00017000 00:21 248443                     /home/sondsky/.javacpp/cache/ffmpeg-7.1-1.5.11-linux-x86_64.jar/org/bytedeco/ffmpeg/linux-x86_64/libswresample.so.5
7f711fefc000-7f711fefe000 r--p 0001b000 00:21 248443                     /home/sondsky/.javacpp/cache/ffmpeg-7.1-1.5.11-linux-x86_64.jar/org/bytedeco/ffmpeg/linux-x86_64/libswresample.so.5
7f711fefe000-7f711feff000 rw-p 0001d000 00:21 248443                     /home/sondsky/.javacpp/cache/ffmpeg-7.1-1.5.11-linux-x86_64.jar/org/bytedeco/ffmpeg/linux-x86_64/libswresample.so.5
7f711feff000-7f711ff00000 rw-p 00000000 00:00 0 
7f711ff00000-7f711ff04000 ---p 00000000 00:00 0 
7f711ff04000-7f7120000000 rw-p 00000000 00:00 0 
7f7120000000-7f71202e3000 rw-p 00000000 00:00 0 
7f71202e3000-7f7124000000 ---p 00000000 00:00 0 
7f7124001000-7f712400a000 r--p 00000000 00:21 248442                     /home/sondsky/.javacpp/cache/javacpp-1.5.11-linux-x86_64.jar/org/bytedeco/javacpp/linux-x86_64/libjnijavacpp.so
7f712400a000-7f712401c000 r-xp 00009000 00:21 248442                     /home/sondsky/.javacpp/cache/javacpp-1.5.11-linux-x86_64.jar/org/bytedeco/javacpp/linux-x86_64/libjnijavacpp.so
7f712401c000-7f7124026000 r--p 0001b000 00:21 248442                     /home/sondsky/.javacpp/cache/javacpp-1.5.11-linux-x86_64.jar/org/bytedeco/javacpp/linux-x86_64/libjnijavacpp.so
7f7124026000-7f7124027000 r--p 00024000 00:21 248442                     /home/sondsky/.javacpp/cache/javacpp-1.5.11-linux-x86_64.jar/org/bytedeco/javacpp/linux-x86_64/libjnijavacpp.so
7f7124027000-7f7124028000 rw-p 00025000 00:21 248442                     /home/sondsky/.javacpp/cache/javacpp-1.5.11-linux-x86_64.jar/org/bytedeco/javacpp/linux-x86_64/libjnijavacpp.so
7f7124028000-7f712402d000 r--p 00000000 00:21 615382                     /usr/lib/jvm/java-21-openjdk/lib/libjsvml.so
7f712402d000-7f712406e000 r-xp 00005000 00:21 615382                     /usr/lib/jvm/java-21-openjdk/lib/libjsvml.so
7f712406e000-7f71240f7000 r--p 00046000 00:21 615382                     /usr/lib/jvm/java-21-openjdk/lib/libjsvml.so
7f71240f7000-7f71240f8000 r--p 000ce000 00:21 615382                     /usr/lib/jvm/java-21-openjdk/lib/libjsvml.so
7f71240f8000-7f71240f9000 rw-p 000cf000 00:21 615382                     /usr/lib/jvm/java-21-openjdk/lib/libjsvml.so
7f71240f9000-7f71240fa000 rw-p 00000000 00:00 0 
7f71240fa000-7f71240fe000 ---p 00000000 00:00 0 
7f71240fe000-7f71241fb000 rw-p 00000000 00:00 0 
7f71241fb000-7f71241ff000 ---p 00000000 00:00 0 
7f71241ff000-7f71242fc000 rw-p 00000000 00:00 0 
7f71242fc000-7f7124300000 ---p 00000000 00:00 0 
7f7124300000-7f71243fd000 rw-p 00000000 00:00 0 
7f71243fd000-7f7124401000 ---p 00000000 00:00 0 
7f7124401000-7f71244fe000 rw-p 00000000 00:00 0 
7f71244fe000-7f7124502000 ---p 00000000 00:00 0 
7f7124502000-7f71245ff000 rw-p 00000000 00:00 0 
7f71245ff000-7f7124603000 ---p 00000000 00:00 0 
7f7124603000-7f7124700000 rw-p 00000000 00:00 0 
7f7124700000-7f7124704000 ---p 00000000 00:00 0 
7f7124704000-7f7124800000 rw-p 00000000 00:00 0 
7f7124800000-7f7124d65000 r--p 00000000 00:21 367981                     /usr/lib/locale/locale-archive
7f7124d6c000-7f7124d6d000 r--p 00000000 00:21 451536                     /usr/lib/spa-0.2/support/libspa-journal.so
7f7124d6d000-7f7124d6f000 r-xp 00001000 00:21 451536                     /usr/lib/spa-0.2/support/libspa-journal.so
7f7124d6f000-7f7124d70000 r--p 00003000 00:21 451536                     /usr/lib/spa-0.2/support/libspa-journal.so
7f7124d70000-7f7124d71000 r--p 00003000 00:21 451536                     /usr/lib/spa-0.2/support/libspa-journal.so
7f7124d71000-7f7124d72000 rw-p 00004000 00:21 451536                     /usr/lib/spa-0.2/support/libspa-journal.so
7f7124d72000-7f7124f74000 rw-p 00000000 00:00 0 
7f7124f74000-7f7125050000 rw-p 00000000 00:00 0 
7f7125050000-7f7125252000 rw-p 00000000 00:00 0 
7f7125252000-7f7125f5f000 rw-p 00000000 00:00 0 
7f7125f5f000-7f7126262000 rw-p 00000000 00:00 0 
7f7126262000-7f712632c000 rw-p 00000000 00:00 0 
7f712632c000-7f7126a9e000 ---p 00000000 00:00 0 
7f7126a9e000-7f7126aaf000 rw-p 00000000 00:00 0 
7f7126aaf000-7f7127221000 ---p 00000000 00:00 0 
7f7127221000-7f7127f33000 rw-p 00000000 00:00 0 
7f7127f33000-7f7128017000 ---p 00000000 00:00 0 
7f7128017000-7f712801c000 rw-p 00000000 00:00 0 
7f712801c000-7f7128100000 ---p 00000000 00:00 0 
7f7128100000-7f7128104000 ---p 00000000 00:00 0 
7f7128104000-7f7128200000 rw-p 00000000 00:00 0 
7f7128200000-7f7128297000 r--p 00000000 00:21 11356                      /usr/lib/libstdc++.so.6.0.34
7f7128297000-7f71283ec000 r-xp 00097000 00:21 11356                      /usr/lib/libstdc++.so.6.0.34
7f71283ec000-7f712847e000 r--p 001ec000 00:21 11356                      /usr/lib/libstdc++.so.6.0.34
7f712847e000-7f712848f000 r--p 0027e000 00:21 11356                      /usr/lib/libstdc++.so.6.0.34
7f712848f000-7f7128490000 rw-p 0028f000 00:21 11356                      /usr/lib/libstdc++.so.6.0.34
7f7128490000-7f7128494000 rw-p 00000000 00:00 0 
7f7128495000-7f712849a000 r--p 00000000 00:21 248430                     /home/sondsky/.javacpp/cache/ffmpeg-7.1-1.5.11-linux-x86_64.jar/org/bytedeco/ffmpeg/linux-x86_64/libdrm.so.2
7f712849a000-7f71284a5000 r-xp 00005000 00:21 248430                     /home/sondsky/.javacpp/cache/ffmpeg-7.1-1.5.11-linux-x86_64.jar/org/bytedeco/ffmpeg/linux-x86_64/libdrm.so.2
7f71284a5000-7f71284a9000 r--p 00010000 00:21 248430                     /home/sondsky/.javacpp/cache/ffmpeg-7.1-1.5.11-linux-x86_64.jar/org/bytedeco/ffmpeg/linux-x86_64/libdrm.so.2
7f71284a9000-7f71284aa000 r--p 00013000 00:21 248430                     /home/sondsky/.javacpp/cache/ffmpeg-7.1-1.5.11-linux-x86_64.jar/org/bytedeco/ffmpeg/linux-x86_64/libdrm.so.2
7f71284aa000-7f71284ab000 rw-p 00014000 00:21 248430                     /home/sondsky/.javacpp/cache/ffmpeg-7.1-1.5.11-linux-x86_64.jar/org/bytedeco/ffmpeg/linux-x86_64/libdrm.so.2
7f71284ab000-7f71284ae000 r--p 00000000 00:21 451923                     /usr/lib/libva.so.2.2300.0
7f71284ae000-7f71284ce000 r-xp 00003000 00:21 451923                     /usr/lib/libva.so.2.2300.0
7f71284ce000-7f71284e0000 r--p 00023000 00:21 451923                     /usr/lib/libva.so.2.2300.0
7f71284e0000-7f71284e1000 r--p 00035000 00:21 451923                     /usr/lib/libva.so.2.2300.0
7f71284e1000-7f71284e2000 rw-p 00036000 00:21 451923                     /usr/lib/libva.so.2.2300.0
7f71284e2000-7f71284f2000 r--p 00000000 00:21 11216                      /usr/lib/libm.so.6
7f71284f2000-7f7128589000 r-xp 00010000 00:21 11216                      /usr/lib/libm.so.6
7f7128589000-7f71285fe000 r--p 000a7000 00:21 11216                      /usr/lib/libm.so.6
7f71285fe000-7f71285ff000 r--p 0011b000 00:21 11216                      /usr/lib/libm.so.6
7f71285ff000-7f7128600000 rw-p 0011c000 00:21 11216                      /usr/lib/libm.so.6
7f7128600000-7f7128610000 r--p 00000000 00:21 615411                     /usr/lib/jvm/java-21-openjdk/lib/server/libjvm.so
7f7128610000-7f7129516000 r-xp 00010000 00:21 615411                     /usr/lib/jvm/java-21-openjdk/lib/server/libjvm.so
7f7129516000-7f71297ef000 r--p 00f16000 00:21 615411                     /usr/lib/jvm/java-21-openjdk/lib/server/libjvm.so
7f71297ef000-7f71298c5000 r--p 011ef000 00:21 615411                     /usr/lib/jvm/java-21-openjdk/lib/server/libjvm.so
7f71298c5000-7f71298f5000 rw-p 012c5000 00:21 615411                     /usr/lib/jvm/java-21-openjdk/lib/server/libjvm.so
7f71298f5000-7f712995b000 rw-p 00000000 00:00 0 
7f712995b000-7f712995c000 r--p 00000000 00:21 11056                      /usr/lib/libdl.so.2
7f712995c000-7f712995d000 r-xp 00001000 00:21 11056                      /usr/lib/libdl.so.2
7f712995d000-7f712995e000 r--p 00002000 00:21 11056                      /usr/lib/libdl.so.2
7f712995e000-7f712995f000 r--p 00002000 00:21 11056                      /usr/lib/libdl.so.2
7f712995f000-7f7129960000 rw-p 00003000 00:21 11056                      /usr/lib/libdl.so.2
7f7129960000-7f7129961000 r--p 00000000 00:21 11328                      /usr/lib/libpthread.so.0
7f7129961000-7f7129962000 r-xp 00001000 00:21 11328                      /usr/lib/libpthread.so.0
7f7129962000-7f7129963000 r--p 00002000 00:21 11328                      /usr/lib/libpthread.so.0
7f7129963000-7f7129964000 r--p 00002000 00:21 11328                      /usr/lib/libpthread.so.0
7f7129964000-7f7129965000 rw-p 00003000 00:21 11328                      /usr/lib/libpthread.so.0
7f7129965000-7f7129966000 r--p 00000000 00:21 451911                     /usr/lib/libva-drm.so.2.2300.0
7f7129966000-7f7129967000 r-xp 00001000 00:21 451911                     /usr/lib/libva-drm.so.2.2300.0
7f7129967000-7f7129968000 r--p 00002000 00:21 451911                     /usr/lib/libva-drm.so.2.2300.0
7f7129968000-7f7129969000 r--p 00002000 00:21 451911                     /usr/lib/libva-drm.so.2.2300.0
7f7129969000-7f712996a000 rw-p 00003000 00:21 451911                     /usr/lib/libva-drm.so.2.2300.0
7f712996a000-7f712996d000 r--p 00000000 00:21 615389                     /usr/lib/jvm/java-21-openjdk/lib/libnet.so
7f712996d000-7f7129975000 r-xp 00003000 00:21 615389                     /usr/lib/jvm/java-21-openjdk/lib/libnet.so
7f7129975000-7f7129977000 r--p 0000b000 00:21 615389                     /usr/lib/jvm/java-21-openjdk/lib/libnet.so
7f7129977000-7f7129978000 r--p 0000c000 00:21 615389                     /usr/lib/jvm/java-21-openjdk/lib/libnet.so
7f7129978000-7f7129979000 rw-p 0000d000 00:21 615389                     /usr/lib/jvm/java-21-openjdk/lib/libnet.so
7f7129979000-7f7129980000 r--p 00000000 00:21 615390                     /usr/lib/jvm/java-21-openjdk/lib/libnio.so
7f7129980000-7f7129989000 r-xp 00007000 00:21 615390                     /usr/lib/jvm/java-21-openjdk/lib/libnio.so
7f7129989000-7f712998d000 r--p 00010000 00:21 615390                     /usr/lib/jvm/java-21-openjdk/lib/libnio.so
7f712998d000-7f712998e000 r--p 00014000 00:21 615390                     /usr/lib/jvm/java-21-openjdk/lib/libnio.so
7f712998e000-7f712998f000 rw-p 00015000 00:21 615390                     /usr/lib/jvm/java-21-openjdk/lib/libnio.so
7f712998f000-7f7129991000 r--p 00000000 00:21 615398                     /usr/lib/jvm/java-21-openjdk/lib/libzip.so
7f7129991000-7f7129995000 r-xp 00002000 00:21 615398                     /usr/lib/jvm/java-21-openjdk/lib/libzip.so
7f7129995000-7f7129997000 r--p 00006000 00:21 615398                     /usr/lib/jvm/java-21-openjdk/lib/libzip.so
7f7129997000-7f7129998000 r--p 00007000 00:21 615398                     /usr/lib/jvm/java-21-openjdk/lib/libzip.so
7f7129998000-7f7129999000 rw-p 00008000 00:21 615398                     /usr/lib/jvm/java-21-openjdk/lib/libzip.so
7f7129999000-7f71299da000 rw-p 00000000 00:00 0 
7f71299da000-7f71299e4000 r--p 00000000 00:21 615374                     /usr/lib/jvm/java-21-openjdk/lib/libjava.so
7f71299e4000-7f71299f2000 r-xp 0000a000 00:21 615374                     /usr/lib/jvm/java-21-openjdk/lib/libjava.so
7f71299f2000-7f71299f7000 r--p 00018000 00:21 615374                     /usr/lib/jvm/java-21-openjdk/lib/libjava.so
7f71299f7000-7f71299f8000 r--p 0001d000 00:21 615374                     /usr/lib/jvm/java-21-openjdk/lib/libjava.so
7f71299f8000-7f71299f9000 rw-p 0001e000 00:21 615374                     /usr/lib/jvm/java-21-openjdk/lib/libjava.so
7f71299f9000-7f71299fa000 rw-p 00000000 00:00 0 
7f71299fa000-7f71299fe000 r--p 00000000 00:21 11099                      /usr/lib/libgcc_s.so.1
7f71299fe000-7f7129a21000 r-xp 00004000 00:21 11099                      /usr/lib/libgcc_s.so.1
7f7129a21000-7f7129a25000 r--p 00027000 00:21 11099                      /usr/lib/libgcc_s.so.1
7f7129a25000-7f7129a26000 r--p 0002a000 00:21 11099                      /usr/lib/libgcc_s.so.1
7f7129a26000-7f7129a27000 rw-p 0002b000 00:21 11099                      /usr/lib/libgcc_s.so.1
7f7129a27000-7f7129a2a000 rw-p 00000000 00:00 0 
7f7129a2a000-7f7129a2d000 r--p 00000000 00:21 11458                      /usr/lib/libz.so.1.3.2
7f7129a2d000-7f7129a3d000 r-xp 00003000 00:21 11458                      /usr/lib/libz.so.1.3.2
7f7129a3d000-7f7129a43000 r--p 00013000 00:21 11458                      /usr/lib/libz.so.1.3.2
7f7129a43000-7f7129a44000 r--p 00018000 00:21 11458                      /usr/lib/libz.so.1.3.2
7f7129a44000-7f7129a45000 rw-p 00019000 00:21 11458                      /usr/lib/libz.so.1.3.2
7f7129a45000-7f7129a69000 r--p 00000000 00:21 11020                      /usr/lib/libc.so.6
7f7129a69000-7f7129bda000 r-xp 00024000 00:21 11020                      /usr/lib/libc.so.6
7f7129bda000-7f7129c28000 r--p 00195000 00:21 11020                      /usr/lib/libc.so.6
7f7129c28000-7f7129c2c000 r--p 001e2000 00:21 11020                      /usr/lib/libc.so.6
7f7129c2c000-7f7129c2e000 rw-p 001e6000 00:21 11020                      /usr/lib/libc.so.6
7f7129c2e000-7f7129c37000 rw-p 00000000 00:00 0 
7f7129c37000-7f7129c38000 rw-p 00000000 00:00 0 
7f7129c38000-7f7129c39000 r--p 00000000 00:21 615367                     /usr/lib/jvm/java-21-openjdk/lib/libextnet.so
7f7129c39000-7f7129c3a000 r-xp 00001000 00:21 615367                     /usr/lib/jvm/java-21-openjdk/lib/libextnet.so
7f7129c3a000-7f7129c3b000 r--p 00002000 00:21 615367                     /usr/lib/jvm/java-21-openjdk/lib/libextnet.so
7f7129c3b000-7f7129c3c000 r--p 00002000 00:21 615367                     /usr/lib/jvm/java-21-openjdk/lib/libextnet.so
7f7129c3c000-7f7129c3d000 rw-p 00003000 00:21 615367                     /usr/lib/jvm/java-21-openjdk/lib/libextnet.so
7f7129c3d000-7f7129c43000 rw-p 00000000 00:00 0 
7f7129c43000-7f7129c4c000 ---p 00000000 00:00 0 
7f7129c4c000-7f7129c54000 rw-s 00000000 00:37 182                        /tmp/hsperfdata_sondsky/213061
7f7129c54000-7f7129c56000 r--p 00000000 00:21 615369                     /usr/lib/jvm/java-21-openjdk/lib/libinstrument.so
7f7129c56000-7f7129c5c000 r-xp 00002000 00:21 615369                     /usr/lib/jvm/java-21-openjdk/lib/libinstrument.so
7f7129c5c000-7f7129c5f000 r--p 00008000 00:21 615369                     /usr/lib/jvm/java-21-openjdk/lib/libinstrument.so
7f7129c5f000-7f7129c60000 r--p 0000a000 00:21 615369                     /usr/lib/jvm/java-21-openjdk/lib/libinstrument.so
7f7129c60000-7f7129c61000 rw-p 0000b000 00:21 615369                     /usr/lib/jvm/java-21-openjdk/lib/libinstrument.so
7f7129c61000-7f7129c62000 ---p 00000000 00:00 0 
7f7129c62000-7f7129c63000 r--p 00000000 00:00 0 
7f7129c63000-7f7129c64000 ---p 00000000 00:00 0 
7f7129c64000-7f7129c65000 r--p 00000000 00:21 615378                     /usr/lib/jvm/java-21-openjdk/lib/libjimage.so
7f7129c65000-7f7129c67000 r-xp 00001000 00:21 615378                     /usr/lib/jvm/java-21-openjdk/lib/libjimage.so
7f7129c67000-7f7129c68000 r--p 00003000 00:21 615378                     /usr/lib/jvm/java-21-openjdk/lib/libjimage.so
7f7129c68000-7f7129c69000 r--p 00004000 00:21 615378                     /usr/lib/jvm/java-21-openjdk/lib/libjimage.so
7f7129c69000-7f7129c6a000 rw-p 00005000 00:21 615378                     /usr/lib/jvm/java-21-openjdk/lib/libjimage.so
7f7129c6a000-7f7129c6c000 r--p 00000000 00:21 615379                     /usr/lib/jvm/java-21-openjdk/lib/libjli.so
7f7129c6c000-7f7129c76000 r-xp 00002000 00:21 615379                     /usr/lib/jvm/java-21-openjdk/lib/libjli.so
7f7129c76000-7f7129c79000 r--p 0000c000 00:21 615379                     /usr/lib/jvm/java-21-openjdk/lib/libjli.so
7f7129c79000-7f7129c7a000 r--p 0000f000 00:21 615379                     /usr/lib/jvm/java-21-openjdk/lib/libjli.so
7f7129c7a000-7f7129c7b000 rw-p 00010000 00:21 615379                     /usr/lib/jvm/java-21-openjdk/lib/libjli.so
7f7129c7b000-7f7129c7d000 rw-p 00000000 00:00 0 
7f7129c7d000-7f7129c81000 r--p 00000000 00:00 0                          [vvar]
7f7129c81000-7f7129c83000 r--p 00000000 00:00 0                          [vvar_vclock]
7f7129c83000-7f7129c85000 r-xp 00000000 00:00 0                          [vdso]
7f7129c85000-7f7129c86000 r--p 00000000 00:21 10967                      /usr/lib/ld-linux-x86-64.so.2
7f7129c86000-7f7129cb0000 r-xp 00001000 00:21 10967                      /usr/lib/ld-linux-x86-64.so.2
7f7129cb0000-7f7129cbb000 r--p 0002b000 00:21 10967                      /usr/lib/ld-linux-x86-64.so.2
7f7129cbb000-7f7129cbd000 r--p 00036000 00:21 10967                      /usr/lib/ld-linux-x86-64.so.2
7f7129cbd000-7f7129cbe000 rw-p 00038000 00:21 10967                      /usr/lib/ld-linux-x86-64.so.2
7f7129cbe000-7f7129cbf000 rw-p 00000000 00:00 0 
7fffc6a68000-7fffc6a8a000 rw-p 00000000 00:00 0                          [stack]
ffffffffff600000-ffffffffff601000 --xp 00000000 00:00 0                  [vsyscall]
Total number of mappings: 371

JVMTI agents:
/usr/share/idea/lib/idea_rt.jar path:none, loaded, initialized, instrumentlib options:37467


VM Arguments:
jvm_args: -javaagent:/usr/share/idea/lib/idea_rt.jar=37467 -Dfile.encoding=UTF-8 -Dsun.stdout.encoding=UTF-8 -Dsun.stderr.encoding=UTF-8 
java_command: Main
java_class_path (initial): /home/sondsky/code/MardukAudioCore/target/classes:/home/sondsky/.m2/repository/net/java/dev/jna/jna/5.13.0/jna-5.13.0.jar:/home/sondsky/.m2/repository/javazoom/jlayer/1.0.1/jlayer-1.0.1.jar:/home/sondsky/.m2/repository/commons-io/commons-io/2.11.0/commons-io-2.11.0.jar:/home/sondsky/.m2/repository/com/googlecode/soundlibs/mp3spi/1.9.5.4/mp3spi-1.9.5.4.jar:/home/sondsky/.m2/repository/com/googlecode/soundlibs/jlayer/1.0.1.4/jlayer-1.0.1.4.jar:/home/sondsky/.m2/repository/junit/junit/3.8.2/junit-3.8.2.jar:/home/sondsky/.m2/repository/com/googlecode/soundlibs/tritonus-share/0.3.7.4/tritonus-share-0.3.7.4.jar:/home/sondsky/.m2/repository/org/bytedeco/ffmpeg/7.1-1.5.11/ffmpeg-7.1-1.5.11.jar:/home/sondsky/.m2/repository/org/bytedeco/javacpp/1.5.11/javacpp-1.5.11.jar:/home/sondsky/.m2/repository/org/bytedeco/ffmpeg-platform/7.1-1.5.11/ffmpeg-platform-7.1-1.5.11.jar:/home/sondsky/.m2/repository/org/bytedeco/javacpp-platform/1.5.11/javacpp-platform-1.5.11.jar:/home/sondsky/.m2/repository/org/bytedeco/javacpp/1.5.11/javacpp-1.5.11-android-arm64.jar:/home/sondsky/.m2/repository/org/bytedeco/javacpp/1.5.11/javacpp-1.5.11-android-x86_64.jar:/home/sondsky/.m2/repository/org/bytedeco/javacpp/1.5.11/javacpp-1.5.11-ios-arm64.jar:/home/sondsky/.m2/repository/org/bytedeco/javacpp/1.5.11/javacpp-1.5.11-ios-x86_64.jar:/home/sondsky/.m2/repository/org/bytedeco/javacpp/1.5.11/javacpp-1.5.11-linux-arm64.jar:/home/sondsky/.m2/repository/org/bytedeco/javacpp/1.5.11/javacpp-1.5.11-linux-ppc64le.jar:/home/sondsky/.m2/repository/org/bytedeco/javacpp/1.5.11/javacpp-1.5.11-linux-x86_64.jar:/home/sondsky/.m2/repository/org/bytedeco/javacpp/1.5.11/javacpp-1.5.11-macosx-arm64.jar:/home/sondsky/.m2/repository/org/bytedeco/javacpp/1.5.11/javacpp-1.5.11-macosx-x86_64.jar:/home/sondsky/.m2/repository/org/bytedeco/javacpp/1.5.11/javacpp-1.5.11-windows-x86_64.jar:/home/sondsky/.m2/repository/org/bytedeco/ffmpeg/7.1-1.5.11/ffmpeg-7.1-1.5.11-android-arm64.jar:/home/sondsky/.m2/repository/org/bytedeco/ffmpeg/7.1-1.5.11/ffmpeg-7.1-1.5.11-android-x86_64.jar:/home/sondsky/.m2/repository/org/bytedeco/ffmpeg/7.1-1.5.11/ffmpeg-7.1-1.5.11-linux-x86_64.jar:/home/sondsky/.m2/repository/org/bytedeco/ffmpeg/7.1-1.5.11/ffmpeg-7.1-1.5.11-linux-arm64.jar:/home/sondsky/.m2/repository/org/bytedeco/ffmpeg/7.1-1.5.11/ffmpeg-7.1-1.5.11-macosx-arm64.jar:/home/sondsky/.m2/repository/org/bytedeco/ffmpeg/7.1-1.5.11/ffmpeg-7.1-1.5.11-macosx-x86_64.jar:/home/sondsky/.m2/repository/org/bytedeco/ffmpeg/7.1-1.5.11/ffmpeg-7.1-1.5.11-windows-x86_64.jar
Launcher Type: SUN_STANDARD

[Global flags]
     intx CICompilerCount                          = 12                                        {product} {ergonomic}
     uint ConcGCThreads                            = 3                                         {product} {ergonomic}
     uint G1ConcRefinementThreads                  = 13                                        {product} {ergonomic}
   size_t G1HeapRegionSize                         = 2097152                                   {product} {ergonomic}
    uintx GCDrainStackTargetSize                   = 64                                        {product} {ergonomic}
   size_t InitialHeapSize                          = 253755392                                 {product} {ergonomic}
   size_t MarkStackSize                            = 4194304                                   {product} {ergonomic}
   size_t MaxHeapSize                              = 4032823296                                {product} {ergonomic}
   size_t MaxNewSize                               = 2418016256                                {product} {ergonomic}
   size_t MinHeapDeltaBytes                        = 2097152                                   {product} {ergonomic}
   size_t MinHeapSize                              = 8388608                                   {product} {ergonomic}
    uintx NonNMethodCodeHeapSize                   = 7602480                                {pd product} {ergonomic}
    uintx NonProfiledCodeHeapSize                  = 122027880                              {pd product} {ergonomic}
    uintx ProfiledCodeHeapSize                     = 122027880                              {pd product} {ergonomic}
    uintx ReservedCodeCacheSize                    = 251658240                              {pd product} {ergonomic}
     bool SegmentedCodeCache                       = true                                      {product} {ergonomic}
   size_t SoftMaxHeapSize                          = 4032823296                             {manageable} {ergonomic}
     bool UseCompressedOops                        = true                           {product lp64_product} {ergonomic}
     bool UseG1GC                                  = true                                      {product} {ergonomic}

Logging:
Log output configuration:
 #0: stdout all=warning uptime,level,tags foldmultilines=false
 #1: stderr all=off uptime,level,tags foldmultilines=false

Release file:
IMPLEMENTOR="Arch Linux"
JAVA_RUNTIME_VERSION="21.0.10+7"
JAVA_VERSION="21.0.10"
JAVA_VERSION_DATE="2026-01-20"
LIBC="gnu"
MODULES="java.base java.compiler java.datatransfer java.xml java.prefs java.desktop java.instrument java.logging java.management java.security.sasl java.naming java.rmi java.management.rmi java.net.http java.scripting java.security.jgss java.transaction.xa java.sql java.sql.rowset java.xml.crypto java.se java.smartcardio jdk.accessibility jdk.internal.jvmstat jdk.attach jdk.charsets jdk.internal.opt jdk.zipfs jdk.compiler jdk.crypto.ec jdk.crypto.cryptoki jdk.dynalink jdk.internal.ed jdk.editpad jdk.hotspot.agent jdk.httpserver jdk.incubator.vector jdk.internal.le jdk.internal.vm.ci jdk.internal.vm.compiler jdk.internal.vm.compiler.management jdk.jartool jdk.javadoc jdk.jcmd jdk.management jdk.management.agent jdk.jconsole jdk.jdeps jdk.jdwp.agent jdk.jdi jdk.jfr jdk.jlink jdk.jpackage jdk.jshell jdk.jsobject jdk.jstatd jdk.localedata jdk.management.jfr jdk.naming.dns jdk.naming.rmi jdk.net jdk.nio.mapmode jdk.random jdk.sctp jdk.security.auth jdk.security.jgss jdk.unsupported jdk.unsupported.desktop jdk.xml.dom"
OS_ARCH="x86_64"
OS_NAME="Linux"
SOURCE=""

Environment Variables:
PATH=/usr/local/sbin:/usr/local/bin:/usr/bin:/usr/lib/jvm/default/bin:/usr/bin/site_perl:/usr/bin/vendor_perl:/usr/bin/core_perl
SHELL=/bin/bash
DISPLAY=:1
WAYLAND_DISPLAY=wayland-0
LANG=en_US.UTF-8
LC_NUMERIC=es_AR.UTF-8
LC_TIME=es_AR.UTF-8
TERM=xterm

Active Locale:
LC_ALL=LC_CTYPE=en_US.UTF-8;LC_NUMERIC=es_AR.UTF-8;LC_TIME=es_AR.UTF-8;LC_COLLATE=en_US.UTF-8;LC_MONETARY=es_AR.UTF-8;LC_MESSAGES=en_US.UTF-8;LC_PAPER=es_AR.UTF-8;LC_NAME=es_AR.UTF-8;LC_ADDRESS=es_AR.UTF-8;LC_TELEPHONE=es_AR.UTF-8;LC_MEASUREMENT=es_AR.UTF-8;LC_IDENTIFICATION=es_AR.UTF-8
LC_COLLATE=en_US.UTF-8
LC_CTYPE=en_US.UTF-8
LC_MESSAGES=en_US.UTF-8
LC_MONETARY=es_AR.UTF-8
LC_NUMERIC=es_AR.UTF-8
LC_TIME=es_AR.UTF-8

Signal Handlers:
   SIGSEGV: 0x00007f712940d280 in libjvm.so+14733952, mask=11100100010111111101111111111110, flags=SA_RESTART|SA_SIGINFO, unblocked
    SIGBUS: 0x00007f712940d280 in libjvm.so+14733952, mask=11100100010111111101111111111110, flags=SA_RESTART|SA_SIGINFO, unblocked
    SIGFPE: 0x00007f712940d280 in libjvm.so+14733952, mask=11100100010111111101111111111110, flags=SA_RESTART|SA_SIGINFO, unblocked
   SIGPIPE: 0x00007f7129266980 in libjvm.so+13003136, mask=11100100010111111101111111111110, flags=SA_RESTART|SA_SIGINFO, blocked
   SIGXFSZ: 0x00007f7129266980 in libjvm.so+13003136, mask=11100100010111111101111111111110, flags=SA_RESTART|SA_SIGINFO, blocked
    SIGILL: 0x00007f712940d280 in libjvm.so+14733952, mask=11100100010111111101111111111110, flags=SA_RESTART|SA_SIGINFO, unblocked
   SIGUSR2: 0x00007f71292682a0 in libjvm.so+13009568, mask=00000000000000000000000000000000, flags=SA_RESTART|SA_SIGINFO, blocked
    SIGHUP: 0x00007f7129265ce0 in libjvm.so+12999904, mask=11100100010111111101111111111110, flags=SA_RESTART|SA_SIGINFO, blocked
    SIGINT: 0x00007f7129265ce0 in libjvm.so+12999904, mask=11100100010111111101111111111110, flags=SA_RESTART|SA_SIGINFO, blocked
   SIGTERM: 0x00007f7129265ce0 in libjvm.so+12999904, mask=11100100010111111101111111111110, flags=SA_RESTART|SA_SIGINFO, blocked
   SIGQUIT: 0x00007f7129265ce0 in libjvm.so+12999904, mask=11100100010111111101111111111110, flags=SA_RESTART|SA_SIGINFO, blocked
   SIGTRAP: 0x00007f712940d280 in libjvm.so+14733952, mask=11100100010111111101111111111110, flags=SA_RESTART|SA_SIGINFO, unblocked


Periodic native trim disabled

---------------  S Y S T E M  ---------------

OS:
DISTRIB_ID=Garuda
DISTRIB_RELEASE=Soaring
DISTRIB_DESCRIPTION="Garuda Linux Broadwing"
DISTRIB_CODENAME="Broadwing"
uname: Linux 6.19.9-zen1-1-zen #1 ZEN SMP PREEMPT_DYNAMIC Thu, 19 Mar 2026 16:33:07 +0000 x86_64
OS uptime: 0 days 18:34 hours
libc: glibc 2.43 NPTL 2.43 
rlimit (soft/hard): STACK 8192k/infinity , CORE infinity/infinity , NPROC 1048576/1048576 , NOFILE 1048576/1048576 , AS infinity/infinity , CPU infinity/infinity , DATA infinity/infinity , FSIZE infinity/infinity , MEMLOCK infinity/infinity
load average: 0,23 0,31 0,30

/proc/meminfo:
MemTotal:       15750016 kB
MemFree:         1340796 kB
MemAvailable:    8452392 kB
Buffers:             900 kB
Cached:          6197212 kB
SwapCached:            0 kB
Active:          7330212 kB
Inactive:        4507876 kB
Active(anon):    4557340 kB
Inactive(anon):     2440 kB
Active(file):    2772872 kB
Inactive(file):  4505436 kB
Unevictable:         560 kB
Mlocked:             560 kB
SwapTotal:      15749116 kB
SwapFree:       15748196 kB
Zswap:                 0 kB
Zswapped:              0 kB
Dirty:               976 kB
Writeback:             0 kB
AnonPages:       5566644 kB
Mapped:          1873396 kB
Shmem:            136472 kB
KReclaimable:     168556 kB
Slab:             368180 kB
SReclaimable:     168556 kB
SUnreclaim:       199624 kB
KernelStack:       28832 kB
PageTables:        64776 kB
SecPageTables:      3504 kB
NFS_Unstable:          0 kB
Bounce:                0 kB
WritebackTmp:          0 kB
CommitLimit:    23624124 kB
Committed_AS:   19344288 kB
VmallocTotal:   34359738367 kB
VmallocUsed:      187856 kB
VmallocChunk:          0 kB
Percpu:            15680 kB
HardwareCorrupted:     0 kB
AnonHugePages:   1120256 kB
ShmemHugePages:    71680 kB
ShmemPmdMapped:    47104 kB
FileHugePages:    325632 kB
FilePmdMapped:    180224 kB
CmaTotal:              0 kB
CmaFree:               0 kB
Unaccepted:            0 kB
Balloon:               0 kB
HugePages_Total:       0
HugePages_Free:        0
HugePages_Rsvd:        0
HugePages_Surp:        0
Hugepagesize:       2048 kB
Hugetlb:               0 kB
DirectMap4k:     2113212 kB
DirectMap2M:    14041088 kB
DirectMap1G:     1048576 kB

/sys/kernel/mm/transparent_hugepage/enabled: [always] madvise never
/sys/kernel/mm/transparent_hugepage/hpage_pmd_size: 2097152
/sys/kernel/mm/transparent_hugepage/defrag (defrag/compaction efforts parameter): always defer [defer+madvise] madvise never

Process Memory:
Virtual Size: 7724396K (peak: 7923152K)
Resident Set Size: 131624K (peak: 356888K) (anon: 91864K, file: 39728K, shmem: 32K)
Swapped out: 0K
C-Heap outstanding allocations: 35431K, retained: 105476K
glibc malloc tunables: (default)

/proc/sys/kernel/threads-max (system-wide limit on the number of threads): 122738
/proc/sys/vm/max_map_count (maximum number of memory map areas a process may have): 1048576
/proc/sys/vm/swappiness (control to define how aggressively the kernel swaps out anonymous memory): 133
/proc/sys/kernel/pid_max (system-wide limit on number of process identifiers): 4194304

container information not found.
Steal ticks since vm start: 0
Steal ticks percentage since vm start:  0,000

CPU: total 16 (initial active 16) (16 cores per cpu, 2 threads per core) family 25 model 80 stepping 0 microcode 0xa500012, cx8, cmov, fxsr, ht, mmx, 3dnowpref, sse, sse2, sse3, ssse3, sse4a, sse4.1, sse4.2, popcnt, lzcnt, tsc, tscinvbit, avx, avx2, aes, erms, clmul, bmi1, bmi2, adx, sha, fma, vzeroupper, clflush, clflushopt, rdtscp, rdpid, fsrm, f16c, pku, ospke, cet_ss
CPU Model and flags from /proc/cpuinfo:
model name	: AMD Ryzen 7 5800HS with Radeon Graphics
flags		: fpu vme de pse tsc msr pae mce cx8 apic sep mtrr pge mca cmov pat pse36 clflush mmx fxsr sse sse2 ht syscall nx mmxext fxsr_opt pdpe1gb rdtscp lm constant_tsc rep_good nopl xtopology nonstop_tsc cpuid extd_apicid aperfmperf rapl pni pclmulqdq monitor ssse3 fma cx16 sse4_1 sse4_2 movbe popcnt aes xsave avx f16c rdrand lahf_lm cmp_legacy svm extapic cr8_legacy abm sse4a misalignsse 3dnowprefetch osvw ibs skinit wdt tce topoext perfctr_core perfctr_nb bpext perfctr_llc mwaitx cpb cat_l3 cdp_l3 hw_pstate ssbd mba ibrs ibpb stibp vmmcall fsgsbase bmi1 avx2 smep bmi2 erms invpcid cqm rdt_a rdseed adx smap clflushopt clwb sha_ni xsaveopt xsavec xgetbv1 xsaves cqm_llc cqm_occup_llc cqm_mbm_total cqm_mbm_local user_shstk clzero irperf xsaveerptr rdpru wbnoinvd cppc arat npt lbrv svm_lock nrip_save tsc_scale vmcb_clean flushbyasid decodeassists pausefilter pfthreshold avic v_vmsave_vmload vgif v_spec_ctrl umip pku ospke vaes vpclmulqdq rdpid overflow_recov succor smca fsrm debug_swap

Online cpus: 0-15
Offline cpus: 
BIOS frequency limitation: <Not Available>
Frequency switch latency (ns): 0
Available cpu frequencies: <Not Available>
Current governor: powersave
Core performance/turbo boost: 1

Memory: 4k page, physical 15750016k(8450344k free), swap 15749116k(15748196k free)
Page Sizes: 4k

vm_info: OpenJDK 64-Bit Server VM (21.0.10+7) for linux-amd64 JRE (21.0.10+7), built on 2026-01-21T09:21:17Z by "builduser" with gcc 15.2.1 20260103

END.
